2019-11-28 22:34:12,684 [MainThread  ] Experiment Allp-pretrain
2019-11-28 22:34:12,685 [MainThread  ] Receive config Namespace(batch_size=64, cache_neg=0, clip=0.5, data_dir='./data', device='cuda:0', dup_pos=8, exp_dir='./results/Allp-pretrain', exp_name='Allp-pretrain', finetune_ckpt_interval=0, finetune_learning_rate=0.0001, finetune_tasks=['cifar10_lp5'], finetune_total_iters=10000, finetune_val_interval=2000, finetune_weight_decay=0.01, load_ckpt='none', model='Allp', num_patches=16, num_queries=4, num_workers=16, pretrain_ckpt_interval=10000, pretrain_learning_rate=0.001, pretrain_task=['cifar10_un'], pretrain_total_iters=100000, pretrain_weight_decay=0.01, report_interval=250, results_dir='./results', transfer_paradigm='tunable', warmup_iters=1000)
2019-11-28 22:34:12,685 [MainThread  ] Start creating tasks
2019-11-28 22:34:12,685 [MainThread  ] Start loading data
2019-11-28 22:34:12,686 [MainThread  ] Loading cifar10_un data
2019-11-28 22:34:20,763 [MainThread  ] Loading cifar10_lp5 data
2019-11-28 22:34:23,023 [MainThread  ] Start creating models
2019-11-28 22:34:23,453 [MainThread  ] Loaded Allp model
2019-11-28 22:34:26,451 [MainThread  ] Setup trainer for cifar10_un
2019-11-28 22:34:26,452 [MainThread  ] Start training cifar10_un
2019-11-28 22:42:00,504 [MainThread  ] train batch 250 / 1562 (iter 250), current average result {'loss': tensor(0.8717, grad_fn=<DivBackward0>), 'jigsaw_acc': tensor(0.4048)}
2019-11-28 22:49:30,906 [MainThread  ] train batch 500 / 1562 (iter 500), current average result {'loss': tensor(0.8026, grad_fn=<DivBackward0>), 'jigsaw_acc': tensor(0.3869)}
2019-11-28 22:57:00,751 [MainThread  ] train batch 750 / 1562 (iter 750), current average result {'loss': tensor(0.7709, grad_fn=<DivBackward0>), 'jigsaw_acc': tensor(0.4213)}
2019-11-28 23:04:30,644 [MainThread  ] train batch 1000 / 1562 (iter 1000), current average result {'loss': tensor(0.7514, grad_fn=<DivBackward0>), 'jigsaw_acc': tensor(0.4499)}
2019-11-28 23:12:00,792 [MainThread  ] train batch 1250 / 1562 (iter 1250), current average result {'loss': tensor(0.7396, grad_fn=<DivBackward0>), 'jigsaw_acc': tensor(0.4687)}
2019-11-28 23:19:31,041 [MainThread  ] train batch 1500 / 1562 (iter 1500), current average result {'loss': tensor(0.7316, grad_fn=<DivBackward0>), 'jigsaw_acc': tensor(0.4825)}
2019-11-28 23:27:04,252 [MainThread  ] train batch 188 / 1562 (iter 1750), current average result {'loss': tensor(0.7259, grad_fn=<DivBackward0>), 'jigsaw_acc': tensor(0.4930)}
2019-11-28 23:34:34,735 [MainThread  ] train batch 438 / 1562 (iter 2000), current average result {'loss': tensor(0.7216, grad_fn=<DivBackward0>), 'jigsaw_acc': tensor(0.5018)}
2019-11-28 23:42:05,307 [MainThread  ] train batch 688 / 1562 (iter 2250), current average result {'loss': tensor(0.7182, grad_fn=<DivBackward0>), 'jigsaw_acc': tensor(0.5093)}
2019-11-28 23:49:36,000 [MainThread  ] train batch 938 / 1562 (iter 2500), current average result {'loss': tensor(0.7155, grad_fn=<DivBackward0>), 'jigsaw_acc': tensor(0.5151)}
2019-11-28 23:57:06,784 [MainThread  ] train batch 1188 / 1562 (iter 2750), current average result {'loss': tensor(0.7132, grad_fn=<DivBackward0>), 'jigsaw_acc': tensor(0.5207)}
2019-11-29 00:04:37,659 [MainThread  ] train batch 1438 / 1562 (iter 3000), current average result {'loss': tensor(0.7114, grad_fn=<DivBackward0>), 'jigsaw_acc': tensor(0.5255)}
2019-11-29 00:12:13,304 [MainThread  ] train batch 126 / 1562 (iter 3250), current average result {'loss': tensor(0.7098, grad_fn=<DivBackward0>), 'jigsaw_acc': tensor(0.5296)}
2019-11-29 00:19:44,336 [MainThread  ] train batch 376 / 1562 (iter 3500), current average result {'loss': tensor(0.7084, grad_fn=<DivBackward0>), 'jigsaw_acc': tensor(0.5331)}
2019-11-29 00:27:15,310 [MainThread  ] train batch 626 / 1562 (iter 3750), current average result {'loss': tensor(0.7072, grad_fn=<DivBackward0>), 'jigsaw_acc': tensor(0.5361)}
2019-11-29 00:34:46,217 [MainThread  ] train batch 876 / 1562 (iter 4000), current average result {'loss': tensor(0.7061, grad_fn=<DivBackward0>), 'jigsaw_acc': tensor(0.5389)}
2019-11-29 00:42:17,295 [MainThread  ] train batch 1126 / 1562 (iter 4250), current average result {'loss': tensor(0.7052, grad_fn=<DivBackward0>), 'jigsaw_acc': tensor(0.5414)}
2019-11-29 00:49:48,362 [MainThread  ] train batch 1376 / 1562 (iter 4500), current average result {'loss': tensor(1.8631, grad_fn=<DivBackward0>), 'jigsaw_acc': tensor(0.5185)}
2019-11-29 00:57:23,376 [MainThread  ] train batch 64 / 1562 (iter 4750), current average result {'loss': tensor(3.1991, grad_fn=<DivBackward0>), 'jigsaw_acc': tensor(0.4920)}
2019-11-29 01:04:54,719 [MainThread  ] train batch 314 / 1562 (iter 5000), current average result {'loss': tensor(4.4014, grad_fn=<DivBackward0>), 'jigsaw_acc': tensor(0.4681)}
2019-11-29 01:12:26,263 [MainThread  ] train batch 564 / 1562 (iter 5250), current average result {'loss': tensor(5.4893, grad_fn=<DivBackward0>), 'jigsaw_acc': tensor(0.4464)}
2019-11-29 01:19:57,890 [MainThread  ] train batch 814 / 1562 (iter 5500), current average result {'loss': tensor(6.4783, grad_fn=<DivBackward0>), 'jigsaw_acc': tensor(0.4268)}
2019-11-29 01:27:29,500 [MainThread  ] train batch 1064 / 1562 (iter 5750), current average result {'loss': tensor(7.3812, grad_fn=<DivBackward0>), 'jigsaw_acc': tensor(0.4088)}
2019-11-29 01:35:01,122 [MainThread  ] train batch 1314 / 1562 (iter 6000), current average result {'loss': tensor(8.2090, grad_fn=<DivBackward0>), 'jigsaw_acc': tensor(0.3924)}
2019-11-29 01:42:37,114 [MainThread  ] train batch 2 / 1562 (iter 6250), current average result {'loss': tensor(8.9705, grad_fn=<DivBackward0>), 'jigsaw_acc': tensor(0.3772)}
2019-11-29 01:50:08,708 [MainThread  ] train batch 252 / 1562 (iter 6500), current average result {'loss': tensor(9.6735, grad_fn=<DivBackward0>), 'jigsaw_acc': tensor(0.3633)}
2019-11-29 01:57:40,405 [MainThread  ] train batch 502 / 1562 (iter 6750), current average result {'loss': tensor(10.3245, grad_fn=<DivBackward0>), 'jigsaw_acc': tensor(0.3503)}
2019-11-29 02:05:12,165 [MainThread  ] train batch 752 / 1562 (iter 7000), current average result {'loss': tensor(10.9289, grad_fn=<DivBackward0>), 'jigsaw_acc': tensor(0.3383)}
2019-11-29 02:12:44,328 [MainThread  ] train batch 1002 / 1562 (iter 7250), current average result {'loss': tensor(10.7659, grad_fn=<DivBackward0>), 'jigsaw_acc': tensor(0.3351)}
2019-11-29 02:20:16,464 [MainThread  ] train batch 1252 / 1562 (iter 7500), current average result {'loss': tensor(10.4302, grad_fn=<DivBackward0>), 'jigsaw_acc': tensor(0.3386)}
2019-11-29 02:27:48,502 [MainThread  ] train batch 1502 / 1562 (iter 7750), current average result {'loss': tensor(10.1161, grad_fn=<DivBackward0>), 'jigsaw_acc': tensor(0.3421)}
2019-11-29 02:35:23,068 [MainThread  ] train batch 190 / 1562 (iter 8000), current average result {'loss': tensor(9.8217, grad_fn=<DivBackward0>), 'jigsaw_acc': tensor(0.3454)}
2019-11-29 02:42:55,245 [MainThread  ] train batch 440 / 1562 (iter 8250), current average result {'loss': tensor(9.5451, grad_fn=<DivBackward0>), 'jigsaw_acc': tensor(0.3487)}
2019-11-29 02:50:27,397 [MainThread  ] train batch 690 / 1562 (iter 8500), current average result {'loss': tensor(9.2848, grad_fn=<DivBackward0>), 'jigsaw_acc': tensor(0.3517)}
2019-11-29 02:57:59,635 [MainThread  ] train batch 940 / 1562 (iter 8750), current average result {'loss': tensor(9.0393, grad_fn=<DivBackward0>), 'jigsaw_acc': tensor(0.3547)}
2019-11-29 03:05:31,945 [MainThread  ] train batch 1190 / 1562 (iter 9000), current average result {'loss': tensor(8.8075, grad_fn=<DivBackward0>), 'jigsaw_acc': tensor(0.3575)}
2019-11-29 03:13:04,268 [MainThread  ] train batch 1440 / 1562 (iter 9250), current average result {'loss': tensor(8.5883, grad_fn=<DivBackward0>), 'jigsaw_acc': tensor(0.3602)}
2019-11-29 03:20:41,189 [MainThread  ] train batch 128 / 1562 (iter 9500), current average result {'loss': tensor(8.3805, grad_fn=<DivBackward0>), 'jigsaw_acc': tensor(0.3627)}
2019-11-29 03:28:13,446 [MainThread  ] train batch 378 / 1562 (iter 9750), current average result {'loss': tensor(8.1834, grad_fn=<DivBackward0>), 'jigsaw_acc': tensor(0.3652)}
2019-11-29 03:35:45,804 [MainThread  ] train batch 628 / 1562 (iter 10000), current average result {'loss': tensor(7.9962, grad_fn=<DivBackward0>), 'jigsaw_acc': tensor(0.3675)}
2019-11-29 03:35:45,948 [MainThread  ] Save parameters for ./results/Allp-pretrain/pretrain_cifar10_un_10000.ckpt
2019-11-29 03:43:18,456 [MainThread  ] train batch 878 / 1562 (iter 10250), current average result {'loss': tensor(7.8181, grad_fn=<DivBackward0>), 'jigsaw_acc': tensor(0.3698)}
2019-11-29 03:50:50,986 [MainThread  ] train batch 1128 / 1562 (iter 10500), current average result {'loss': tensor(7.6485, grad_fn=<DivBackward0>), 'jigsaw_acc': tensor(0.3719)}
2019-11-29 03:58:23,499 [MainThread  ] train batch 1378 / 1562 (iter 10750), current average result {'loss': tensor(7.4868, grad_fn=<DivBackward0>), 'jigsaw_acc': tensor(0.3740)}
2019-11-29 04:05:59,657 [MainThread  ] train batch 66 / 1562 (iter 11000), current average result {'loss': tensor(7.3324, grad_fn=<DivBackward0>), 'jigsaw_acc': tensor(0.3759)}
2019-11-29 04:13:32,323 [MainThread  ] train batch 316 / 1562 (iter 11250), current average result {'loss': tensor(7.1849, grad_fn=<DivBackward0>), 'jigsaw_acc': tensor(0.3779)}
2019-11-29 04:21:04,930 [MainThread  ] train batch 566 / 1562 (iter 11500), current average result {'loss': tensor(7.0438, grad_fn=<DivBackward0>), 'jigsaw_acc': tensor(0.3797)}
2019-11-29 04:28:37,428 [MainThread  ] train batch 816 / 1562 (iter 11750), current average result {'loss': tensor(6.9087, grad_fn=<DivBackward0>), 'jigsaw_acc': tensor(0.3815)}
2019-11-29 04:36:09,966 [MainThread  ] train batch 1066 / 1562 (iter 12000), current average result {'loss': tensor(6.7793, grad_fn=<DivBackward0>), 'jigsaw_acc': tensor(0.3832)}
2019-11-29 04:43:42,491 [MainThread  ] train batch 1316 / 1562 (iter 12250), current average result {'loss': tensor(6.6551, grad_fn=<DivBackward0>), 'jigsaw_acc': tensor(0.3849)}
2019-11-29 04:51:20,383 [MainThread  ] train batch 4 / 1562 (iter 12500), current average result {'loss': tensor(6.5359, grad_fn=<DivBackward0>), 'jigsaw_acc': tensor(0.3865)}
2019-11-29 04:58:52,961 [MainThread  ] train batch 254 / 1562 (iter 12750), current average result {'loss': tensor(6.4213, grad_fn=<DivBackward0>), 'jigsaw_acc': tensor(0.3880)}
2019-11-29 05:06:25,536 [MainThread  ] train batch 504 / 1562 (iter 13000), current average result {'loss': tensor(6.3112, grad_fn=<DivBackward0>), 'jigsaw_acc': tensor(0.3895)}
2019-11-29 05:13:58,130 [MainThread  ] train batch 754 / 1562 (iter 13250), current average result {'loss': tensor(6.2052, grad_fn=<DivBackward0>), 'jigsaw_acc': tensor(0.3910)}
2019-11-29 05:21:30,744 [MainThread  ] train batch 1004 / 1562 (iter 13500), current average result {'loss': tensor(6.1032, grad_fn=<DivBackward0>), 'jigsaw_acc': tensor(0.3924)}
2019-11-29 05:29:03,445 [MainThread  ] train batch 1254 / 1562 (iter 13750), current average result {'loss': tensor(6.0048, grad_fn=<DivBackward0>), 'jigsaw_acc': tensor(0.3938)}
2019-11-29 05:36:36,114 [MainThread  ] train batch 1504 / 1562 (iter 14000), current average result {'loss': tensor(5.9100, grad_fn=<DivBackward0>), 'jigsaw_acc': tensor(0.3951)}
2019-11-29 05:44:12,383 [MainThread  ] train batch 192 / 1562 (iter 14250), current average result {'loss': tensor(5.8185, grad_fn=<DivBackward0>), 'jigsaw_acc': tensor(0.3964)}
2019-11-29 05:51:45,027 [MainThread  ] train batch 442 / 1562 (iter 14500), current average result {'loss': tensor(5.7302, grad_fn=<DivBackward0>), 'jigsaw_acc': tensor(0.3977)}
2019-11-29 05:59:17,755 [MainThread  ] train batch 692 / 1562 (iter 14750), current average result {'loss': tensor(5.6448, grad_fn=<DivBackward0>), 'jigsaw_acc': tensor(0.3989)}
2019-11-29 06:06:50,489 [MainThread  ] train batch 942 / 1562 (iter 15000), current average result {'loss': tensor(5.5623, grad_fn=<DivBackward0>), 'jigsaw_acc': tensor(0.4001)}
2019-11-29 06:14:23,314 [MainThread  ] train batch 1192 / 1562 (iter 15250), current average result {'loss': tensor(5.4825, grad_fn=<DivBackward0>), 'jigsaw_acc': tensor(0.4013)}
2019-11-29 06:21:55,982 [MainThread  ] train batch 1442 / 1562 (iter 15500), current average result {'loss': tensor(5.4053, grad_fn=<DivBackward0>), 'jigsaw_acc': tensor(0.4024)}
2019-11-29 06:29:34,127 [MainThread  ] train batch 130 / 1562 (iter 15750), current average result {'loss': tensor(5.3305, grad_fn=<DivBackward0>), 'jigsaw_acc': tensor(0.4035)}
2019-11-29 06:37:06,900 [MainThread  ] train batch 380 / 1562 (iter 16000), current average result {'loss': tensor(5.2581, grad_fn=<DivBackward0>), 'jigsaw_acc': tensor(0.4046)}
2019-11-29 06:44:39,462 [MainThread  ] train batch 630 / 1562 (iter 16250), current average result {'loss': tensor(5.1878, grad_fn=<DivBackward0>), 'jigsaw_acc': tensor(0.4057)}
2019-11-29 06:52:12,004 [MainThread  ] train batch 880 / 1562 (iter 16500), current average result {'loss': tensor(5.1198, grad_fn=<DivBackward0>), 'jigsaw_acc': tensor(0.4067)}
2019-11-29 06:59:44,576 [MainThread  ] train batch 1130 / 1562 (iter 16750), current average result {'loss': tensor(5.0537, grad_fn=<DivBackward0>), 'jigsaw_acc': tensor(0.4077)}
2019-11-29 07:07:17,211 [MainThread  ] train batch 1380 / 1562 (iter 17000), current average result {'loss': tensor(4.9896, grad_fn=<DivBackward0>), 'jigsaw_acc': tensor(0.4087)}
2019-11-29 07:14:55,441 [MainThread  ] train batch 68 / 1562 (iter 17250), current average result {'loss': tensor(4.9274, grad_fn=<DivBackward0>), 'jigsaw_acc': tensor(0.4096)}
2019-11-29 07:22:28,058 [MainThread  ] train batch 318 / 1562 (iter 17500), current average result {'loss': tensor(4.8669, grad_fn=<DivBackward0>), 'jigsaw_acc': tensor(0.4106)}
2019-11-29 07:30:00,642 [MainThread  ] train batch 568 / 1562 (iter 17750), current average result {'loss': tensor(4.8081, grad_fn=<DivBackward0>), 'jigsaw_acc': tensor(0.4115)}
2019-11-29 07:37:33,411 [MainThread  ] train batch 818 / 1562 (iter 18000), current average result {'loss': tensor(4.7510, grad_fn=<DivBackward0>), 'jigsaw_acc': tensor(0.4124)}
2019-11-29 07:45:06,207 [MainThread  ] train batch 1068 / 1562 (iter 18250), current average result {'loss': tensor(4.6954, grad_fn=<DivBackward0>), 'jigsaw_acc': tensor(0.4133)}
2019-11-29 07:52:38,966 [MainThread  ] train batch 1318 / 1562 (iter 18500), current average result {'loss': tensor(4.6414, grad_fn=<DivBackward0>), 'jigsaw_acc': tensor(0.4141)}
2019-11-29 08:00:16,578 [MainThread  ] train batch 6 / 1562 (iter 18750), current average result {'loss': tensor(4.5887, grad_fn=<DivBackward0>), 'jigsaw_acc': tensor(0.4150)}
2019-11-29 08:07:49,343 [MainThread  ] train batch 256 / 1562 (iter 19000), current average result {'loss': tensor(4.5375, grad_fn=<DivBackward0>), 'jigsaw_acc': tensor(0.4158)}
2019-11-29 08:15:22,175 [MainThread  ] train batch 506 / 1562 (iter 19250), current average result {'loss': tensor(4.4876, grad_fn=<DivBackward0>), 'jigsaw_acc': tensor(0.4166)}
2019-11-29 08:22:55,059 [MainThread  ] train batch 756 / 1562 (iter 19500), current average result {'loss': tensor(4.4389, grad_fn=<DivBackward0>), 'jigsaw_acc': tensor(0.4174)}
2019-11-29 08:30:27,892 [MainThread  ] train batch 1006 / 1562 (iter 19750), current average result {'loss': tensor(4.3915, grad_fn=<DivBackward0>), 'jigsaw_acc': tensor(0.4182)}
2019-11-29 08:38:00,793 [MainThread  ] train batch 1256 / 1562 (iter 20000), current average result {'loss': tensor(4.3453, grad_fn=<DivBackward0>), 'jigsaw_acc': tensor(0.4189)}
2019-11-29 08:38:00,931 [MainThread  ] Save parameters for ./results/Allp-pretrain/pretrain_cifar10_un_20000.ckpt
2019-11-29 08:45:33,864 [MainThread  ] train batch 1506 / 1562 (iter 20250), current average result {'loss': tensor(4.3003, grad_fn=<DivBackward0>), 'jigsaw_acc': tensor(0.4197)}
2019-11-29 08:53:12,725 [MainThread  ] train batch 194 / 1562 (iter 20500), current average result {'loss': tensor(4.2563, grad_fn=<DivBackward0>), 'jigsaw_acc': tensor(0.4204)}
2019-11-29 09:00:45,745 [MainThread  ] train batch 444 / 1562 (iter 20750), current average result {'loss': tensor(4.2134, grad_fn=<DivBackward0>), 'jigsaw_acc': tensor(0.4211)}
2019-11-29 09:08:18,790 [MainThread  ] train batch 694 / 1562 (iter 21000), current average result {'loss': tensor(4.1715, grad_fn=<DivBackward0>), 'jigsaw_acc': tensor(0.4219)}
2019-11-29 09:15:51,863 [MainThread  ] train batch 944 / 1562 (iter 21250), current average result {'loss': tensor(4.1306, grad_fn=<DivBackward0>), 'jigsaw_acc': tensor(0.4226)}
2019-11-29 09:23:24,986 [MainThread  ] train batch 1194 / 1562 (iter 21500), current average result {'loss': tensor(4.0906, grad_fn=<DivBackward0>), 'jigsaw_acc': tensor(0.4233)}
2019-11-29 09:30:57,996 [MainThread  ] train batch 1444 / 1562 (iter 21750), current average result {'loss': tensor(4.0516, grad_fn=<DivBackward0>), 'jigsaw_acc': tensor(0.4239)}
2019-11-29 09:38:34,661 [MainThread  ] train batch 132 / 1562 (iter 22000), current average result {'loss': tensor(4.0134, grad_fn=<DivBackward0>), 'jigsaw_acc': tensor(0.4246)}
2019-11-29 09:46:07,649 [MainThread  ] train batch 382 / 1562 (iter 22250), current average result {'loss': tensor(3.9761, grad_fn=<DivBackward0>), 'jigsaw_acc': tensor(0.4252)}
2019-11-29 09:53:40,639 [MainThread  ] train batch 632 / 1562 (iter 22500), current average result {'loss': tensor(3.9397, grad_fn=<DivBackward0>), 'jigsaw_acc': tensor(0.4259)}
2019-11-29 10:01:13,725 [MainThread  ] train batch 882 / 1562 (iter 22750), current average result {'loss': tensor(3.9040, grad_fn=<DivBackward0>), 'jigsaw_acc': tensor(0.4265)}
2019-11-29 10:08:46,903 [MainThread  ] train batch 1132 / 1562 (iter 23000), current average result {'loss': tensor(3.8691, grad_fn=<DivBackward0>), 'jigsaw_acc': tensor(0.4271)}
2019-11-29 10:16:20,200 [MainThread  ] train batch 1382 / 1562 (iter 23250), current average result {'loss': tensor(3.8350, grad_fn=<DivBackward0>), 'jigsaw_acc': tensor(0.4278)}
2019-11-29 10:23:59,288 [MainThread  ] train batch 70 / 1562 (iter 23500), current average result {'loss': tensor(3.8016, grad_fn=<DivBackward0>), 'jigsaw_acc': tensor(0.4284)}
2019-11-29 10:31:32,336 [MainThread  ] train batch 320 / 1562 (iter 23750), current average result {'loss': tensor(3.7689, grad_fn=<DivBackward0>), 'jigsaw_acc': tensor(0.4290)}
2019-11-29 10:39:05,254 [MainThread  ] train batch 570 / 1562 (iter 24000), current average result {'loss': tensor(3.7369, grad_fn=<DivBackward0>), 'jigsaw_acc': tensor(0.4295)}
2019-11-29 10:46:38,059 [MainThread  ] train batch 820 / 1562 (iter 24250), current average result {'loss': tensor(3.7055, grad_fn=<DivBackward0>), 'jigsaw_acc': tensor(0.4301)}
2019-11-29 10:54:10,886 [MainThread  ] train batch 1070 / 1562 (iter 24500), current average result {'loss': tensor(3.6748, grad_fn=<DivBackward0>), 'jigsaw_acc': tensor(0.4307)}
2019-11-29 11:01:43,714 [MainThread  ] train batch 1320 / 1562 (iter 24750), current average result {'loss': tensor(3.6447, grad_fn=<DivBackward0>), 'jigsaw_acc': tensor(0.4312)}
2019-11-29 11:09:22,811 [MainThread  ] train batch 8 / 1562 (iter 25000), current average result {'loss': tensor(3.6152, grad_fn=<DivBackward0>), 'jigsaw_acc': tensor(0.4318)}
2019-11-29 11:16:55,811 [MainThread  ] train batch 258 / 1562 (iter 25250), current average result {'loss': tensor(3.5862, grad_fn=<DivBackward0>), 'jigsaw_acc': tensor(0.4323)}
2019-11-29 11:24:28,795 [MainThread  ] train batch 508 / 1562 (iter 25500), current average result {'loss': tensor(3.5579, grad_fn=<DivBackward0>), 'jigsaw_acc': tensor(0.4329)}
2019-11-29 11:32:01,843 [MainThread  ] train batch 758 / 1562 (iter 25750), current average result {'loss': tensor(3.5301, grad_fn=<DivBackward0>), 'jigsaw_acc': tensor(0.4334)}
2019-11-29 11:39:34,873 [MainThread  ] train batch 1008 / 1562 (iter 26000), current average result {'loss': tensor(3.5028, grad_fn=<DivBackward0>), 'jigsaw_acc': tensor(0.4339)}
2019-11-29 11:47:07,845 [MainThread  ] train batch 1258 / 1562 (iter 26250), current average result {'loss': tensor(3.4761, grad_fn=<DivBackward0>), 'jigsaw_acc': tensor(0.4344)}
2019-11-29 11:54:40,803 [MainThread  ] train batch 1508 / 1562 (iter 26500), current average result {'loss': tensor(3.4498, grad_fn=<DivBackward0>), 'jigsaw_acc': tensor(0.4349)}
2019-11-29 12:02:20,162 [MainThread  ] train batch 196 / 1562 (iter 26750), current average result {'loss': tensor(3.4241, grad_fn=<DivBackward0>), 'jigsaw_acc': tensor(0.4354)}
2019-11-29 12:09:53,123 [MainThread  ] train batch 446 / 1562 (iter 27000), current average result {'loss': tensor(3.3988, grad_fn=<DivBackward0>), 'jigsaw_acc': tensor(0.4359)}
2019-11-29 12:17:26,213 [MainThread  ] train batch 696 / 1562 (iter 27250), current average result {'loss': tensor(3.3740, grad_fn=<DivBackward0>), 'jigsaw_acc': tensor(0.4364)}
2019-11-29 12:24:59,412 [MainThread  ] train batch 946 / 1562 (iter 27500), current average result {'loss': tensor(3.3496, grad_fn=<DivBackward0>), 'jigsaw_acc': tensor(0.4369)}
2019-11-29 12:32:32,660 [MainThread  ] train batch 1196 / 1562 (iter 27750), current average result {'loss': tensor(3.3257, grad_fn=<DivBackward0>), 'jigsaw_acc': tensor(0.4373)}
2019-11-29 12:40:05,866 [MainThread  ] train batch 1446 / 1562 (iter 28000), current average result {'loss': tensor(3.3022, grad_fn=<DivBackward0>), 'jigsaw_acc': tensor(0.4378)}
2019-11-29 12:47:45,047 [MainThread  ] train batch 134 / 1562 (iter 28250), current average result {'loss': tensor(3.2791, grad_fn=<DivBackward0>), 'jigsaw_acc': tensor(0.4382)}
2019-11-29 12:55:18,388 [MainThread  ] train batch 384 / 1562 (iter 28500), current average result {'loss': tensor(3.2565, grad_fn=<DivBackward0>), 'jigsaw_acc': tensor(0.4387)}
2019-11-29 13:02:51,667 [MainThread  ] train batch 634 / 1562 (iter 28750), current average result {'loss': tensor(3.2342, grad_fn=<DivBackward0>), 'jigsaw_acc': tensor(0.4391)}
2019-11-29 13:10:24,913 [MainThread  ] train batch 884 / 1562 (iter 29000), current average result {'loss': tensor(3.2123, grad_fn=<DivBackward0>), 'jigsaw_acc': tensor(0.4395)}
2019-11-29 13:17:58,120 [MainThread  ] train batch 1134 / 1562 (iter 29250), current average result {'loss': tensor(3.1908, grad_fn=<DivBackward0>), 'jigsaw_acc': tensor(0.4400)}
2019-11-29 13:25:31,307 [MainThread  ] train batch 1384 / 1562 (iter 29500), current average result {'loss': tensor(3.1696, grad_fn=<DivBackward0>), 'jigsaw_acc': tensor(0.4404)}
2019-11-29 13:33:11,160 [MainThread  ] train batch 72 / 1562 (iter 29750), current average result {'loss': tensor(3.1488, grad_fn=<DivBackward0>), 'jigsaw_acc': tensor(0.4408)}
2019-11-29 13:40:43,925 [MainThread  ] train batch 322 / 1562 (iter 30000), current average result {'loss': tensor(3.1284, grad_fn=<DivBackward0>), 'jigsaw_acc': tensor(0.4412)}
2019-11-29 13:40:44,080 [MainThread  ] Save parameters for ./results/Allp-pretrain/pretrain_cifar10_un_30000.ckpt
2019-11-29 13:48:16,880 [MainThread  ] train batch 572 / 1562 (iter 30250), current average result {'loss': tensor(3.1083, grad_fn=<DivBackward0>), 'jigsaw_acc': tensor(0.4416)}
2019-11-29 13:55:49,580 [MainThread  ] train batch 822 / 1562 (iter 30500), current average result {'loss': tensor(3.0885, grad_fn=<DivBackward0>), 'jigsaw_acc': tensor(0.4420)}
2019-11-29 14:03:22,120 [MainThread  ] train batch 1072 / 1562 (iter 30750), current average result {'loss': tensor(3.0690, grad_fn=<DivBackward0>), 'jigsaw_acc': tensor(0.4424)}
2019-11-29 14:10:54,725 [MainThread  ] train batch 1322 / 1562 (iter 31000), current average result {'loss': tensor(3.0499, grad_fn=<DivBackward0>), 'jigsaw_acc': tensor(0.4428)}
2019-11-29 14:18:32,039 [MainThread  ] train batch 10 / 1562 (iter 31250), current average result {'loss': tensor(3.0310, grad_fn=<DivBackward0>), 'jigsaw_acc': tensor(0.4432)}
2019-11-29 14:26:04,872 [MainThread  ] train batch 260 / 1562 (iter 31500), current average result {'loss': tensor(3.0125, grad_fn=<DivBackward0>), 'jigsaw_acc': tensor(0.4435)}
2019-11-29 14:33:37,893 [MainThread  ] train batch 510 / 1562 (iter 31750), current average result {'loss': tensor(2.9942, grad_fn=<DivBackward0>), 'jigsaw_acc': tensor(0.4439)}
2019-11-29 14:41:10,927 [MainThread  ] train batch 760 / 1562 (iter 32000), current average result {'loss': tensor(2.9763, grad_fn=<DivBackward0>), 'jigsaw_acc': tensor(0.4443)}
2019-11-29 14:48:43,913 [MainThread  ] train batch 1010 / 1562 (iter 32250), current average result {'loss': tensor(2.9586, grad_fn=<DivBackward0>), 'jigsaw_acc': tensor(0.4446)}
2019-11-29 14:56:16,866 [MainThread  ] train batch 1260 / 1562 (iter 32500), current average result {'loss': tensor(2.9411, grad_fn=<DivBackward0>), 'jigsaw_acc': tensor(0.4450)}
2019-11-29 15:03:49,772 [MainThread  ] train batch 1510 / 1562 (iter 32750), current average result {'loss': tensor(2.9240, grad_fn=<DivBackward0>), 'jigsaw_acc': tensor(0.4453)}
2019-11-29 15:11:29,687 [MainThread  ] train batch 198 / 1562 (iter 33000), current average result {'loss': tensor(2.9071, grad_fn=<DivBackward0>), 'jigsaw_acc': tensor(0.4457)}
2019-11-29 15:19:02,749 [MainThread  ] train batch 448 / 1562 (iter 33250), current average result {'loss': tensor(2.8905, grad_fn=<DivBackward0>), 'jigsaw_acc': tensor(0.4460)}
2019-11-29 15:26:35,914 [MainThread  ] train batch 698 / 1562 (iter 33500), current average result {'loss': tensor(2.8741, grad_fn=<DivBackward0>), 'jigsaw_acc': tensor(0.4463)}
2019-11-29 15:34:09,178 [MainThread  ] train batch 948 / 1562 (iter 33750), current average result {'loss': tensor(2.8579, grad_fn=<DivBackward0>), 'jigsaw_acc': tensor(0.4467)}
2019-11-29 15:41:42,451 [MainThread  ] train batch 1198 / 1562 (iter 34000), current average result {'loss': tensor(2.8420, grad_fn=<DivBackward0>), 'jigsaw_acc': tensor(0.4470)}
2019-11-29 15:49:15,804 [MainThread  ] train batch 1448 / 1562 (iter 34250), current average result {'loss': tensor(2.8264, grad_fn=<DivBackward0>), 'jigsaw_acc': tensor(0.4473)}
2019-11-29 15:56:56,169 [MainThread  ] train batch 136 / 1562 (iter 34500), current average result {'loss': tensor(2.8109, grad_fn=<DivBackward0>), 'jigsaw_acc': tensor(0.4476)}
2019-11-29 16:04:29,560 [MainThread  ] train batch 386 / 1562 (iter 34750), current average result {'loss': tensor(2.7957, grad_fn=<DivBackward0>), 'jigsaw_acc': tensor(0.4479)}
2019-11-29 16:12:02,993 [MainThread  ] train batch 636 / 1562 (iter 35000), current average result {'loss': tensor(2.7807, grad_fn=<DivBackward0>), 'jigsaw_acc': tensor(0.4482)}
2019-11-29 16:19:36,404 [MainThread  ] train batch 886 / 1562 (iter 35250), current average result {'loss': tensor(2.7659, grad_fn=<DivBackward0>), 'jigsaw_acc': tensor(0.4485)}
2019-11-29 16:27:09,791 [MainThread  ] train batch 1136 / 1562 (iter 35500), current average result {'loss': tensor(2.7513, grad_fn=<DivBackward0>), 'jigsaw_acc': tensor(0.4488)}
2019-11-29 16:34:43,283 [MainThread  ] train batch 1386 / 1562 (iter 35750), current average result {'loss': tensor(2.7369, grad_fn=<DivBackward0>), 'jigsaw_acc': tensor(0.4491)}
2019-11-29 16:42:21,309 [MainThread  ] train batch 74 / 1562 (iter 36000), current average result {'loss': tensor(2.7227, grad_fn=<DivBackward0>), 'jigsaw_acc': tensor(0.4494)}
2019-11-29 16:49:54,744 [MainThread  ] train batch 324 / 1562 (iter 36250), current average result {'loss': tensor(2.7087, grad_fn=<DivBackward0>), 'jigsaw_acc': tensor(0.4497)}
2019-11-29 16:57:28,183 [MainThread  ] train batch 574 / 1562 (iter 36500), current average result {'loss': tensor(2.6949, grad_fn=<DivBackward0>), 'jigsaw_acc': tensor(0.4500)}
2019-11-29 17:05:01,521 [MainThread  ] train batch 824 / 1562 (iter 36750), current average result {'loss': tensor(2.6813, grad_fn=<DivBackward0>), 'jigsaw_acc': tensor(0.4502)}
2019-11-29 17:12:34,806 [MainThread  ] train batch 1074 / 1562 (iter 37000), current average result {'loss': tensor(2.6679, grad_fn=<DivBackward0>), 'jigsaw_acc': tensor(0.4505)}
2019-11-29 17:20:08,023 [MainThread  ] train batch 1324 / 1562 (iter 37250), current average result {'loss': tensor(2.6547, grad_fn=<DivBackward0>), 'jigsaw_acc': tensor(0.4508)}
2019-11-29 17:27:46,839 [MainThread  ] train batch 12 / 1562 (iter 37500), current average result {'loss': tensor(2.6416, grad_fn=<DivBackward0>), 'jigsaw_acc': tensor(0.4510)}
2019-11-29 17:35:19,910 [MainThread  ] train batch 262 / 1562 (iter 37750), current average result {'loss': tensor(2.6287, grad_fn=<DivBackward0>), 'jigsaw_acc': tensor(0.4513)}
2019-11-29 17:42:52,701 [MainThread  ] train batch 512 / 1562 (iter 38000), current average result {'loss': tensor(2.6160, grad_fn=<DivBackward0>), 'jigsaw_acc': tensor(0.4516)}
2019-11-29 17:50:25,545 [MainThread  ] train batch 762 / 1562 (iter 38250), current average result {'loss': tensor(2.6034, grad_fn=<DivBackward0>), 'jigsaw_acc': tensor(0.4518)}
2019-11-29 17:57:58,391 [MainThread  ] train batch 1012 / 1562 (iter 38500), current average result {'loss': tensor(2.5910, grad_fn=<DivBackward0>), 'jigsaw_acc': tensor(0.4521)}
2019-11-29 18:05:31,240 [MainThread  ] train batch 1262 / 1562 (iter 38750), current average result {'loss': tensor(2.5788, grad_fn=<DivBackward0>), 'jigsaw_acc': tensor(0.4523)}
2019-11-29 18:13:04,136 [MainThread  ] train batch 1512 / 1562 (iter 39000), current average result {'loss': tensor(2.5667, grad_fn=<DivBackward0>), 'jigsaw_acc': tensor(0.4526)}
2019-11-29 18:20:44,717 [MainThread  ] train batch 200 / 1562 (iter 39250), current average result {'loss': tensor(2.5548, grad_fn=<DivBackward0>), 'jigsaw_acc': tensor(0.4528)}
2019-11-29 18:28:17,950 [MainThread  ] train batch 450 / 1562 (iter 39500), current average result {'loss': tensor(2.5430, grad_fn=<DivBackward0>), 'jigsaw_acc': tensor(0.4530)}
2019-11-29 18:35:51,191 [MainThread  ] train batch 700 / 1562 (iter 39750), current average result {'loss': tensor(2.5314, grad_fn=<DivBackward0>), 'jigsaw_acc': tensor(0.4533)}
2019-11-29 18:43:24,484 [MainThread  ] train batch 950 / 1562 (iter 40000), current average result {'loss': tensor(2.5199, grad_fn=<DivBackward0>), 'jigsaw_acc': tensor(0.4535)}
2019-11-29 18:43:24,626 [MainThread  ] Save parameters for ./results/Allp-pretrain/pretrain_cifar10_un_40000.ckpt
2019-11-29 18:50:57,989 [MainThread  ] train batch 1200 / 1562 (iter 40250), current average result {'loss': tensor(2.5086, grad_fn=<DivBackward0>), 'jigsaw_acc': tensor(0.4537)}
2019-11-29 18:58:31,780 [MainThread  ] train batch 1450 / 1562 (iter 40500), current average result {'loss': tensor(2.4974, grad_fn=<DivBackward0>), 'jigsaw_acc': tensor(0.4540)}
2019-11-29 19:06:10,623 [MainThread  ] train batch 138 / 1562 (iter 40750), current average result {'loss': tensor(2.4863, grad_fn=<DivBackward0>), 'jigsaw_acc': tensor(0.4542)}
2019-11-29 19:13:44,167 [MainThread  ] train batch 388 / 1562 (iter 41000), current average result {'loss': tensor(2.4754, grad_fn=<DivBackward0>), 'jigsaw_acc': tensor(0.4544)}
2019-11-29 19:21:17,707 [MainThread  ] train batch 638 / 1562 (iter 41250), current average result {'loss': tensor(2.4646, grad_fn=<DivBackward0>), 'jigsaw_acc': tensor(0.4546)}
2019-11-29 19:28:50,829 [MainThread  ] train batch 888 / 1562 (iter 41500), current average result {'loss': tensor(2.4539, grad_fn=<DivBackward0>), 'jigsaw_acc': tensor(0.4548)}
2019-11-29 19:36:24,288 [MainThread  ] train batch 1138 / 1562 (iter 41750), current average result {'loss': tensor(2.4434, grad_fn=<DivBackward0>), 'jigsaw_acc': tensor(0.4551)}
2019-11-29 19:43:57,765 [MainThread  ] train batch 1388 / 1562 (iter 42000), current average result {'loss': tensor(2.4330, grad_fn=<DivBackward0>), 'jigsaw_acc': tensor(0.4553)}
2019-11-29 19:51:40,947 [MainThread  ] train batch 76 / 1562 (iter 42250), current average result {'loss': tensor(2.4227, grad_fn=<DivBackward0>), 'jigsaw_acc': tensor(0.4555)}
2019-11-29 19:59:14,377 [MainThread  ] train batch 326 / 1562 (iter 42500), current average result {'loss': tensor(2.4125, grad_fn=<DivBackward0>), 'jigsaw_acc': tensor(0.4557)}
2019-11-29 20:06:47,840 [MainThread  ] train batch 576 / 1562 (iter 42750), current average result {'loss': tensor(2.4025, grad_fn=<DivBackward0>), 'jigsaw_acc': tensor(0.4559)}
2019-11-29 20:14:21,387 [MainThread  ] train batch 826 / 1562 (iter 43000), current average result {'loss': tensor(2.3925, grad_fn=<DivBackward0>), 'jigsaw_acc': tensor(0.4561)}
2019-11-29 20:21:54,943 [MainThread  ] train batch 1076 / 1562 (iter 43250), current average result {'loss': tensor(2.3827, grad_fn=<DivBackward0>), 'jigsaw_acc': tensor(0.4563)}
2019-11-29 20:29:28,562 [MainThread  ] train batch 1326 / 1562 (iter 43500), current average result {'loss': tensor(2.3730, grad_fn=<DivBackward0>), 'jigsaw_acc': tensor(0.4564)}
2019-11-29 20:37:09,427 [MainThread  ] train batch 14 / 1562 (iter 43750), current average result {'loss': tensor(2.3634, grad_fn=<DivBackward0>), 'jigsaw_acc': tensor(0.4566)}
2019-11-29 20:44:43,124 [MainThread  ] train batch 264 / 1562 (iter 44000), current average result {'loss': tensor(2.3539, grad_fn=<DivBackward0>), 'jigsaw_acc': tensor(0.4568)}
2019-11-29 20:52:16,924 [MainThread  ] train batch 514 / 1562 (iter 44250), current average result {'loss': tensor(2.3446, grad_fn=<DivBackward0>), 'jigsaw_acc': tensor(0.4570)}
2019-11-29 20:59:50,668 [MainThread  ] train batch 764 / 1562 (iter 44500), current average result {'loss': tensor(2.3353, grad_fn=<DivBackward0>), 'jigsaw_acc': tensor(0.4572)}
2019-11-29 21:07:24,107 [MainThread  ] train batch 1014 / 1562 (iter 44750), current average result {'loss': tensor(2.3261, grad_fn=<DivBackward0>), 'jigsaw_acc': tensor(0.4574)}
2019-11-29 21:14:57,198 [MainThread  ] train batch 1264 / 1562 (iter 45000), current average result {'loss': tensor(2.3171, grad_fn=<DivBackward0>), 'jigsaw_acc': tensor(0.4575)}
2019-11-29 21:22:30,646 [MainThread  ] train batch 1514 / 1562 (iter 45250), current average result {'loss': tensor(2.3081, grad_fn=<DivBackward0>), 'jigsaw_acc': tensor(0.4577)}
2019-11-29 21:30:10,595 [MainThread  ] train batch 202 / 1562 (iter 45500), current average result {'loss': tensor(2.2992, grad_fn=<DivBackward0>), 'jigsaw_acc': tensor(0.4579)}
2019-11-29 21:37:44,567 [MainThread  ] train batch 452 / 1562 (iter 45750), current average result {'loss': tensor(2.2905, grad_fn=<DivBackward0>), 'jigsaw_acc': tensor(0.4581)}
2019-11-29 21:45:18,660 [MainThread  ] train batch 702 / 1562 (iter 46000), current average result {'loss': tensor(2.2818, grad_fn=<DivBackward0>), 'jigsaw_acc': tensor(0.4582)}
2019-11-29 21:52:52,736 [MainThread  ] train batch 952 / 1562 (iter 46250), current average result {'loss': tensor(2.2732, grad_fn=<DivBackward0>), 'jigsaw_acc': tensor(0.4584)}
2019-11-29 22:00:26,771 [MainThread  ] train batch 1202 / 1562 (iter 46500), current average result {'loss': tensor(2.2647, grad_fn=<DivBackward0>), 'jigsaw_acc': tensor(0.4586)}
2019-11-29 22:08:00,795 [MainThread  ] train batch 1452 / 1562 (iter 46750), current average result {'loss': tensor(2.2563, grad_fn=<DivBackward0>), 'jigsaw_acc': tensor(0.4587)}
2019-11-29 22:15:44,167 [MainThread  ] train batch 140 / 1562 (iter 47000), current average result {'loss': tensor(2.2480, grad_fn=<DivBackward0>), 'jigsaw_acc': tensor(0.4589)}
2019-11-29 22:23:18,366 [MainThread  ] train batch 390 / 1562 (iter 47250), current average result {'loss': tensor(2.2398, grad_fn=<DivBackward0>), 'jigsaw_acc': tensor(0.4590)}
2019-11-29 22:30:52,544 [MainThread  ] train batch 640 / 1562 (iter 47500), current average result {'loss': tensor(2.2317, grad_fn=<DivBackward0>), 'jigsaw_acc': tensor(0.4592)}
