2019-11-28 22:40:04,201 [MainThread  ] Experiment Exp-pretrain
2019-11-28 22:40:04,201 [MainThread  ] Receive config Namespace(batch_size=32, cache_neg=0, clip=0.5, data_dir='./data', device='cuda:0', dup_pos=8, exp_dir='./results/Exp-pretrain', exp_name='Exp-pretrain', finetune_ckpt_interval=0, finetune_learning_rate=0.0001, finetune_tasks=['cifar10_lp5'], finetune_total_iters=10000, finetune_val_interval=2000, finetune_weight_decay=0.01, load_ckpt='none', model='Exp', num_patches=16, num_queries=4, num_workers=16, pretrain_ckpt_interval=10000, pretrain_learning_rate=0.001, pretrain_task=['cifar10_un'], pretrain_total_iters=100000, pretrain_weight_decay=0.01, report_interval=250, results_dir='./results', transfer_paradigm='tunable', warmup_iters=1000)
2019-11-28 22:40:04,202 [MainThread  ] Start creating tasks
2019-11-28 22:40:04,202 [MainThread  ] Start loading data
2019-11-28 22:40:04,202 [MainThread  ] Loading cifar10_un data
2019-11-28 22:40:12,718 [MainThread  ] Loading cifar10_lp5 data
2019-11-28 22:40:14,949 [MainThread  ] Start creating models
2019-11-28 22:40:15,505 [MainThread  ] Loaded Exp model
2019-11-28 22:40:19,557 [MainThread  ] Setup trainer for cifar10_un
2019-11-28 22:40:19,558 [MainThread  ] Start training cifar10_un
2019-11-28 22:45:26,592 [MainThread  ] train batch 250 / 3125 (iter 250), current average result {'loss': tensor(0.7909, grad_fn=<DivBackward0>), 'jigsaw_acc': tensor(0.3547)}
2019-11-28 22:50:32,635 [MainThread  ] train batch 500 / 3125 (iter 500), current average result {'loss': tensor(0.7589, grad_fn=<DivBackward0>), 'jigsaw_acc': tensor(0.3282)}
2019-11-28 22:55:37,358 [MainThread  ] train batch 750 / 3125 (iter 750), current average result {'loss': tensor(0.7376, grad_fn=<DivBackward0>), 'jigsaw_acc': tensor(0.3821)}
2019-11-28 23:00:41,778 [MainThread  ] train batch 1000 / 3125 (iter 1000), current average result {'loss': tensor(0.7261, grad_fn=<DivBackward0>), 'jigsaw_acc': tensor(0.4141)}
2019-11-28 23:05:46,436 [MainThread  ] train batch 1250 / 3125 (iter 1250), current average result {'loss': tensor(0.7192, grad_fn=<DivBackward0>), 'jigsaw_acc': tensor(0.4342)}
2019-11-28 23:10:51,219 [MainThread  ] train batch 1500 / 3125 (iter 1500), current average result {'loss': tensor(0.7145, grad_fn=<DivBackward0>), 'jigsaw_acc': tensor(0.4481)}
2019-11-28 23:15:56,072 [MainThread  ] train batch 1750 / 3125 (iter 1750), current average result {'loss': tensor(0.7111, grad_fn=<DivBackward0>), 'jigsaw_acc': tensor(0.4582)}
2019-11-28 23:21:01,079 [MainThread  ] train batch 2000 / 3125 (iter 2000), current average result {'loss': tensor(0.7085, grad_fn=<DivBackward0>), 'jigsaw_acc': tensor(0.4659)}
2019-11-28 23:26:05,799 [MainThread  ] train batch 2250 / 3125 (iter 2250), current average result {'loss': tensor(0.7065, grad_fn=<DivBackward0>), 'jigsaw_acc': tensor(0.4719)}
2019-11-28 23:31:10,430 [MainThread  ] train batch 2500 / 3125 (iter 2500), current average result {'loss': tensor(0.7049, grad_fn=<DivBackward0>), 'jigsaw_acc': tensor(0.4769)}
2019-11-28 23:36:15,692 [MainThread  ] train batch 2750 / 3125 (iter 2750), current average result {'loss': tensor(0.7035, grad_fn=<DivBackward0>), 'jigsaw_acc': tensor(0.4809)}
2019-11-28 23:41:20,730 [MainThread  ] train batch 3000 / 3125 (iter 3000), current average result {'loss': tensor(0.7024, grad_fn=<DivBackward0>), 'jigsaw_acc': tensor(0.4843)}
2019-11-28 23:46:28,254 [MainThread  ] train batch 125 / 3125 (iter 3250), current average result {'loss': tensor(0.7841, grad_fn=<DivBackward0>), 'jigsaw_acc': tensor(0.4850)}
2019-11-28 23:51:33,219 [MainThread  ] train batch 375 / 3125 (iter 3500), current average result {'loss': tensor(2.6469, grad_fn=<DivBackward0>), 'jigsaw_acc': tensor(0.4523)}
2019-11-28 23:56:38,005 [MainThread  ] train batch 625 / 3125 (iter 3750), current average result {'loss': tensor(4.2614, grad_fn=<DivBackward0>), 'jigsaw_acc': tensor(0.4240)}
2019-11-29 00:01:43,012 [MainThread  ] train batch 875 / 3125 (iter 4000), current average result {'loss': tensor(5.6740, grad_fn=<DivBackward0>), 'jigsaw_acc': tensor(0.3993)}
2019-11-29 00:06:48,192 [MainThread  ] train batch 1125 / 3125 (iter 4250), current average result {'loss': tensor(6.9204, grad_fn=<DivBackward0>), 'jigsaw_acc': tensor(0.3774)}
2019-11-29 00:11:53,222 [MainThread  ] train batch 1375 / 3125 (iter 4500), current average result {'loss': tensor(8.0284, grad_fn=<DivBackward0>), 'jigsaw_acc': tensor(0.3580)}
2019-11-29 00:16:58,349 [MainThread  ] train batch 1625 / 3125 (iter 4750), current average result {'loss': tensor(9.0198, grad_fn=<DivBackward0>), 'jigsaw_acc': tensor(0.3406)}
2019-11-29 00:22:03,369 [MainThread  ] train batch 1875 / 3125 (iter 5000), current average result {'loss': tensor(9.9120, grad_fn=<DivBackward0>), 'jigsaw_acc': tensor(0.3250)}
2019-11-29 00:27:08,295 [MainThread  ] train batch 2125 / 3125 (iter 5250), current average result {'loss': tensor(10.7193, grad_fn=<DivBackward0>), 'jigsaw_acc': tensor(0.3108)}
2019-11-29 00:32:13,298 [MainThread  ] train batch 2375 / 3125 (iter 5500), current average result {'loss': tensor(11.4530, grad_fn=<DivBackward0>), 'jigsaw_acc': tensor(0.2980)}
2019-11-29 00:37:18,502 [MainThread  ] train batch 2625 / 3125 (iter 5750), current average result {'loss': tensor(12.1229, grad_fn=<DivBackward0>), 'jigsaw_acc': tensor(0.2862)}
2019-11-29 00:42:23,763 [MainThread  ] train batch 2875 / 3125 (iter 6000), current average result {'loss': tensor(12.7370, grad_fn=<DivBackward0>), 'jigsaw_acc': tensor(0.2754)}
2019-11-29 00:47:28,857 [MainThread  ] train batch 3125 / 3125 (iter 6250), current average result {'loss': tensor(13.3020, grad_fn=<DivBackward0>), 'jigsaw_acc': tensor(0.2655)}
2019-11-29 00:52:36,705 [MainThread  ] train batch 250 / 3125 (iter 6500), current average result {'loss': tensor(13.8235, grad_fn=<DivBackward0>), 'jigsaw_acc': tensor(0.2564)}
2019-11-29 00:57:41,817 [MainThread  ] train batch 500 / 3125 (iter 6750), current average result {'loss': tensor(14.3064, grad_fn=<DivBackward0>), 'jigsaw_acc': tensor(0.2479)}
2019-11-29 01:02:46,952 [MainThread  ] train batch 750 / 3125 (iter 7000), current average result {'loss': tensor(14.7548, grad_fn=<DivBackward0>), 'jigsaw_acc': tensor(0.2401)}
2019-11-29 01:07:52,074 [MainThread  ] train batch 1000 / 3125 (iter 7250), current average result {'loss': tensor(15.1722, grad_fn=<DivBackward0>), 'jigsaw_acc': tensor(0.2327)}
2019-11-29 01:12:57,311 [MainThread  ] train batch 1250 / 3125 (iter 7500), current average result {'loss': tensor(15.5619, grad_fn=<DivBackward0>), 'jigsaw_acc': tensor(0.2259)}
2019-11-29 01:18:02,629 [MainThread  ] train batch 1500 / 3125 (iter 7750), current average result {'loss': tensor(15.9263, grad_fn=<DivBackward0>), 'jigsaw_acc': tensor(0.2195)}
2019-11-29 01:23:07,822 [MainThread  ] train batch 1750 / 3125 (iter 8000), current average result {'loss': tensor(16.2681, grad_fn=<DivBackward0>), 'jigsaw_acc': tensor(0.2135)}
2019-11-29 01:28:13,068 [MainThread  ] train batch 2000 / 3125 (iter 8250), current average result {'loss': tensor(16.5891, grad_fn=<DivBackward0>), 'jigsaw_acc': tensor(0.2079)}
2019-11-29 01:33:18,416 [MainThread  ] train batch 2250 / 3125 (iter 8500), current average result {'loss': tensor(16.8912, grad_fn=<DivBackward0>), 'jigsaw_acc': tensor(0.2026)}
2019-11-29 01:38:23,875 [MainThread  ] train batch 2500 / 3125 (iter 8750), current average result {'loss': tensor(17.1760, grad_fn=<DivBackward0>), 'jigsaw_acc': tensor(0.1976)}
2019-11-29 01:43:29,286 [MainThread  ] train batch 2750 / 3125 (iter 9000), current average result {'loss': tensor(17.4451, grad_fn=<DivBackward0>), 'jigsaw_acc': tensor(0.1929)}
2019-11-29 01:48:34,618 [MainThread  ] train batch 3000 / 3125 (iter 9250), current average result {'loss': tensor(17.6996, grad_fn=<DivBackward0>), 'jigsaw_acc': tensor(0.1884)}
2019-11-29 01:53:44,345 [MainThread  ] train batch 125 / 3125 (iter 9500), current average result {'loss': tensor(17.9406, grad_fn=<DivBackward0>), 'jigsaw_acc': tensor(0.1842)}
2019-11-29 01:58:49,690 [MainThread  ] train batch 375 / 3125 (iter 9750), current average result {'loss': tensor(18.1694, grad_fn=<DivBackward0>), 'jigsaw_acc': tensor(0.1802)}
2019-11-29 02:03:54,984 [MainThread  ] train batch 625 / 3125 (iter 10000), current average result {'loss': tensor(18.3867, grad_fn=<DivBackward0>), 'jigsaw_acc': tensor(0.1764)}
2019-11-29 02:03:55,292 [MainThread  ] Save parameters for ./results/Exp-pretrain/pretrain_cifar10_un_10000.ckpt
2019-11-29 02:09:00,483 [MainThread  ] train batch 875 / 3125 (iter 10250), current average result {'loss': tensor(18.5934, grad_fn=<DivBackward0>), 'jigsaw_acc': tensor(0.1728)}
2019-11-29 02:14:05,585 [MainThread  ] train batch 1125 / 3125 (iter 10500), current average result {'loss': tensor(18.7902, grad_fn=<DivBackward0>), 'jigsaw_acc': tensor(0.1693)}
2019-11-29 02:19:10,671 [MainThread  ] train batch 1375 / 3125 (iter 10750), current average result {'loss': tensor(18.9779, grad_fn=<DivBackward0>), 'jigsaw_acc': tensor(0.1660)}
2019-11-29 02:24:15,596 [MainThread  ] train batch 1625 / 3125 (iter 11000), current average result {'loss': tensor(19.1571, grad_fn=<DivBackward0>), 'jigsaw_acc': tensor(0.1629)}
2019-11-29 02:29:20,601 [MainThread  ] train batch 1875 / 3125 (iter 11250), current average result {'loss': tensor(19.3283, grad_fn=<DivBackward0>), 'jigsaw_acc': tensor(0.1599)}
2019-11-29 02:34:25,688 [MainThread  ] train batch 2125 / 3125 (iter 11500), current average result {'loss': tensor(19.4920, grad_fn=<DivBackward0>), 'jigsaw_acc': tensor(0.1570)}
2019-11-29 02:39:30,676 [MainThread  ] train batch 2375 / 3125 (iter 11750), current average result {'loss': tensor(19.6488, grad_fn=<DivBackward0>), 'jigsaw_acc': tensor(0.1542)}
2019-11-29 02:44:35,770 [MainThread  ] train batch 2625 / 3125 (iter 12000), current average result {'loss': tensor(19.7991, grad_fn=<DivBackward0>), 'jigsaw_acc': tensor(0.1516)}
2019-11-29 02:49:40,956 [MainThread  ] train batch 2875 / 3125 (iter 12250), current average result {'loss': tensor(19.9432, grad_fn=<DivBackward0>), 'jigsaw_acc': tensor(0.1491)}
2019-11-29 02:54:46,166 [MainThread  ] train batch 3125 / 3125 (iter 12500), current average result {'loss': tensor(20.0816, grad_fn=<DivBackward0>), 'jigsaw_acc': tensor(0.1467)}
2019-11-29 02:59:56,060 [MainThread  ] train batch 250 / 3125 (iter 12750), current average result {'loss': tensor(20.2145, grad_fn=<DivBackward0>), 'jigsaw_acc': tensor(0.1443)}
2019-11-29 03:05:01,275 [MainThread  ] train batch 500 / 3125 (iter 13000), current average result {'loss': tensor(20.3423, grad_fn=<DivBackward0>), 'jigsaw_acc': tensor(0.1421)}
2019-11-29 03:10:06,722 [MainThread  ] train batch 750 / 3125 (iter 13250), current average result {'loss': tensor(20.4653, grad_fn=<DivBackward0>), 'jigsaw_acc': tensor(0.1399)}
2019-11-29 03:15:12,054 [MainThread  ] train batch 1000 / 3125 (iter 13500), current average result {'loss': tensor(20.5837, grad_fn=<DivBackward0>), 'jigsaw_acc': tensor(0.1379)}
2019-11-29 03:20:17,486 [MainThread  ] train batch 1250 / 3125 (iter 13750), current average result {'loss': tensor(20.6979, grad_fn=<DivBackward0>), 'jigsaw_acc': tensor(0.1358)}
2019-11-29 03:25:22,929 [MainThread  ] train batch 1500 / 3125 (iter 14000), current average result {'loss': tensor(20.8079, grad_fn=<DivBackward0>), 'jigsaw_acc': tensor(0.1339)}
2019-11-29 03:30:28,464 [MainThread  ] train batch 1750 / 3125 (iter 14250), current average result {'loss': tensor(20.9141, grad_fn=<DivBackward0>), 'jigsaw_acc': tensor(0.1321)}
2019-11-29 03:35:34,002 [MainThread  ] train batch 2000 / 3125 (iter 14500), current average result {'loss': tensor(21.0167, grad_fn=<DivBackward0>), 'jigsaw_acc': tensor(0.1303)}
2019-11-29 03:40:39,737 [MainThread  ] train batch 2250 / 3125 (iter 14750), current average result {'loss': tensor(21.1157, grad_fn=<DivBackward0>), 'jigsaw_acc': tensor(0.1285)}
2019-11-29 03:45:45,307 [MainThread  ] train batch 2500 / 3125 (iter 15000), current average result {'loss': tensor(21.2115, grad_fn=<DivBackward0>), 'jigsaw_acc': tensor(0.1268)}
2019-11-29 03:50:50,894 [MainThread  ] train batch 2750 / 3125 (iter 15250), current average result {'loss': tensor(21.3041, grad_fn=<DivBackward0>), 'jigsaw_acc': tensor(0.1252)}
2019-11-29 03:55:56,628 [MainThread  ] train batch 3000 / 3125 (iter 15500), current average result {'loss': tensor(21.3937, grad_fn=<DivBackward0>), 'jigsaw_acc': tensor(0.1236)}
2019-11-29 04:01:07,395 [MainThread  ] train batch 125 / 3125 (iter 15750), current average result {'loss': tensor(21.4805, grad_fn=<DivBackward0>), 'jigsaw_acc': tensor(0.1221)}
2019-11-29 04:06:12,915 [MainThread  ] train batch 375 / 3125 (iter 16000), current average result {'loss': tensor(21.5646, grad_fn=<DivBackward0>), 'jigsaw_acc': tensor(0.1207)}
2019-11-29 04:11:18,383 [MainThread  ] train batch 625 / 3125 (iter 16250), current average result {'loss': tensor(21.6461, grad_fn=<DivBackward0>), 'jigsaw_acc': tensor(0.1192)}
2019-11-29 04:16:23,929 [MainThread  ] train batch 875 / 3125 (iter 16500), current average result {'loss': tensor(21.7251, grad_fn=<DivBackward0>), 'jigsaw_acc': tensor(0.1178)}
2019-11-29 04:21:29,310 [MainThread  ] train batch 1125 / 3125 (iter 16750), current average result {'loss': tensor(21.8017, grad_fn=<DivBackward0>), 'jigsaw_acc': tensor(0.1165)}
2019-11-29 04:26:34,773 [MainThread  ] train batch 1375 / 3125 (iter 17000), current average result {'loss': tensor(21.8761, grad_fn=<DivBackward0>), 'jigsaw_acc': tensor(0.1152)}
2019-11-29 04:31:40,252 [MainThread  ] train batch 1625 / 3125 (iter 17250), current average result {'loss': tensor(21.9484, grad_fn=<DivBackward0>), 'jigsaw_acc': tensor(0.1139)}
2019-11-29 04:36:45,655 [MainThread  ] train batch 1875 / 3125 (iter 17500), current average result {'loss': tensor(22.0186, grad_fn=<DivBackward0>), 'jigsaw_acc': tensor(0.1127)}
2019-11-29 04:41:51,017 [MainThread  ] train batch 2125 / 3125 (iter 17750), current average result {'loss': tensor(22.0868, grad_fn=<DivBackward0>), 'jigsaw_acc': tensor(0.1115)}
2019-11-29 04:46:56,386 [MainThread  ] train batch 2375 / 3125 (iter 18000), current average result {'loss': tensor(22.1531, grad_fn=<DivBackward0>), 'jigsaw_acc': tensor(0.1103)}
2019-11-29 04:52:01,828 [MainThread  ] train batch 2625 / 3125 (iter 18250), current average result {'loss': tensor(22.2176, grad_fn=<DivBackward0>), 'jigsaw_acc': tensor(0.1092)}
2019-11-29 04:57:07,535 [MainThread  ] train batch 2875 / 3125 (iter 18500), current average result {'loss': tensor(22.2803, grad_fn=<DivBackward0>), 'jigsaw_acc': tensor(0.1081)}
2019-11-29 05:02:13,321 [MainThread  ] train batch 3125 / 3125 (iter 18750), current average result {'loss': tensor(22.3414, grad_fn=<DivBackward0>), 'jigsaw_acc': tensor(0.1070)}
2019-11-29 05:07:24,718 [MainThread  ] train batch 250 / 3125 (iter 19000), current average result {'loss': tensor(22.4009, grad_fn=<DivBackward0>), 'jigsaw_acc': tensor(0.1060)}
2019-11-29 05:12:30,290 [MainThread  ] train batch 500 / 3125 (iter 19250), current average result {'loss': tensor(22.4588, grad_fn=<DivBackward0>), 'jigsaw_acc': tensor(0.1050)}
2019-11-29 05:17:35,906 [MainThread  ] train batch 750 / 3125 (iter 19500), current average result {'loss': tensor(22.5152, grad_fn=<DivBackward0>), 'jigsaw_acc': tensor(0.1040)}
2019-11-29 05:22:41,496 [MainThread  ] train batch 1000 / 3125 (iter 19750), current average result {'loss': tensor(22.5703, grad_fn=<DivBackward0>), 'jigsaw_acc': tensor(0.1030)}
2019-11-29 05:27:47,120 [MainThread  ] train batch 1250 / 3125 (iter 20000), current average result {'loss': tensor(22.6239, grad_fn=<DivBackward0>), 'jigsaw_acc': tensor(0.1021)}
2019-11-29 05:27:47,428 [MainThread  ] Save parameters for ./results/Exp-pretrain/pretrain_cifar10_un_20000.ckpt
2019-11-29 05:32:53,190 [MainThread  ] train batch 1500 / 3125 (iter 20250), current average result {'loss': tensor(22.6762, grad_fn=<DivBackward0>), 'jigsaw_acc': tensor(0.1012)}
2019-11-29 05:37:58,900 [MainThread  ] train batch 1750 / 3125 (iter 20500), current average result {'loss': tensor(22.7272, grad_fn=<DivBackward0>), 'jigsaw_acc': tensor(0.1003)}
2019-11-29 05:43:04,650 [MainThread  ] train batch 2000 / 3125 (iter 20750), current average result {'loss': tensor(22.7774, grad_fn=<DivBackward0>), 'jigsaw_acc': tensor(0.0994)}
2019-11-29 05:48:10,452 [MainThread  ] train batch 2250 / 3125 (iter 21000), current average result {'loss': tensor(22.8263, grad_fn=<DivBackward0>), 'jigsaw_acc': tensor(0.0985)}
2019-11-29 05:53:16,325 [MainThread  ] train batch 2500 / 3125 (iter 21250), current average result {'loss': tensor(22.8741, grad_fn=<DivBackward0>), 'jigsaw_acc': tensor(0.0977)}
2019-11-29 05:58:22,236 [MainThread  ] train batch 2750 / 3125 (iter 21500), current average result {'loss': tensor(22.9208, grad_fn=<DivBackward0>), 'jigsaw_acc': tensor(0.0969)}
2019-11-29 06:03:28,209 [MainThread  ] train batch 3000 / 3125 (iter 21750), current average result {'loss': tensor(22.9664, grad_fn=<DivBackward0>), 'jigsaw_acc': tensor(0.0961)}
2019-11-29 06:08:40,555 [MainThread  ] train batch 125 / 3125 (iter 22000), current average result {'loss': tensor(23.0110, grad_fn=<DivBackward0>), 'jigsaw_acc': tensor(0.0953)}
2019-11-29 06:13:46,512 [MainThread  ] train batch 375 / 3125 (iter 22250), current average result {'loss': tensor(23.0546, grad_fn=<DivBackward0>), 'jigsaw_acc': tensor(0.0946)}
2019-11-29 06:18:52,496 [MainThread  ] train batch 625 / 3125 (iter 22500), current average result {'loss': tensor(23.0972, grad_fn=<DivBackward0>), 'jigsaw_acc': tensor(0.0938)}
2019-11-29 06:23:58,545 [MainThread  ] train batch 875 / 3125 (iter 22750), current average result {'loss': tensor(23.1388, grad_fn=<DivBackward0>), 'jigsaw_acc': tensor(0.0931)}
2019-11-29 06:29:04,453 [MainThread  ] train batch 1125 / 3125 (iter 23000), current average result {'loss': tensor(23.1796, grad_fn=<DivBackward0>), 'jigsaw_acc': tensor(0.0924)}
2019-11-29 06:34:10,303 [MainThread  ] train batch 1375 / 3125 (iter 23250), current average result {'loss': tensor(23.2195, grad_fn=<DivBackward0>), 'jigsaw_acc': tensor(0.0917)}
2019-11-29 06:39:15,969 [MainThread  ] train batch 1625 / 3125 (iter 23500), current average result {'loss': tensor(23.2585, grad_fn=<DivBackward0>), 'jigsaw_acc': tensor(0.0910)}
2019-11-29 06:44:21,741 [MainThread  ] train batch 1875 / 3125 (iter 23750), current average result {'loss': tensor(23.2967, grad_fn=<DivBackward0>), 'jigsaw_acc': tensor(0.0903)}
2019-11-29 06:49:27,393 [MainThread  ] train batch 2125 / 3125 (iter 24000), current average result {'loss': tensor(23.3341, grad_fn=<DivBackward0>), 'jigsaw_acc': tensor(0.0897)}
2019-11-29 06:54:33,079 [MainThread  ] train batch 2375 / 3125 (iter 24250), current average result {'loss': tensor(23.3708, grad_fn=<DivBackward0>), 'jigsaw_acc': tensor(0.0891)}
2019-11-29 06:59:38,848 [MainThread  ] train batch 2625 / 3125 (iter 24500), current average result {'loss': tensor(23.4067, grad_fn=<DivBackward0>), 'jigsaw_acc': tensor(0.0884)}
2019-11-29 07:04:44,638 [MainThread  ] train batch 2875 / 3125 (iter 24750), current average result {'loss': tensor(23.4419, grad_fn=<DivBackward0>), 'jigsaw_acc': tensor(0.0878)}
2019-11-29 07:09:50,435 [MainThread  ] train batch 3125 / 3125 (iter 25000), current average result {'loss': tensor(23.4763, grad_fn=<DivBackward0>), 'jigsaw_acc': tensor(0.0872)}
2019-11-29 07:15:02,272 [MainThread  ] train batch 250 / 3125 (iter 25250), current average result {'loss': tensor(23.5101, grad_fn=<DivBackward0>), 'jigsaw_acc': tensor(0.0866)}
2019-11-29 07:20:08,019 [MainThread  ] train batch 500 / 3125 (iter 25500), current average result {'loss': tensor(23.5432, grad_fn=<DivBackward0>), 'jigsaw_acc': tensor(0.0861)}
2019-11-29 07:25:13,803 [MainThread  ] train batch 750 / 3125 (iter 25750), current average result {'loss': tensor(23.5757, grad_fn=<DivBackward0>), 'jigsaw_acc': tensor(0.0855)}
2019-11-29 07:30:19,467 [MainThread  ] train batch 1000 / 3125 (iter 26000), current average result {'loss': tensor(23.6076, grad_fn=<DivBackward0>), 'jigsaw_acc': tensor(0.0849)}
2019-11-29 07:35:25,107 [MainThread  ] train batch 1250 / 3125 (iter 26250), current average result {'loss': tensor(23.6388, grad_fn=<DivBackward0>), 'jigsaw_acc': tensor(0.0844)}
2019-11-29 07:40:30,608 [MainThread  ] train batch 1500 / 3125 (iter 26500), current average result {'loss': tensor(23.6695, grad_fn=<DivBackward0>), 'jigsaw_acc': tensor(0.0839)}
2019-11-29 07:45:36,188 [MainThread  ] train batch 1750 / 3125 (iter 26750), current average result {'loss': tensor(23.6996, grad_fn=<DivBackward0>), 'jigsaw_acc': tensor(0.0833)}
2019-11-29 07:50:41,786 [MainThread  ] train batch 2000 / 3125 (iter 27000), current average result {'loss': tensor(23.7291, grad_fn=<DivBackward0>), 'jigsaw_acc': tensor(0.0828)}
2019-11-29 07:55:47,400 [MainThread  ] train batch 2250 / 3125 (iter 27250), current average result {'loss': tensor(23.7581, grad_fn=<DivBackward0>), 'jigsaw_acc': tensor(0.0823)}
2019-11-29 08:00:52,961 [MainThread  ] train batch 2500 / 3125 (iter 27500), current average result {'loss': tensor(23.7866, grad_fn=<DivBackward0>), 'jigsaw_acc': tensor(0.0818)}
2019-11-29 08:05:58,563 [MainThread  ] train batch 2750 / 3125 (iter 27750), current average result {'loss': tensor(23.8145, grad_fn=<DivBackward0>), 'jigsaw_acc': tensor(0.0813)}
2019-11-29 08:11:04,136 [MainThread  ] train batch 3000 / 3125 (iter 28000), current average result {'loss': tensor(23.8420, grad_fn=<DivBackward0>), 'jigsaw_acc': tensor(0.0808)}
2019-11-29 08:16:17,211 [MainThread  ] train batch 125 / 3125 (iter 28250), current average result {'loss': tensor(23.8689, grad_fn=<DivBackward0>), 'jigsaw_acc': tensor(0.0804)}
2019-11-29 08:21:22,739 [MainThread  ] train batch 375 / 3125 (iter 28500), current average result {'loss': tensor(23.8954, grad_fn=<DivBackward0>), 'jigsaw_acc': tensor(0.0799)}
2019-11-29 08:26:28,328 [MainThread  ] train batch 625 / 3125 (iter 28750), current average result {'loss': tensor(23.9214, grad_fn=<DivBackward0>), 'jigsaw_acc': tensor(0.0795)}
2019-11-29 08:31:33,980 [MainThread  ] train batch 875 / 3125 (iter 29000), current average result {'loss': tensor(23.9470, grad_fn=<DivBackward0>), 'jigsaw_acc': tensor(0.0790)}
2019-11-29 08:36:40,140 [MainThread  ] train batch 1125 / 3125 (iter 29250), current average result {'loss': tensor(23.8832, grad_fn=<DivBackward0>), 'jigsaw_acc': tensor(0.0792)}
2019-11-29 08:41:46,454 [MainThread  ] train batch 1375 / 3125 (iter 29500), current average result {'loss': tensor(23.6865, grad_fn=<DivBackward0>), 'jigsaw_acc': tensor(0.0825)}
2019-11-29 08:46:52,866 [MainThread  ] train batch 1625 / 3125 (iter 29750), current average result {'loss': tensor(23.4930, grad_fn=<DivBackward0>), 'jigsaw_acc': tensor(0.0858)}
2019-11-29 08:51:59,324 [MainThread  ] train batch 1875 / 3125 (iter 30000), current average result {'loss': tensor(23.3028, grad_fn=<DivBackward0>), 'jigsaw_acc': tensor(0.0891)}
2019-11-29 08:51:59,672 [MainThread  ] Save parameters for ./results/Exp-pretrain/pretrain_cifar10_un_30000.ckpt
2019-11-29 08:57:06,040 [MainThread  ] train batch 2125 / 3125 (iter 30250), current average result {'loss': tensor(23.1157, grad_fn=<DivBackward0>), 'jigsaw_acc': tensor(0.0922)}
2019-11-29 09:02:12,299 [MainThread  ] train batch 2375 / 3125 (iter 30500), current average result {'loss': tensor(22.9317, grad_fn=<DivBackward0>), 'jigsaw_acc': tensor(0.0954)}
2019-11-29 09:07:18,541 [MainThread  ] train batch 2625 / 3125 (iter 30750), current average result {'loss': tensor(22.7507, grad_fn=<DivBackward0>), 'jigsaw_acc': tensor(0.0984)}
2019-11-29 09:12:24,834 [MainThread  ] train batch 2875 / 3125 (iter 31000), current average result {'loss': tensor(22.5726, grad_fn=<DivBackward0>), 'jigsaw_acc': tensor(0.1014)}
2019-11-29 09:17:31,122 [MainThread  ] train batch 3125 / 3125 (iter 31250), current average result {'loss': tensor(22.3974, grad_fn=<DivBackward0>), 'jigsaw_acc': tensor(0.1044)}
2019-11-29 09:22:45,149 [MainThread  ] train batch 250 / 3125 (iter 31500), current average result {'loss': tensor(22.2249, grad_fn=<DivBackward0>), 'jigsaw_acc': tensor(0.1073)}
2019-11-29 09:27:51,402 [MainThread  ] train batch 500 / 3125 (iter 31750), current average result {'loss': tensor(22.0552, grad_fn=<DivBackward0>), 'jigsaw_acc': tensor(0.1101)}
2019-11-29 09:32:57,642 [MainThread  ] train batch 750 / 3125 (iter 32000), current average result {'loss': tensor(21.8881, grad_fn=<DivBackward0>), 'jigsaw_acc': tensor(0.1129)}
2019-11-29 09:38:03,857 [MainThread  ] train batch 1000 / 3125 (iter 32250), current average result {'loss': tensor(21.7235, grad_fn=<DivBackward0>), 'jigsaw_acc': tensor(0.1157)}
2019-11-29 09:43:10,192 [MainThread  ] train batch 1250 / 3125 (iter 32500), current average result {'loss': tensor(21.5616, grad_fn=<DivBackward0>), 'jigsaw_acc': tensor(0.1185)}
2019-11-29 09:48:16,470 [MainThread  ] train batch 1500 / 3125 (iter 32750), current average result {'loss': tensor(21.4021, grad_fn=<DivBackward0>), 'jigsaw_acc': tensor(0.1212)}
2019-11-29 09:53:22,670 [MainThread  ] train batch 1750 / 3125 (iter 33000), current average result {'loss': tensor(21.2450, grad_fn=<DivBackward0>), 'jigsaw_acc': tensor(0.1238)}
2019-11-29 09:58:28,916 [MainThread  ] train batch 2000 / 3125 (iter 33250), current average result {'loss': tensor(21.0903, grad_fn=<DivBackward0>), 'jigsaw_acc': tensor(0.1265)}
2019-11-29 10:03:35,115 [MainThread  ] train batch 2250 / 3125 (iter 33500), current average result {'loss': tensor(20.9378, grad_fn=<DivBackward0>), 'jigsaw_acc': tensor(0.1291)}
2019-11-29 10:08:41,239 [MainThread  ] train batch 2500 / 3125 (iter 33750), current average result {'loss': tensor(20.7877, grad_fn=<DivBackward0>), 'jigsaw_acc': tensor(0.1317)}
2019-11-29 10:13:47,543 [MainThread  ] train batch 2750 / 3125 (iter 34000), current average result {'loss': tensor(20.6397, grad_fn=<DivBackward0>), 'jigsaw_acc': tensor(0.1342)}
2019-11-29 10:18:53,801 [MainThread  ] train batch 3000 / 3125 (iter 34250), current average result {'loss': tensor(20.4939, grad_fn=<DivBackward0>), 'jigsaw_acc': tensor(0.1367)}
2019-11-29 10:24:08,216 [MainThread  ] train batch 125 / 3125 (iter 34500), current average result {'loss': tensor(20.3503, grad_fn=<DivBackward0>), 'jigsaw_acc': tensor(0.1392)}
2019-11-29 10:29:14,294 [MainThread  ] train batch 375 / 3125 (iter 34750), current average result {'loss': tensor(20.2087, grad_fn=<DivBackward0>), 'jigsaw_acc': tensor(0.1417)}
2019-11-29 10:34:20,402 [MainThread  ] train batch 625 / 3125 (iter 35000), current average result {'loss': tensor(20.0691, grad_fn=<DivBackward0>), 'jigsaw_acc': tensor(0.1442)}
2019-11-29 10:39:26,345 [MainThread  ] train batch 875 / 3125 (iter 35250), current average result {'loss': tensor(19.9315, grad_fn=<DivBackward0>), 'jigsaw_acc': tensor(0.1466)}
2019-11-29 10:44:33,095 [MainThread  ] train batch 1125 / 3125 (iter 35500), current average result {'loss': tensor(19.7958, grad_fn=<DivBackward0>), 'jigsaw_acc': tensor(0.1490)}
2019-11-29 10:49:39,140 [MainThread  ] train batch 1375 / 3125 (iter 35750), current average result {'loss': tensor(19.6620, grad_fn=<DivBackward0>), 'jigsaw_acc': tensor(0.1514)}
2019-11-29 10:54:45,211 [MainThread  ] train batch 1625 / 3125 (iter 36000), current average result {'loss': tensor(19.5301, grad_fn=<DivBackward0>), 'jigsaw_acc': tensor(0.1537)}
2019-11-29 10:59:51,529 [MainThread  ] train batch 1875 / 3125 (iter 36250), current average result {'loss': tensor(19.4000, grad_fn=<DivBackward0>), 'jigsaw_acc': tensor(0.1560)}
2019-11-29 11:04:57,742 [MainThread  ] train batch 2125 / 3125 (iter 36500), current average result {'loss': tensor(19.2717, grad_fn=<DivBackward0>), 'jigsaw_acc': tensor(0.1583)}
2019-11-29 11:10:03,950 [MainThread  ] train batch 2375 / 3125 (iter 36750), current average result {'loss': tensor(19.1452, grad_fn=<DivBackward0>), 'jigsaw_acc': tensor(0.1605)}
2019-11-29 11:15:09,757 [MainThread  ] train batch 2625 / 3125 (iter 37000), current average result {'loss': tensor(19.0203, grad_fn=<DivBackward0>), 'jigsaw_acc': tensor(0.1628)}
2019-11-29 11:20:16,527 [MainThread  ] train batch 2875 / 3125 (iter 37250), current average result {'loss': tensor(18.8971, grad_fn=<DivBackward0>), 'jigsaw_acc': tensor(0.1650)}
2019-11-29 11:25:22,690 [MainThread  ] train batch 3125 / 3125 (iter 37500), current average result {'loss': tensor(18.7756, grad_fn=<DivBackward0>), 'jigsaw_acc': tensor(0.1672)}
2019-11-29 11:30:36,438 [MainThread  ] train batch 250 / 3125 (iter 37750), current average result {'loss': tensor(18.6557, grad_fn=<DivBackward0>), 'jigsaw_acc': tensor(0.1693)}
2019-11-29 11:35:42,591 [MainThread  ] train batch 500 / 3125 (iter 38000), current average result {'loss': tensor(18.5373, grad_fn=<DivBackward0>), 'jigsaw_acc': tensor(0.1715)}
2019-11-29 11:40:48,765 [MainThread  ] train batch 750 / 3125 (iter 38250), current average result {'loss': tensor(18.4205, grad_fn=<DivBackward0>), 'jigsaw_acc': tensor(0.1736)}
2019-11-29 11:45:55,287 [MainThread  ] train batch 1000 / 3125 (iter 38500), current average result {'loss': tensor(18.3052, grad_fn=<DivBackward0>), 'jigsaw_acc': tensor(0.1756)}
2019-11-29 11:51:02,156 [MainThread  ] train batch 1250 / 3125 (iter 38750), current average result {'loss': tensor(18.1914, grad_fn=<DivBackward0>), 'jigsaw_acc': tensor(0.1777)}
2019-11-29 11:56:08,927 [MainThread  ] train batch 1500 / 3125 (iter 39000), current average result {'loss': tensor(18.0791, grad_fn=<DivBackward0>), 'jigsaw_acc': tensor(0.1797)}
2019-11-29 12:01:15,560 [MainThread  ] train batch 1750 / 3125 (iter 39250), current average result {'loss': tensor(17.9682, grad_fn=<DivBackward0>), 'jigsaw_acc': tensor(0.1817)}
2019-11-29 12:06:22,181 [MainThread  ] train batch 2000 / 3125 (iter 39500), current average result {'loss': tensor(17.8587, grad_fn=<DivBackward0>), 'jigsaw_acc': tensor(0.1837)}
2019-11-29 12:11:28,959 [MainThread  ] train batch 2250 / 3125 (iter 39750), current average result {'loss': tensor(17.7506, grad_fn=<DivBackward0>), 'jigsaw_acc': tensor(0.1857)}
2019-11-29 12:16:35,745 [MainThread  ] train batch 2500 / 3125 (iter 40000), current average result {'loss': tensor(17.6438, grad_fn=<DivBackward0>), 'jigsaw_acc': tensor(0.1876)}
2019-11-29 12:16:36,130 [MainThread  ] Save parameters for ./results/Exp-pretrain/pretrain_cifar10_un_40000.ckpt
2019-11-29 12:21:42,878 [MainThread  ] train batch 2750 / 3125 (iter 40250), current average result {'loss': tensor(17.5383, grad_fn=<DivBackward0>), 'jigsaw_acc': tensor(0.1895)}
2019-11-29 12:26:49,273 [MainThread  ] train batch 3000 / 3125 (iter 40500), current average result {'loss': tensor(17.4342, grad_fn=<DivBackward0>), 'jigsaw_acc': tensor(0.1914)}
2019-11-29 12:32:04,547 [MainThread  ] train batch 125 / 3125 (iter 40750), current average result {'loss': tensor(17.3313, grad_fn=<DivBackward0>), 'jigsaw_acc': tensor(0.1933)}
2019-11-29 12:37:10,974 [MainThread  ] train batch 375 / 3125 (iter 41000), current average result {'loss': tensor(17.2297, grad_fn=<DivBackward0>), 'jigsaw_acc': tensor(0.1951)}
2019-11-29 12:42:17,326 [MainThread  ] train batch 625 / 3125 (iter 41250), current average result {'loss': tensor(17.1293, grad_fn=<DivBackward0>), 'jigsaw_acc': tensor(0.1969)}
2019-11-29 12:47:24,045 [MainThread  ] train batch 875 / 3125 (iter 41500), current average result {'loss': tensor(17.0301, grad_fn=<DivBackward0>), 'jigsaw_acc': tensor(0.1987)}
2019-11-29 12:52:30,677 [MainThread  ] train batch 1125 / 3125 (iter 41750), current average result {'loss': tensor(16.9322, grad_fn=<DivBackward0>), 'jigsaw_acc': tensor(0.2005)}
2019-11-29 12:57:37,364 [MainThread  ] train batch 1375 / 3125 (iter 42000), current average result {'loss': tensor(16.8353, grad_fn=<DivBackward0>), 'jigsaw_acc': tensor(0.2023)}
2019-11-29 13:02:43,772 [MainThread  ] train batch 1625 / 3125 (iter 42250), current average result {'loss': tensor(16.7397, grad_fn=<DivBackward0>), 'jigsaw_acc': tensor(0.2040)}
2019-11-29 13:07:50,416 [MainThread  ] train batch 1875 / 3125 (iter 42500), current average result {'loss': tensor(16.6451, grad_fn=<DivBackward0>), 'jigsaw_acc': tensor(0.2057)}
2019-11-29 13:12:57,181 [MainThread  ] train batch 2125 / 3125 (iter 42750), current average result {'loss': tensor(16.5517, grad_fn=<DivBackward0>), 'jigsaw_acc': tensor(0.2074)}
2019-11-29 13:18:03,825 [MainThread  ] train batch 2375 / 3125 (iter 43000), current average result {'loss': tensor(16.4593, grad_fn=<DivBackward0>), 'jigsaw_acc': tensor(0.2091)}
2019-11-29 13:23:10,457 [MainThread  ] train batch 2625 / 3125 (iter 43250), current average result {'loss': tensor(16.3680, grad_fn=<DivBackward0>), 'jigsaw_acc': tensor(0.2107)}
2019-11-29 13:28:17,129 [MainThread  ] train batch 2875 / 3125 (iter 43500), current average result {'loss': tensor(16.2778, grad_fn=<DivBackward0>), 'jigsaw_acc': tensor(0.2124)}
2019-11-29 13:33:23,856 [MainThread  ] train batch 3125 / 3125 (iter 43750), current average result {'loss': tensor(16.1886, grad_fn=<DivBackward0>), 'jigsaw_acc': tensor(0.2140)}
2019-11-29 13:38:39,071 [MainThread  ] train batch 250 / 3125 (iter 44000), current average result {'loss': tensor(16.1004, grad_fn=<DivBackward0>), 'jigsaw_acc': tensor(0.2156)}
2019-11-29 13:43:45,781 [MainThread  ] train batch 500 / 3125 (iter 44250), current average result {'loss': tensor(16.0132, grad_fn=<DivBackward0>), 'jigsaw_acc': tensor(0.2172)}
2019-11-29 13:48:52,358 [MainThread  ] train batch 750 / 3125 (iter 44500), current average result {'loss': tensor(15.9270, grad_fn=<DivBackward0>), 'jigsaw_acc': tensor(0.2187)}
2019-11-29 13:53:58,974 [MainThread  ] train batch 1000 / 3125 (iter 44750), current average result {'loss': tensor(15.8417, grad_fn=<DivBackward0>), 'jigsaw_acc': tensor(0.2203)}
2019-11-29 13:59:05,915 [MainThread  ] train batch 1250 / 3125 (iter 45000), current average result {'loss': tensor(15.7574, grad_fn=<DivBackward0>), 'jigsaw_acc': tensor(0.2218)}
2019-11-29 14:04:12,663 [MainThread  ] train batch 1500 / 3125 (iter 45250), current average result {'loss': tensor(15.6741, grad_fn=<DivBackward0>), 'jigsaw_acc': tensor(0.2233)}
2019-11-29 14:09:19,394 [MainThread  ] train batch 1750 / 3125 (iter 45500), current average result {'loss': tensor(15.5916, grad_fn=<DivBackward0>), 'jigsaw_acc': tensor(0.2248)}
2019-11-29 14:14:26,003 [MainThread  ] train batch 2000 / 3125 (iter 45750), current average result {'loss': tensor(15.5100, grad_fn=<DivBackward0>), 'jigsaw_acc': tensor(0.2263)}
2019-11-29 14:19:32,724 [MainThread  ] train batch 2250 / 3125 (iter 46000), current average result {'loss': tensor(15.4294, grad_fn=<DivBackward0>), 'jigsaw_acc': tensor(0.2278)}
2019-11-29 14:24:39,412 [MainThread  ] train batch 2500 / 3125 (iter 46250), current average result {'loss': tensor(15.3496, grad_fn=<DivBackward0>), 'jigsaw_acc': tensor(0.2292)}
2019-11-29 14:29:46,076 [MainThread  ] train batch 2750 / 3125 (iter 46500), current average result {'loss': tensor(15.2706, grad_fn=<DivBackward0>), 'jigsaw_acc': tensor(0.2306)}
2019-11-29 14:34:52,836 [MainThread  ] train batch 3000 / 3125 (iter 46750), current average result {'loss': tensor(15.1925, grad_fn=<DivBackward0>), 'jigsaw_acc': tensor(0.2321)}
2019-11-29 14:40:09,929 [MainThread  ] train batch 125 / 3125 (iter 47000), current average result {'loss': tensor(15.1153, grad_fn=<DivBackward0>), 'jigsaw_acc': tensor(0.2335)}
2019-11-29 14:45:16,651 [MainThread  ] train batch 375 / 3125 (iter 47250), current average result {'loss': tensor(15.0388, grad_fn=<DivBackward0>), 'jigsaw_acc': tensor(0.2348)}
2019-11-29 14:50:23,633 [MainThread  ] train batch 625 / 3125 (iter 47500), current average result {'loss': tensor(14.9632, grad_fn=<DivBackward0>), 'jigsaw_acc': tensor(0.2362)}
2019-11-29 14:55:30,531 [MainThread  ] train batch 875 / 3125 (iter 47750), current average result {'loss': tensor(14.8883, grad_fn=<DivBackward0>), 'jigsaw_acc': tensor(0.2376)}
2019-11-29 15:00:37,330 [MainThread  ] train batch 1125 / 3125 (iter 48000), current average result {'loss': tensor(14.8143, grad_fn=<DivBackward0>), 'jigsaw_acc': tensor(0.2389)}
2019-11-29 15:05:44,153 [MainThread  ] train batch 1375 / 3125 (iter 48250), current average result {'loss': tensor(14.7410, grad_fn=<DivBackward0>), 'jigsaw_acc': tensor(0.2403)}
2019-11-29 15:10:50,914 [MainThread  ] train batch 1625 / 3125 (iter 48500), current average result {'loss': tensor(14.6684, grad_fn=<DivBackward0>), 'jigsaw_acc': tensor(0.2416)}
2019-11-29 15:15:57,656 [MainThread  ] train batch 1875 / 3125 (iter 48750), current average result {'loss': tensor(14.5966, grad_fn=<DivBackward0>), 'jigsaw_acc': tensor(0.2429)}
2019-11-29 15:21:04,309 [MainThread  ] train batch 2125 / 3125 (iter 49000), current average result {'loss': tensor(14.5255, grad_fn=<DivBackward0>), 'jigsaw_acc': tensor(0.2442)}
2019-11-29 15:26:10,908 [MainThread  ] train batch 2375 / 3125 (iter 49250), current average result {'loss': tensor(14.4552, grad_fn=<DivBackward0>), 'jigsaw_acc': tensor(0.2454)}
2019-11-29 15:31:17,663 [MainThread  ] train batch 2625 / 3125 (iter 49500), current average result {'loss': tensor(14.3855, grad_fn=<DivBackward0>), 'jigsaw_acc': tensor(0.2467)}
2019-11-29 15:36:24,413 [MainThread  ] train batch 2875 / 3125 (iter 49750), current average result {'loss': tensor(14.3166, grad_fn=<DivBackward0>), 'jigsaw_acc': tensor(0.2480)}
2019-11-29 15:41:31,065 [MainThread  ] train batch 3125 / 3125 (iter 50000), current average result {'loss': tensor(14.2484, grad_fn=<DivBackward0>), 'jigsaw_acc': tensor(0.2492)}
2019-11-29 15:41:31,413 [MainThread  ] Save parameters for ./results/Exp-pretrain/pretrain_cifar10_un_50000.ckpt
2019-11-29 15:46:49,058 [MainThread  ] train batch 250 / 3125 (iter 50250), current average result {'loss': tensor(14.1808, grad_fn=<DivBackward0>), 'jigsaw_acc': tensor(0.2504)}
2019-11-29 15:51:55,898 [MainThread  ] train batch 500 / 3125 (iter 50500), current average result {'loss': tensor(14.1139, grad_fn=<DivBackward0>), 'jigsaw_acc': tensor(0.2517)}
2019-11-29 15:57:02,720 [MainThread  ] train batch 750 / 3125 (iter 50750), current average result {'loss': tensor(14.0476, grad_fn=<DivBackward0>), 'jigsaw_acc': tensor(0.2529)}
2019-11-29 16:02:09,517 [MainThread  ] train batch 1000 / 3125 (iter 51000), current average result {'loss': tensor(13.9820, grad_fn=<DivBackward0>), 'jigsaw_acc': tensor(0.2541)}
2019-11-29 16:07:16,318 [MainThread  ] train batch 1250 / 3125 (iter 51250), current average result {'loss': tensor(13.9171, grad_fn=<DivBackward0>), 'jigsaw_acc': tensor(0.2552)}
2019-11-29 16:12:23,140 [MainThread  ] train batch 1500 / 3125 (iter 51500), current average result {'loss': tensor(13.8528, grad_fn=<DivBackward0>), 'jigsaw_acc': tensor(0.2564)}
2019-11-29 16:17:29,931 [MainThread  ] train batch 1750 / 3125 (iter 51750), current average result {'loss': tensor(13.7891, grad_fn=<DivBackward0>), 'jigsaw_acc': tensor(0.2576)}
2019-11-29 16:22:36,748 [MainThread  ] train batch 2000 / 3125 (iter 52000), current average result {'loss': tensor(13.7260, grad_fn=<DivBackward0>), 'jigsaw_acc': tensor(0.2587)}
2019-11-29 16:27:43,611 [MainThread  ] train batch 2250 / 3125 (iter 52250), current average result {'loss': tensor(13.6635, grad_fn=<DivBackward0>), 'jigsaw_acc': tensor(0.2598)}
2019-11-29 16:32:50,451 [MainThread  ] train batch 2500 / 3125 (iter 52500), current average result {'loss': tensor(13.6016, grad_fn=<DivBackward0>), 'jigsaw_acc': tensor(0.2610)}
2019-11-29 16:37:57,205 [MainThread  ] train batch 2750 / 3125 (iter 52750), current average result {'loss': tensor(13.5403, grad_fn=<DivBackward0>), 'jigsaw_acc': tensor(0.2621)}
2019-11-29 16:43:04,052 [MainThread  ] train batch 3000 / 3125 (iter 53000), current average result {'loss': tensor(13.4796, grad_fn=<DivBackward0>), 'jigsaw_acc': tensor(0.2632)}
2019-11-29 16:48:22,055 [MainThread  ] train batch 125 / 3125 (iter 53250), current average result {'loss': tensor(13.4194, grad_fn=<DivBackward0>), 'jigsaw_acc': tensor(0.2643)}
2019-11-29 16:53:28,825 [MainThread  ] train batch 375 / 3125 (iter 53500), current average result {'loss': tensor(13.3598, grad_fn=<DivBackward0>), 'jigsaw_acc': tensor(0.2654)}
2019-11-29 16:58:35,619 [MainThread  ] train batch 625 / 3125 (iter 53750), current average result {'loss': tensor(13.3008, grad_fn=<DivBackward0>), 'jigsaw_acc': tensor(0.2664)}
2019-11-29 17:03:42,549 [MainThread  ] train batch 875 / 3125 (iter 54000), current average result {'loss': tensor(13.2423, grad_fn=<DivBackward0>), 'jigsaw_acc': tensor(0.2675)}
2019-11-29 17:08:49,381 [MainThread  ] train batch 1125 / 3125 (iter 54250), current average result {'loss': tensor(13.1844, grad_fn=<DivBackward0>), 'jigsaw_acc': tensor(0.2685)}
2019-11-29 17:13:56,163 [MainThread  ] train batch 1375 / 3125 (iter 54500), current average result {'loss': tensor(13.1269, grad_fn=<DivBackward0>), 'jigsaw_acc': tensor(0.2696)}
2019-11-29 17:19:03,014 [MainThread  ] train batch 1625 / 3125 (iter 54750), current average result {'loss': tensor(13.0700, grad_fn=<DivBackward0>), 'jigsaw_acc': tensor(0.2706)}
2019-11-29 17:24:09,986 [MainThread  ] train batch 1875 / 3125 (iter 55000), current average result {'loss': tensor(13.0137, grad_fn=<DivBackward0>), 'jigsaw_acc': tensor(0.2716)}
2019-11-29 17:29:16,857 [MainThread  ] train batch 2125 / 3125 (iter 55250), current average result {'loss': tensor(12.9578, grad_fn=<DivBackward0>), 'jigsaw_acc': tensor(0.2726)}
2019-11-29 17:34:23,858 [MainThread  ] train batch 2375 / 3125 (iter 55500), current average result {'loss': tensor(12.9024, grad_fn=<DivBackward0>), 'jigsaw_acc': tensor(0.2736)}
2019-11-29 17:39:31,234 [MainThread  ] train batch 2625 / 3125 (iter 55750), current average result {'loss': tensor(12.8476, grad_fn=<DivBackward0>), 'jigsaw_acc': tensor(0.2746)}
2019-11-29 17:44:38,731 [MainThread  ] train batch 2875 / 3125 (iter 56000), current average result {'loss': tensor(12.7932, grad_fn=<DivBackward0>), 'jigsaw_acc': tensor(0.2756)}
2019-11-29 17:49:45,957 [MainThread  ] train batch 3125 / 3125 (iter 56250), current average result {'loss': tensor(12.7393, grad_fn=<DivBackward0>), 'jigsaw_acc': tensor(0.2766)}
2019-11-29 17:55:04,610 [MainThread  ] train batch 250 / 3125 (iter 56500), current average result {'loss': tensor(12.6859, grad_fn=<DivBackward0>), 'jigsaw_acc': tensor(0.2775)}
2019-11-29 18:00:11,437 [MainThread  ] train batch 500 / 3125 (iter 56750), current average result {'loss': tensor(12.6329, grad_fn=<DivBackward0>), 'jigsaw_acc': tensor(0.2785)}
2019-11-29 18:05:18,327 [MainThread  ] train batch 750 / 3125 (iter 57000), current average result {'loss': tensor(12.5804, grad_fn=<DivBackward0>), 'jigsaw_acc': tensor(0.2794)}
2019-11-29 18:10:25,123 [MainThread  ] train batch 1000 / 3125 (iter 57250), current average result {'loss': tensor(12.5284, grad_fn=<DivBackward0>), 'jigsaw_acc': tensor(0.2803)}
2019-11-29 18:15:31,873 [MainThread  ] train batch 1250 / 3125 (iter 57500), current average result {'loss': tensor(12.4768, grad_fn=<DivBackward0>), 'jigsaw_acc': tensor(0.2812)}
2019-11-29 18:20:38,772 [MainThread  ] train batch 1500 / 3125 (iter 57750), current average result {'loss': tensor(12.4257, grad_fn=<DivBackward0>), 'jigsaw_acc': tensor(0.2822)}
2019-11-29 18:25:45,316 [MainThread  ] train batch 1750 / 3125 (iter 58000), current average result {'loss': tensor(12.3750, grad_fn=<DivBackward0>), 'jigsaw_acc': tensor(0.2831)}
2019-11-29 18:30:51,957 [MainThread  ] train batch 2000 / 3125 (iter 58250), current average result {'loss': tensor(12.3248, grad_fn=<DivBackward0>), 'jigsaw_acc': tensor(0.2840)}
2019-11-29 18:35:58,623 [MainThread  ] train batch 2250 / 3125 (iter 58500), current average result {'loss': tensor(12.2749, grad_fn=<DivBackward0>), 'jigsaw_acc': tensor(0.2848)}
2019-11-29 18:41:05,259 [MainThread  ] train batch 2500 / 3125 (iter 58750), current average result {'loss': tensor(12.2255, grad_fn=<DivBackward0>), 'jigsaw_acc': tensor(0.2857)}
2019-11-29 18:46:12,064 [MainThread  ] train batch 2750 / 3125 (iter 59000), current average result {'loss': tensor(12.1766, grad_fn=<DivBackward0>), 'jigsaw_acc': tensor(0.2866)}
2019-11-29 18:51:18,782 [MainThread  ] train batch 3000 / 3125 (iter 59250), current average result {'loss': tensor(12.1280, grad_fn=<DivBackward0>), 'jigsaw_acc': tensor(0.2874)}
2019-11-29 18:56:37,748 [MainThread  ] train batch 125 / 3125 (iter 59500), current average result {'loss': tensor(12.0798, grad_fn=<DivBackward0>), 'jigsaw_acc': tensor(0.2883)}
2019-11-29 19:01:44,843 [MainThread  ] train batch 375 / 3125 (iter 59750), current average result {'loss': tensor(12.0321, grad_fn=<DivBackward0>), 'jigsaw_acc': tensor(0.2891)}
2019-11-29 19:06:51,808 [MainThread  ] train batch 625 / 3125 (iter 60000), current average result {'loss': tensor(11.9847, grad_fn=<DivBackward0>), 'jigsaw_acc': tensor(0.2900)}
2019-11-29 19:06:52,118 [MainThread  ] Save parameters for ./results/Exp-pretrain/pretrain_cifar10_un_60000.ckpt
2019-11-29 19:11:59,153 [MainThread  ] train batch 875 / 3125 (iter 60250), current average result {'loss': tensor(11.9378, grad_fn=<DivBackward0>), 'jigsaw_acc': tensor(0.2908)}
2019-11-29 19:17:06,264 [MainThread  ] train batch 1125 / 3125 (iter 60500), current average result {'loss': tensor(11.8912, grad_fn=<DivBackward0>), 'jigsaw_acc': tensor(0.2916)}
2019-11-29 19:22:13,398 [MainThread  ] train batch 1375 / 3125 (iter 60750), current average result {'loss': tensor(11.8450, grad_fn=<DivBackward0>), 'jigsaw_acc': tensor(0.2924)}
2019-11-29 19:27:21,034 [MainThread  ] train batch 1625 / 3125 (iter 61000), current average result {'loss': tensor(11.7992, grad_fn=<DivBackward0>), 'jigsaw_acc': tensor(0.2932)}
2019-11-29 19:32:28,630 [MainThread  ] train batch 1875 / 3125 (iter 61250), current average result {'loss': tensor(11.7538, grad_fn=<DivBackward0>), 'jigsaw_acc': tensor(0.2940)}
2019-11-29 19:37:36,579 [MainThread  ] train batch 2125 / 3125 (iter 61500), current average result {'loss': tensor(11.7087, grad_fn=<DivBackward0>), 'jigsaw_acc': tensor(0.2948)}
2019-11-29 19:42:43,490 [MainThread  ] train batch 2375 / 3125 (iter 61750), current average result {'loss': tensor(11.6640, grad_fn=<DivBackward0>), 'jigsaw_acc': tensor(0.2956)}
2019-11-29 19:47:50,398 [MainThread  ] train batch 2625 / 3125 (iter 62000), current average result {'loss': tensor(11.6196, grad_fn=<DivBackward0>), 'jigsaw_acc': tensor(0.2964)}
2019-11-29 19:52:57,207 [MainThread  ] train batch 2875 / 3125 (iter 62250), current average result {'loss': tensor(11.5757, grad_fn=<DivBackward0>), 'jigsaw_acc': tensor(0.2972)}
2019-11-29 19:58:04,124 [MainThread  ] train batch 3125 / 3125 (iter 62500), current average result {'loss': tensor(11.5320, grad_fn=<DivBackward0>), 'jigsaw_acc': tensor(0.2980)}
2019-11-29 20:03:24,217 [MainThread  ] train batch 250 / 3125 (iter 62750), current average result {'loss': tensor(11.4887, grad_fn=<DivBackward0>), 'jigsaw_acc': tensor(0.2987)}
2019-11-29 20:08:31,120 [MainThread  ] train batch 500 / 3125 (iter 63000), current average result {'loss': tensor(11.4458, grad_fn=<DivBackward0>), 'jigsaw_acc': tensor(0.2995)}
2019-11-29 20:13:37,594 [MainThread  ] train batch 750 / 3125 (iter 63250), current average result {'loss': tensor(11.4032, grad_fn=<DivBackward0>), 'jigsaw_acc': tensor(0.3002)}
2019-11-29 20:18:44,562 [MainThread  ] train batch 1000 / 3125 (iter 63500), current average result {'loss': tensor(11.3609, grad_fn=<DivBackward0>), 'jigsaw_acc': tensor(0.3010)}
2019-11-29 20:23:51,591 [MainThread  ] train batch 1250 / 3125 (iter 63750), current average result {'loss': tensor(11.3190, grad_fn=<DivBackward0>), 'jigsaw_acc': tensor(0.3018)}
2019-11-29 20:28:58,607 [MainThread  ] train batch 1500 / 3125 (iter 64000), current average result {'loss': tensor(11.2774, grad_fn=<DivBackward0>), 'jigsaw_acc': tensor(0.3025)}
2019-11-29 20:34:05,588 [MainThread  ] train batch 1750 / 3125 (iter 64250), current average result {'loss': tensor(11.2361, grad_fn=<DivBackward0>), 'jigsaw_acc': tensor(0.3032)}
2019-11-29 20:39:12,561 [MainThread  ] train batch 2000 / 3125 (iter 64500), current average result {'loss': tensor(11.1951, grad_fn=<DivBackward0>), 'jigsaw_acc': tensor(0.3040)}
2019-11-29 20:44:19,402 [MainThread  ] train batch 2250 / 3125 (iter 64750), current average result {'loss': tensor(11.1545, grad_fn=<DivBackward0>), 'jigsaw_acc': tensor(0.3047)}
2019-11-29 20:49:26,202 [MainThread  ] train batch 2500 / 3125 (iter 65000), current average result {'loss': tensor(11.1141, grad_fn=<DivBackward0>), 'jigsaw_acc': tensor(0.3054)}
2019-11-29 20:54:33,910 [MainThread  ] train batch 2750 / 3125 (iter 65250), current average result {'loss': tensor(11.0741, grad_fn=<DivBackward0>), 'jigsaw_acc': tensor(0.3062)}
2019-11-29 20:59:40,841 [MainThread  ] train batch 3000 / 3125 (iter 65500), current average result {'loss': tensor(11.0344, grad_fn=<DivBackward0>), 'jigsaw_acc': tensor(0.3069)}
2019-11-29 21:05:00,849 [MainThread  ] train batch 125 / 3125 (iter 65750), current average result {'loss': tensor(10.9949, grad_fn=<DivBackward0>), 'jigsaw_acc': tensor(0.3076)}
2019-11-29 21:10:09,121 [MainThread  ] train batch 375 / 3125 (iter 66000), current average result {'loss': tensor(10.9558, grad_fn=<DivBackward0>), 'jigsaw_acc': tensor(0.3083)}
2019-11-29 21:15:18,089 [MainThread  ] train batch 625 / 3125 (iter 66250), current average result {'loss': tensor(10.9170, grad_fn=<DivBackward0>), 'jigsaw_acc': tensor(0.3090)}
2019-11-29 21:20:26,836 [MainThread  ] train batch 875 / 3125 (iter 66500), current average result {'loss': tensor(10.8785, grad_fn=<DivBackward0>), 'jigsaw_acc': tensor(0.3098)}
2019-11-29 21:25:35,496 [MainThread  ] train batch 1125 / 3125 (iter 66750), current average result {'loss': tensor(10.8402, grad_fn=<DivBackward0>), 'jigsaw_acc': tensor(0.3105)}
2019-11-29 21:30:44,386 [MainThread  ] train batch 1375 / 3125 (iter 67000), current average result {'loss': tensor(10.8023, grad_fn=<DivBackward0>), 'jigsaw_acc': tensor(0.3112)}
2019-11-29 21:35:51,670 [MainThread  ] train batch 1625 / 3125 (iter 67250), current average result {'loss': tensor(10.7646, grad_fn=<DivBackward0>), 'jigsaw_acc': tensor(0.3119)}
2019-11-29 21:40:58,823 [MainThread  ] train batch 1875 / 3125 (iter 67500), current average result {'loss': tensor(10.7272, grad_fn=<DivBackward0>), 'jigsaw_acc': tensor(0.3125)}
2019-11-29 21:46:05,971 [MainThread  ] train batch 2125 / 3125 (iter 67750), current average result {'loss': tensor(10.6901, grad_fn=<DivBackward0>), 'jigsaw_acc': tensor(0.3132)}
2019-11-29 21:51:12,896 [MainThread  ] train batch 2375 / 3125 (iter 68000), current average result {'loss': tensor(10.6532, grad_fn=<DivBackward0>), 'jigsaw_acc': tensor(0.3139)}
2019-11-29 21:56:19,744 [MainThread  ] train batch 2625 / 3125 (iter 68250), current average result {'loss': tensor(10.6166, grad_fn=<DivBackward0>), 'jigsaw_acc': tensor(0.3146)}
2019-11-29 22:01:26,568 [MainThread  ] train batch 2875 / 3125 (iter 68500), current average result {'loss': tensor(10.5803, grad_fn=<DivBackward0>), 'jigsaw_acc': tensor(0.3153)}
2019-11-29 22:06:33,279 [MainThread  ] train batch 3125 / 3125 (iter 68750), current average result {'loss': tensor(10.5443, grad_fn=<DivBackward0>), 'jigsaw_acc': tensor(0.3159)}
2019-11-29 22:11:53,381 [MainThread  ] train batch 250 / 3125 (iter 69000), current average result {'loss': tensor(10.5085, grad_fn=<DivBackward0>), 'jigsaw_acc': tensor(0.3166)}
2019-11-29 22:17:00,046 [MainThread  ] train batch 500 / 3125 (iter 69250), current average result {'loss': tensor(10.4729, grad_fn=<DivBackward0>), 'jigsaw_acc': tensor(0.3173)}
2019-11-29 22:22:06,819 [MainThread  ] train batch 750 / 3125 (iter 69500), current average result {'loss': tensor(10.4377, grad_fn=<DivBackward0>), 'jigsaw_acc': tensor(0.3179)}
2019-11-29 22:27:13,628 [MainThread  ] train batch 1000 / 3125 (iter 69750), current average result {'loss': tensor(10.4026, grad_fn=<DivBackward0>), 'jigsaw_acc': tensor(0.3186)}
2019-11-29 22:32:20,480 [MainThread  ] train batch 1250 / 3125 (iter 70000), current average result {'loss': tensor(10.3679, grad_fn=<DivBackward0>), 'jigsaw_acc': tensor(0.3193)}
2019-11-29 22:32:20,788 [MainThread  ] Save parameters for ./results/Exp-pretrain/pretrain_cifar10_un_70000.ckpt
2019-11-29 22:37:27,692 [MainThread  ] train batch 1500 / 3125 (iter 70250), current average result {'loss': tensor(10.3333, grad_fn=<DivBackward0>), 'jigsaw_acc': tensor(0.3199)}
