2019-11-28 22:17:05,275 [MainThread  ] Experiment Selfie-pretrain-finetune
2019-11-28 22:17:05,275 [MainThread  ] Receive config Namespace(batch_size=128, cache_neg=0, clip=0.5, data_dir='./data', device='cuda:0', dup_pos=0, exp_dir='./results/Selfie-pretrain-finetune', exp_name='Selfie-pretrain-finetune', finetune_ckpt_interval=0, finetune_learning_rate=0.0001, finetune_tasks=['cifar10_lp5'], finetune_total_iters=10000, finetune_val_interval=2000, finetune_weight_decay=0.01, load_ckpt='none', model='selfie', num_patches=16, num_queries=4, num_workers=16, pretrain_ckpt_interval=10000, pretrain_learning_rate=0.005, pretrain_task=['cifar10_un'], pretrain_total_iters=100000, pretrain_weight_decay=0.01, report_interval=250, results_dir='./results', transfer_paradigm='frozen', warmup_iters=1000)
2019-11-28 22:17:05,275 [MainThread  ] Start creating tasks
2019-11-28 22:17:05,276 [MainThread  ] Start loading data
2019-11-28 22:17:05,276 [MainThread  ] Loading cifar10_un data
2019-11-28 22:17:13,637 [MainThread  ] Loading cifar10_lp5 data
2019-11-28 22:17:15,828 [MainThread  ] Start creating models
2019-11-28 22:17:16,259 [MainThread  ] Loaded selfie model
2019-11-28 22:17:24,095 [MainThread  ] Setup trainer for cifar10_un
2019-11-28 22:17:24,097 [MainThread  ] Start training cifar10_un
2019-11-28 22:19:55,607 [MainThread  ] train batch 250 / 781 (iter 250), current average result {'jigsaw_acc': tensor(0.2647), 'loss': tensor(1.4306, grad_fn=<DivBackward0>)}
2019-11-28 22:22:24,896 [MainThread  ] train batch 500 / 781 (iter 500), current average result {'jigsaw_acc': tensor(0.2580), 'loss': tensor(1.4173, grad_fn=<DivBackward0>)}
2019-11-28 22:24:55,641 [MainThread  ] train batch 750 / 781 (iter 750), current average result {'jigsaw_acc': tensor(0.2551), 'loss': tensor(1.4092, grad_fn=<DivBackward0>)}
2019-11-28 22:27:28,143 [MainThread  ] train batch 219 / 781 (iter 1000), current average result {'jigsaw_acc': tensor(0.2537), 'loss': tensor(1.4044, grad_fn=<DivBackward0>)}
2019-11-28 22:29:57,772 [MainThread  ] train batch 469 / 781 (iter 1250), current average result {'jigsaw_acc': tensor(0.2531), 'loss': tensor(1.4012, grad_fn=<DivBackward0>)}
2019-11-28 22:32:27,364 [MainThread  ] train batch 719 / 781 (iter 1500), current average result {'jigsaw_acc': tensor(0.2526), 'loss': tensor(1.3989, grad_fn=<DivBackward0>)}
2019-11-28 22:34:59,534 [MainThread  ] train batch 188 / 781 (iter 1750), current average result {'jigsaw_acc': tensor(0.2523), 'loss': tensor(1.3972, grad_fn=<DivBackward0>)}
2019-11-28 22:37:29,303 [MainThread  ] train batch 438 / 781 (iter 2000), current average result {'jigsaw_acc': tensor(0.2520), 'loss': tensor(1.3960, grad_fn=<DivBackward0>)}
2019-11-28 22:39:59,091 [MainThread  ] train batch 688 / 781 (iter 2250), current average result {'jigsaw_acc': tensor(0.2517), 'loss': tensor(1.3949, grad_fn=<DivBackward0>)}
2019-11-28 22:42:30,359 [MainThread  ] train batch 157 / 781 (iter 2500), current average result {'jigsaw_acc': tensor(0.2515), 'loss': tensor(1.3941, grad_fn=<DivBackward0>)}
2019-11-28 22:45:03,012 [MainThread  ] train batch 407 / 781 (iter 2750), current average result {'jigsaw_acc': tensor(0.2512), 'loss': tensor(1.3934, grad_fn=<DivBackward0>)}
2019-11-28 22:47:36,005 [MainThread  ] train batch 657 / 781 (iter 3000), current average result {'jigsaw_acc': tensor(0.2512), 'loss': tensor(1.3928, grad_fn=<DivBackward0>)}
2019-11-28 22:50:08,273 [MainThread  ] train batch 126 / 781 (iter 3250), current average result {'jigsaw_acc': tensor(0.2511), 'loss': tensor(1.3924, grad_fn=<DivBackward0>)}
2019-11-28 22:52:41,388 [MainThread  ] train batch 376 / 781 (iter 3500), current average result {'jigsaw_acc': tensor(0.2511), 'loss': tensor(1.3920, grad_fn=<DivBackward0>)}
2019-11-28 22:55:11,356 [MainThread  ] train batch 626 / 781 (iter 3750), current average result {'jigsaw_acc': tensor(0.2510), 'loss': tensor(1.3916, grad_fn=<DivBackward0>)}
2019-11-28 22:57:43,397 [MainThread  ] train batch 95 / 781 (iter 4000), current average result {'jigsaw_acc': tensor(0.2509), 'loss': tensor(1.3913, grad_fn=<DivBackward0>)}
2019-11-28 23:00:13,110 [MainThread  ] train batch 345 / 781 (iter 4250), current average result {'jigsaw_acc': tensor(0.2509), 'loss': tensor(1.3910, grad_fn=<DivBackward0>)}
2019-11-28 23:02:42,660 [MainThread  ] train batch 595 / 781 (iter 4500), current average result {'jigsaw_acc': tensor(0.2508), 'loss': tensor(1.3908, grad_fn=<DivBackward0>)}
2019-11-28 23:05:14,054 [MainThread  ] train batch 64 / 781 (iter 4750), current average result {'jigsaw_acc': tensor(0.2508), 'loss': tensor(1.3905, grad_fn=<DivBackward0>)}
2019-11-28 23:06:38,310 [MainThread  ] Experiment Selfie-pretrain-finetune
2019-11-28 23:06:38,311 [MainThread  ] Receive config Namespace(batch_size=64, cache_neg=0, clip=0.5, data_dir='./data', device='cuda:0', dup_pos=0, exp_dir='./results/Selfie-pretrain-finetune', exp_name='Selfie-pretrain-finetune', finetune_ckpt_interval=0, finetune_learning_rate=0.0001, finetune_tasks=['cifar10_lp5'], finetune_total_iters=10000, finetune_val_interval=2000, finetune_weight_decay=0.01, load_ckpt='none', model='selfie', num_patches=16, num_queries=4, num_workers=16, pretrain_ckpt_interval=10000, pretrain_learning_rate=0.001, pretrain_task=['cifar10_un'], pretrain_total_iters=100000, pretrain_weight_decay=0.01, report_interval=250, results_dir='./results', transfer_paradigm='frozen', warmup_iters=1000)
2019-11-28 23:06:38,311 [MainThread  ] Start creating tasks
2019-11-28 23:06:38,311 [MainThread  ] Start loading data
2019-11-28 23:06:38,312 [MainThread  ] Loading cifar10_un data
2019-11-28 23:06:45,500 [MainThread  ] Loading cifar10_lp5 data
2019-11-28 23:06:47,683 [MainThread  ] Start creating models
2019-11-28 23:06:48,116 [MainThread  ] Loaded selfie model
2019-11-28 23:06:51,179 [MainThread  ] Setup trainer for cifar10_un
2019-11-28 23:06:51,180 [MainThread  ] Start training cifar10_un
2019-11-28 23:08:10,319 [MainThread  ] train batch 250 / 1562 (iter 250), current average result {'loss': tensor(1.4531, grad_fn=<DivBackward0>), 'jigsaw_acc': tensor(0.2650)}
2019-11-28 23:09:28,326 [MainThread  ] train batch 500 / 1562 (iter 500), current average result {'loss': tensor(1.4417, grad_fn=<DivBackward0>), 'jigsaw_acc': tensor(0.2669)}
2019-11-28 23:10:46,542 [MainThread  ] train batch 750 / 1562 (iter 750), current average result {'loss': tensor(1.4323, grad_fn=<DivBackward0>), 'jigsaw_acc': tensor(0.2625)}
2019-11-28 23:12:03,634 [MainThread  ] train batch 1000 / 1562 (iter 1000), current average result {'loss': tensor(1.4234, grad_fn=<DivBackward0>), 'jigsaw_acc': tensor(0.2593)}
2019-11-28 23:13:20,476 [MainThread  ] train batch 1250 / 1562 (iter 1250), current average result {'loss': tensor(1.4169, grad_fn=<DivBackward0>), 'jigsaw_acc': tensor(0.2575)}
2019-11-28 23:14:37,781 [MainThread  ] train batch 1500 / 1562 (iter 1500), current average result {'loss': tensor(1.4124, grad_fn=<DivBackward0>), 'jigsaw_acc': tensor(0.2563)}
2019-11-28 23:15:57,048 [MainThread  ] train batch 188 / 1562 (iter 1750), current average result {'loss': tensor(1.4090, grad_fn=<DivBackward0>), 'jigsaw_acc': tensor(0.2552)}
2019-11-28 23:17:14,195 [MainThread  ] train batch 438 / 1562 (iter 2000), current average result {'loss': tensor(1.4064, grad_fn=<DivBackward0>), 'jigsaw_acc': tensor(0.2544)}
2019-11-28 23:18:31,831 [MainThread  ] train batch 688 / 1562 (iter 2250), current average result {'loss': tensor(1.4043, grad_fn=<DivBackward0>), 'jigsaw_acc': tensor(0.2539)}
2019-11-28 23:19:49,357 [MainThread  ] train batch 938 / 1562 (iter 2500), current average result {'loss': tensor(1.4026, grad_fn=<DivBackward0>), 'jigsaw_acc': tensor(0.2533)}
2019-11-28 23:21:06,503 [MainThread  ] train batch 1188 / 1562 (iter 2750), current average result {'loss': tensor(1.4012, grad_fn=<DivBackward0>), 'jigsaw_acc': tensor(0.2529)}
2019-11-28 23:22:24,693 [MainThread  ] train batch 1438 / 1562 (iter 3000), current average result {'loss': tensor(1.4000, grad_fn=<DivBackward0>), 'jigsaw_acc': tensor(0.2526)}
2019-11-28 23:23:42,854 [MainThread  ] train batch 126 / 1562 (iter 3250), current average result {'loss': tensor(1.3990, grad_fn=<DivBackward0>), 'jigsaw_acc': tensor(0.2524)}
2019-11-28 23:25:00,763 [MainThread  ] train batch 376 / 1562 (iter 3500), current average result {'loss': tensor(1.3982, grad_fn=<DivBackward0>), 'jigsaw_acc': tensor(0.2524)}
2019-11-28 23:26:18,789 [MainThread  ] train batch 626 / 1562 (iter 3750), current average result {'loss': tensor(1.3974, grad_fn=<DivBackward0>), 'jigsaw_acc': tensor(0.2522)}
2019-11-28 23:27:36,245 [MainThread  ] train batch 876 / 1562 (iter 4000), current average result {'loss': tensor(1.3968, grad_fn=<DivBackward0>), 'jigsaw_acc': tensor(0.2520)}
2019-11-28 23:28:54,369 [MainThread  ] train batch 1126 / 1562 (iter 4250), current average result {'loss': tensor(1.3962, grad_fn=<DivBackward0>), 'jigsaw_acc': tensor(0.2519)}
2019-11-28 23:30:12,260 [MainThread  ] train batch 1376 / 1562 (iter 4500), current average result {'loss': tensor(1.3957, grad_fn=<DivBackward0>), 'jigsaw_acc': tensor(0.2517)}
2019-11-28 23:31:32,062 [MainThread  ] train batch 64 / 1562 (iter 4750), current average result {'loss': tensor(1.3952, grad_fn=<DivBackward0>), 'jigsaw_acc': tensor(0.2517)}
2019-11-28 23:32:49,887 [MainThread  ] train batch 314 / 1562 (iter 5000), current average result {'loss': tensor(1.3948, grad_fn=<DivBackward0>), 'jigsaw_acc': tensor(0.2516)}
2019-11-28 23:34:08,029 [MainThread  ] train batch 564 / 1562 (iter 5250), current average result {'loss': tensor(1.3944, grad_fn=<DivBackward0>), 'jigsaw_acc': tensor(0.2516)}
2019-11-28 23:35:25,156 [MainThread  ] train batch 814 / 1562 (iter 5500), current average result {'loss': tensor(1.3940, grad_fn=<DivBackward0>), 'jigsaw_acc': tensor(0.2516)}
2019-11-28 23:36:44,020 [MainThread  ] train batch 1064 / 1562 (iter 5750), current average result {'loss': tensor(1.3937, grad_fn=<DivBackward0>), 'jigsaw_acc': tensor(0.2514)}
2019-11-28 23:38:01,644 [MainThread  ] train batch 1314 / 1562 (iter 6000), current average result {'loss': tensor(1.3934, grad_fn=<DivBackward0>), 'jigsaw_acc': tensor(0.2514)}
2019-11-28 23:39:20,602 [MainThread  ] train batch 2 / 1562 (iter 6250), current average result {'loss': tensor(1.3932, grad_fn=<DivBackward0>), 'jigsaw_acc': tensor(0.2513)}
2019-11-28 23:40:38,301 [MainThread  ] train batch 252 / 1562 (iter 6500), current average result {'loss': tensor(1.3929, grad_fn=<DivBackward0>), 'jigsaw_acc': tensor(0.2513)}
2019-11-28 23:41:56,113 [MainThread  ] train batch 502 / 1562 (iter 6750), current average result {'loss': tensor(1.3927, grad_fn=<DivBackward0>), 'jigsaw_acc': tensor(0.2513)}
2019-11-28 23:43:13,501 [MainThread  ] train batch 752 / 1562 (iter 7000), current average result {'loss': tensor(1.3925, grad_fn=<DivBackward0>), 'jigsaw_acc': tensor(0.2512)}
2019-11-28 23:44:30,530 [MainThread  ] train batch 1002 / 1562 (iter 7250), current average result {'loss': tensor(1.3923, grad_fn=<DivBackward0>), 'jigsaw_acc': tensor(0.2513)}
2019-11-28 23:45:47,789 [MainThread  ] train batch 1252 / 1562 (iter 7500), current average result {'loss': tensor(1.3921, grad_fn=<DivBackward0>), 'jigsaw_acc': tensor(0.2513)}
2019-11-28 23:47:05,923 [MainThread  ] train batch 1502 / 1562 (iter 7750), current average result {'loss': tensor(1.3919, grad_fn=<DivBackward0>), 'jigsaw_acc': tensor(0.2512)}
2019-11-28 23:48:25,298 [MainThread  ] train batch 190 / 1562 (iter 8000), current average result {'loss': tensor(1.3917, grad_fn=<DivBackward0>), 'jigsaw_acc': tensor(0.2513)}
2019-11-28 23:49:42,682 [MainThread  ] train batch 440 / 1562 (iter 8250), current average result {'loss': tensor(1.3916, grad_fn=<DivBackward0>), 'jigsaw_acc': tensor(0.2513)}
2019-11-28 23:50:59,723 [MainThread  ] train batch 690 / 1562 (iter 8500), current average result {'loss': tensor(1.3914, grad_fn=<DivBackward0>), 'jigsaw_acc': tensor(0.2513)}
2019-11-28 23:52:18,142 [MainThread  ] train batch 940 / 1562 (iter 8750), current average result {'loss': tensor(1.3913, grad_fn=<DivBackward0>), 'jigsaw_acc': tensor(0.2512)}
2019-11-28 23:53:35,419 [MainThread  ] train batch 1190 / 1562 (iter 9000), current average result {'loss': tensor(1.3912, grad_fn=<DivBackward0>), 'jigsaw_acc': tensor(0.2512)}
2019-11-28 23:54:52,952 [MainThread  ] train batch 1440 / 1562 (iter 9250), current average result {'loss': tensor(1.3910, grad_fn=<DivBackward0>), 'jigsaw_acc': tensor(0.2511)}
2019-11-28 23:56:13,245 [MainThread  ] train batch 128 / 1562 (iter 9500), current average result {'loss': tensor(1.3909, grad_fn=<DivBackward0>), 'jigsaw_acc': tensor(0.2511)}
2019-11-28 23:57:31,035 [MainThread  ] train batch 378 / 1562 (iter 9750), current average result {'loss': tensor(1.3908, grad_fn=<DivBackward0>), 'jigsaw_acc': tensor(0.2511)}
2019-11-28 23:58:48,695 [MainThread  ] train batch 628 / 1562 (iter 10000), current average result {'loss': tensor(1.3907, grad_fn=<DivBackward0>), 'jigsaw_acc': tensor(0.2510)}
2019-11-28 23:58:48,875 [MainThread  ] Save parameters for ./results/Selfie-pretrain-finetune/pretrain_cifar10_un_10000.ckpt
2019-11-29 00:00:06,996 [MainThread  ] train batch 878 / 1562 (iter 10250), current average result {'loss': tensor(1.3906, grad_fn=<DivBackward0>), 'jigsaw_acc': tensor(0.2511)}
2019-11-29 00:01:25,009 [MainThread  ] train batch 1128 / 1562 (iter 10500), current average result {'loss': tensor(1.3905, grad_fn=<DivBackward0>), 'jigsaw_acc': tensor(0.2510)}
2019-11-29 00:02:42,217 [MainThread  ] train batch 1378 / 1562 (iter 10750), current average result {'loss': tensor(1.3904, grad_fn=<DivBackward0>), 'jigsaw_acc': tensor(0.2510)}
2019-11-29 00:04:01,997 [MainThread  ] train batch 66 / 1562 (iter 11000), current average result {'loss': tensor(1.3903, grad_fn=<DivBackward0>), 'jigsaw_acc': tensor(0.2510)}
2019-11-29 00:05:20,922 [MainThread  ] train batch 316 / 1562 (iter 11250), current average result {'loss': tensor(1.3902, grad_fn=<DivBackward0>), 'jigsaw_acc': tensor(0.2510)}
2019-11-29 00:06:38,314 [MainThread  ] train batch 566 / 1562 (iter 11500), current average result {'loss': tensor(1.3901, grad_fn=<DivBackward0>), 'jigsaw_acc': tensor(0.2510)}
2019-11-29 00:07:56,033 [MainThread  ] train batch 816 / 1562 (iter 11750), current average result {'loss': tensor(1.3901, grad_fn=<DivBackward0>), 'jigsaw_acc': tensor(0.2510)}
2019-11-29 00:09:14,015 [MainThread  ] train batch 1066 / 1562 (iter 12000), current average result {'loss': tensor(1.3900, grad_fn=<DivBackward0>), 'jigsaw_acc': tensor(0.2509)}
2019-11-29 00:10:32,052 [MainThread  ] train batch 1316 / 1562 (iter 12250), current average result {'loss': tensor(1.3899, grad_fn=<DivBackward0>), 'jigsaw_acc': tensor(0.2509)}
2019-11-29 00:11:53,127 [MainThread  ] train batch 4 / 1562 (iter 12500), current average result {'loss': tensor(1.3899, grad_fn=<DivBackward0>), 'jigsaw_acc': tensor(0.2509)}
2019-11-29 00:13:11,401 [MainThread  ] train batch 254 / 1562 (iter 12750), current average result {'loss': tensor(1.3898, grad_fn=<DivBackward0>), 'jigsaw_acc': tensor(0.2509)}
2019-11-29 00:14:29,275 [MainThread  ] train batch 504 / 1562 (iter 13000), current average result {'loss': tensor(1.3897, grad_fn=<DivBackward0>), 'jigsaw_acc': tensor(0.2509)}
2019-11-29 00:15:48,080 [MainThread  ] train batch 754 / 1562 (iter 13250), current average result {'loss': tensor(1.3897, grad_fn=<DivBackward0>), 'jigsaw_acc': tensor(0.2509)}
2019-11-29 00:17:05,579 [MainThread  ] train batch 1004 / 1562 (iter 13500), current average result {'loss': tensor(1.3896, grad_fn=<DivBackward0>), 'jigsaw_acc': tensor(0.2509)}
2019-11-29 00:18:23,682 [MainThread  ] train batch 1254 / 1562 (iter 13750), current average result {'loss': tensor(1.3896, grad_fn=<DivBackward0>), 'jigsaw_acc': tensor(0.2508)}
2019-11-29 00:19:42,390 [MainThread  ] train batch 1504 / 1562 (iter 14000), current average result {'loss': tensor(1.3895, grad_fn=<DivBackward0>), 'jigsaw_acc': tensor(0.2508)}
2019-11-29 00:21:02,634 [MainThread  ] train batch 192 / 1562 (iter 14250), current average result {'loss': tensor(1.3895, grad_fn=<DivBackward0>), 'jigsaw_acc': tensor(0.2508)}
2019-11-29 00:22:21,454 [MainThread  ] train batch 442 / 1562 (iter 14500), current average result {'loss': tensor(1.3894, grad_fn=<DivBackward0>), 'jigsaw_acc': tensor(0.2508)}
2019-11-29 00:23:39,263 [MainThread  ] train batch 692 / 1562 (iter 14750), current average result {'loss': tensor(1.3894, grad_fn=<DivBackward0>), 'jigsaw_acc': tensor(0.2508)}
2019-11-29 00:24:57,176 [MainThread  ] train batch 942 / 1562 (iter 15000), current average result {'loss': tensor(1.3893, grad_fn=<DivBackward0>), 'jigsaw_acc': tensor(0.2508)}
2019-11-29 00:26:15,001 [MainThread  ] train batch 1192 / 1562 (iter 15250), current average result {'loss': tensor(1.3893, grad_fn=<DivBackward0>), 'jigsaw_acc': tensor(0.2508)}
2019-11-29 00:27:33,683 [MainThread  ] train batch 1442 / 1562 (iter 15500), current average result {'loss': tensor(1.3892, grad_fn=<DivBackward0>), 'jigsaw_acc': tensor(0.2508)}
2019-11-29 00:28:54,233 [MainThread  ] train batch 130 / 1562 (iter 15750), current average result {'loss': tensor(1.3892, grad_fn=<DivBackward0>), 'jigsaw_acc': tensor(0.2508)}
2019-11-29 00:30:11,895 [MainThread  ] train batch 380 / 1562 (iter 16000), current average result {'loss': tensor(1.3891, grad_fn=<DivBackward0>), 'jigsaw_acc': tensor(0.2508)}
2019-11-29 00:31:29,602 [MainThread  ] train batch 630 / 1562 (iter 16250), current average result {'loss': tensor(1.3891, grad_fn=<DivBackward0>), 'jigsaw_acc': tensor(0.2507)}
2019-11-29 00:32:48,006 [MainThread  ] train batch 880 / 1562 (iter 16500), current average result {'loss': tensor(1.3890, grad_fn=<DivBackward0>), 'jigsaw_acc': tensor(0.2507)}
2019-11-29 00:34:06,714 [MainThread  ] train batch 1130 / 1562 (iter 16750), current average result {'loss': tensor(1.3890, grad_fn=<DivBackward0>), 'jigsaw_acc': tensor(0.2507)}
2019-11-29 00:35:24,684 [MainThread  ] train batch 1380 / 1562 (iter 17000), current average result {'loss': tensor(1.3890, grad_fn=<DivBackward0>), 'jigsaw_acc': tensor(0.2507)}
2019-11-29 00:36:46,181 [MainThread  ] train batch 68 / 1562 (iter 17250), current average result {'loss': tensor(1.3889, grad_fn=<DivBackward0>), 'jigsaw_acc': tensor(0.2507)}
2019-11-29 00:38:03,701 [MainThread  ] train batch 318 / 1562 (iter 17500), current average result {'loss': tensor(1.3889, grad_fn=<DivBackward0>), 'jigsaw_acc': tensor(0.2507)}
2019-11-29 00:39:21,340 [MainThread  ] train batch 568 / 1562 (iter 17750), current average result {'loss': tensor(1.3889, grad_fn=<DivBackward0>), 'jigsaw_acc': tensor(0.2507)}
2019-11-29 00:40:40,160 [MainThread  ] train batch 818 / 1562 (iter 18000), current average result {'loss': tensor(1.3888, grad_fn=<DivBackward0>), 'jigsaw_acc': tensor(0.2507)}
2019-11-29 00:41:58,946 [MainThread  ] train batch 1068 / 1562 (iter 18250), current average result {'loss': tensor(1.3888, grad_fn=<DivBackward0>), 'jigsaw_acc': tensor(0.2507)}
2019-11-29 00:43:16,896 [MainThread  ] train batch 1318 / 1562 (iter 18500), current average result {'loss': tensor(1.3888, grad_fn=<DivBackward0>), 'jigsaw_acc': tensor(0.2507)}
2019-11-29 00:44:38,324 [MainThread  ] train batch 6 / 1562 (iter 18750), current average result {'loss': tensor(1.3887, grad_fn=<DivBackward0>), 'jigsaw_acc': tensor(0.2507)}
2019-11-29 00:45:57,161 [MainThread  ] train batch 256 / 1562 (iter 19000), current average result {'loss': tensor(1.3887, grad_fn=<DivBackward0>), 'jigsaw_acc': tensor(0.2506)}
2019-11-29 00:47:15,759 [MainThread  ] train batch 506 / 1562 (iter 19250), current average result {'loss': tensor(1.3887, grad_fn=<DivBackward0>), 'jigsaw_acc': tensor(0.2506)}
2019-11-29 00:48:34,275 [MainThread  ] train batch 756 / 1562 (iter 19500), current average result {'loss': tensor(1.3886, grad_fn=<DivBackward0>), 'jigsaw_acc': tensor(0.2506)}
2019-11-29 00:49:51,615 [MainThread  ] train batch 1006 / 1562 (iter 19750), current average result {'loss': tensor(1.3886, grad_fn=<DivBackward0>), 'jigsaw_acc': tensor(0.2506)}
2019-11-29 00:51:10,010 [MainThread  ] train batch 1256 / 1562 (iter 20000), current average result {'loss': tensor(1.3886, grad_fn=<DivBackward0>), 'jigsaw_acc': tensor(0.2506)}
2019-11-29 00:51:10,143 [MainThread  ] Save parameters for ./results/Selfie-pretrain-finetune/pretrain_cifar10_un_20000.ckpt
2019-11-29 00:52:29,742 [MainThread  ] train batch 1506 / 1562 (iter 20250), current average result {'loss': tensor(1.3886, grad_fn=<DivBackward0>), 'jigsaw_acc': tensor(0.2506)}
2019-11-29 00:53:51,092 [MainThread  ] train batch 194 / 1562 (iter 20500), current average result {'loss': tensor(1.3885, grad_fn=<DivBackward0>), 'jigsaw_acc': tensor(0.2506)}
2019-11-29 00:55:09,721 [MainThread  ] train batch 444 / 1562 (iter 20750), current average result {'loss': tensor(1.3885, grad_fn=<DivBackward0>), 'jigsaw_acc': tensor(0.2506)}
2019-11-29 00:56:28,408 [MainThread  ] train batch 694 / 1562 (iter 21000), current average result {'loss': tensor(1.3885, grad_fn=<DivBackward0>), 'jigsaw_acc': tensor(0.2506)}
2019-11-29 00:57:46,560 [MainThread  ] train batch 944 / 1562 (iter 21250), current average result {'loss': tensor(1.3885, grad_fn=<DivBackward0>), 'jigsaw_acc': tensor(0.2506)}
2019-11-29 00:59:04,754 [MainThread  ] train batch 1194 / 1562 (iter 21500), current average result {'loss': tensor(1.3884, grad_fn=<DivBackward0>), 'jigsaw_acc': tensor(0.2505)}
2019-11-29 01:00:21,784 [MainThread  ] train batch 1444 / 1562 (iter 21750), current average result {'loss': tensor(1.3884, grad_fn=<DivBackward0>), 'jigsaw_acc': tensor(0.2505)}
2019-11-29 01:01:42,498 [MainThread  ] train batch 132 / 1562 (iter 22000), current average result {'loss': tensor(1.3884, grad_fn=<DivBackward0>), 'jigsaw_acc': tensor(0.2505)}
2019-11-29 01:03:00,343 [MainThread  ] train batch 382 / 1562 (iter 22250), current average result {'loss': tensor(1.3884, grad_fn=<DivBackward0>), 'jigsaw_acc': tensor(0.2505)}
2019-11-29 01:04:18,843 [MainThread  ] train batch 632 / 1562 (iter 22500), current average result {'loss': tensor(1.3884, grad_fn=<DivBackward0>), 'jigsaw_acc': tensor(0.2505)}
2019-11-29 01:05:38,555 [MainThread  ] train batch 882 / 1562 (iter 22750), current average result {'loss': tensor(1.3883, grad_fn=<DivBackward0>), 'jigsaw_acc': tensor(0.2505)}
2019-11-29 01:06:57,191 [MainThread  ] train batch 1132 / 1562 (iter 23000), current average result {'loss': tensor(1.3883, grad_fn=<DivBackward0>), 'jigsaw_acc': tensor(0.2505)}
2019-11-29 01:08:15,705 [MainThread  ] train batch 1382 / 1562 (iter 23250), current average result {'loss': tensor(1.3883, grad_fn=<DivBackward0>), 'jigsaw_acc': tensor(0.2505)}
2019-11-29 01:09:36,979 [MainThread  ] train batch 70 / 1562 (iter 23500), current average result {'loss': tensor(1.3883, grad_fn=<DivBackward0>), 'jigsaw_acc': tensor(0.2505)}
2019-11-29 01:10:55,415 [MainThread  ] train batch 320 / 1562 (iter 23750), current average result {'loss': tensor(1.3883, grad_fn=<DivBackward0>), 'jigsaw_acc': tensor(0.2505)}
2019-11-29 01:12:13,769 [MainThread  ] train batch 570 / 1562 (iter 24000), current average result {'loss': tensor(1.3882, grad_fn=<DivBackward0>), 'jigsaw_acc': tensor(0.2505)}
2019-11-29 01:13:32,070 [MainThread  ] train batch 820 / 1562 (iter 24250), current average result {'loss': tensor(1.3882, grad_fn=<DivBackward0>), 'jigsaw_acc': tensor(0.2505)}
2019-11-29 01:14:50,275 [MainThread  ] train batch 1070 / 1562 (iter 24500), current average result {'loss': tensor(1.3882, grad_fn=<DivBackward0>), 'jigsaw_acc': tensor(0.2505)}
2019-11-29 01:16:08,794 [MainThread  ] train batch 1320 / 1562 (iter 24750), current average result {'loss': tensor(1.3882, grad_fn=<DivBackward0>), 'jigsaw_acc': tensor(0.2505)}
2019-11-29 01:17:30,145 [MainThread  ] train batch 8 / 1562 (iter 25000), current average result {'loss': tensor(1.3882, grad_fn=<DivBackward0>), 'jigsaw_acc': tensor(0.2505)}
2019-11-29 01:18:49,077 [MainThread  ] train batch 258 / 1562 (iter 25250), current average result {'loss': tensor(1.3882, grad_fn=<DivBackward0>), 'jigsaw_acc': tensor(0.2505)}
2019-11-29 01:20:07,395 [MainThread  ] train batch 508 / 1562 (iter 25500), current average result {'loss': tensor(1.3881, grad_fn=<DivBackward0>), 'jigsaw_acc': tensor(0.2505)}
2019-11-29 01:21:26,465 [MainThread  ] train batch 758 / 1562 (iter 25750), current average result {'loss': tensor(1.3881, grad_fn=<DivBackward0>), 'jigsaw_acc': tensor(0.2505)}
2019-11-29 01:22:45,324 [MainThread  ] train batch 1008 / 1562 (iter 26000), current average result {'loss': tensor(1.3881, grad_fn=<DivBackward0>), 'jigsaw_acc': tensor(0.2505)}
2019-11-29 01:24:03,177 [MainThread  ] train batch 1258 / 1562 (iter 26250), current average result {'loss': tensor(1.3881, grad_fn=<DivBackward0>), 'jigsaw_acc': tensor(0.2505)}
2019-11-29 01:25:21,090 [MainThread  ] train batch 1508 / 1562 (iter 26500), current average result {'loss': tensor(1.3881, grad_fn=<DivBackward0>), 'jigsaw_acc': tensor(0.2505)}
2019-11-29 01:26:42,842 [MainThread  ] train batch 196 / 1562 (iter 26750), current average result {'loss': tensor(1.3881, grad_fn=<DivBackward0>), 'jigsaw_acc': tensor(0.2505)}
2019-11-29 01:27:59,933 [MainThread  ] train batch 446 / 1562 (iter 27000), current average result {'loss': tensor(1.3881, grad_fn=<DivBackward0>), 'jigsaw_acc': tensor(0.2505)}
2019-11-29 01:29:18,337 [MainThread  ] train batch 696 / 1562 (iter 27250), current average result {'loss': tensor(1.3881, grad_fn=<DivBackward0>), 'jigsaw_acc': tensor(0.2504)}
2019-11-29 01:30:36,085 [MainThread  ] train batch 946 / 1562 (iter 27500), current average result {'loss': tensor(1.3880, grad_fn=<DivBackward0>), 'jigsaw_acc': tensor(0.2504)}
2019-11-29 01:31:54,463 [MainThread  ] train batch 1196 / 1562 (iter 27750), current average result {'loss': tensor(1.3880, grad_fn=<DivBackward0>), 'jigsaw_acc': tensor(0.2504)}
2019-11-29 01:33:13,156 [MainThread  ] train batch 1446 / 1562 (iter 28000), current average result {'loss': tensor(1.3880, grad_fn=<DivBackward0>), 'jigsaw_acc': tensor(0.2504)}
2019-11-29 01:34:35,759 [MainThread  ] train batch 134 / 1562 (iter 28250), current average result {'loss': tensor(1.3880, grad_fn=<DivBackward0>), 'jigsaw_acc': tensor(0.2504)}
2019-11-29 01:35:54,491 [MainThread  ] train batch 384 / 1562 (iter 28500), current average result {'loss': tensor(1.3880, grad_fn=<DivBackward0>), 'jigsaw_acc': tensor(0.2504)}
2019-11-29 01:37:12,786 [MainThread  ] train batch 634 / 1562 (iter 28750), current average result {'loss': tensor(1.3880, grad_fn=<DivBackward0>), 'jigsaw_acc': tensor(0.2504)}
2019-11-29 01:38:31,535 [MainThread  ] train batch 884 / 1562 (iter 29000), current average result {'loss': tensor(1.3880, grad_fn=<DivBackward0>), 'jigsaw_acc': tensor(0.2504)}
2019-11-29 01:39:49,772 [MainThread  ] train batch 1134 / 1562 (iter 29250), current average result {'loss': tensor(1.3880, grad_fn=<DivBackward0>), 'jigsaw_acc': tensor(0.2504)}
2019-11-29 01:41:08,092 [MainThread  ] train batch 1384 / 1562 (iter 29500), current average result {'loss': tensor(1.3880, grad_fn=<DivBackward0>), 'jigsaw_acc': tensor(0.2504)}
2019-11-29 01:42:29,831 [MainThread  ] train batch 72 / 1562 (iter 29750), current average result {'loss': tensor(1.3879, grad_fn=<DivBackward0>), 'jigsaw_acc': tensor(0.2504)}
2019-11-29 01:43:47,843 [MainThread  ] train batch 322 / 1562 (iter 30000), current average result {'loss': tensor(1.3879, grad_fn=<DivBackward0>), 'jigsaw_acc': tensor(0.2504)}
2019-11-29 01:43:47,987 [MainThread  ] Save parameters for ./results/Selfie-pretrain-finetune/pretrain_cifar10_un_30000.ckpt
2019-11-29 01:45:07,386 [MainThread  ] train batch 572 / 1562 (iter 30250), current average result {'loss': tensor(1.3879, grad_fn=<DivBackward0>), 'jigsaw_acc': tensor(0.2504)}
2019-11-29 01:46:25,206 [MainThread  ] train batch 822 / 1562 (iter 30500), current average result {'loss': tensor(1.3879, grad_fn=<DivBackward0>), 'jigsaw_acc': tensor(0.2504)}
2019-11-29 01:47:44,252 [MainThread  ] train batch 1072 / 1562 (iter 30750), current average result {'loss': tensor(1.3879, grad_fn=<DivBackward0>), 'jigsaw_acc': tensor(0.2504)}
2019-11-29 01:49:02,245 [MainThread  ] train batch 1322 / 1562 (iter 31000), current average result {'loss': tensor(1.3879, grad_fn=<DivBackward0>), 'jigsaw_acc': tensor(0.2504)}
2019-11-29 01:50:24,517 [MainThread  ] train batch 10 / 1562 (iter 31250), current average result {'loss': tensor(1.3879, grad_fn=<DivBackward0>), 'jigsaw_acc': tensor(0.2504)}
2019-11-29 01:51:43,660 [MainThread  ] train batch 260 / 1562 (iter 31500), current average result {'loss': tensor(1.3879, grad_fn=<DivBackward0>), 'jigsaw_acc': tensor(0.2504)}
2019-11-29 01:53:01,965 [MainThread  ] train batch 510 / 1562 (iter 31750), current average result {'loss': tensor(1.3879, grad_fn=<DivBackward0>), 'jigsaw_acc': tensor(0.2504)}
2019-11-29 01:54:20,662 [MainThread  ] train batch 760 / 1562 (iter 32000), current average result {'loss': tensor(1.3879, grad_fn=<DivBackward0>), 'jigsaw_acc': tensor(0.2504)}
2019-11-29 01:55:38,234 [MainThread  ] train batch 1010 / 1562 (iter 32250), current average result {'loss': tensor(1.3878, grad_fn=<DivBackward0>), 'jigsaw_acc': tensor(0.2504)}
2019-11-29 01:56:56,206 [MainThread  ] train batch 1260 / 1562 (iter 32500), current average result {'loss': tensor(1.3878, grad_fn=<DivBackward0>), 'jigsaw_acc': tensor(0.2504)}
2019-11-29 01:58:15,382 [MainThread  ] train batch 1510 / 1562 (iter 32750), current average result {'loss': tensor(1.3878, grad_fn=<DivBackward0>), 'jigsaw_acc': tensor(0.2504)}
2019-11-29 01:59:37,908 [MainThread  ] train batch 198 / 1562 (iter 33000), current average result {'loss': tensor(1.3878, grad_fn=<DivBackward0>), 'jigsaw_acc': tensor(0.2504)}
2019-11-29 02:00:56,764 [MainThread  ] train batch 448 / 1562 (iter 33250), current average result {'loss': tensor(1.3878, grad_fn=<DivBackward0>), 'jigsaw_acc': tensor(0.2504)}
2019-11-29 02:02:16,281 [MainThread  ] train batch 698 / 1562 (iter 33500), current average result {'loss': tensor(1.3878, grad_fn=<DivBackward0>), 'jigsaw_acc': tensor(0.2504)}
2019-11-29 02:03:35,048 [MainThread  ] train batch 948 / 1562 (iter 33750), current average result {'loss': tensor(1.3878, grad_fn=<DivBackward0>), 'jigsaw_acc': tensor(0.2504)}
2019-11-29 02:04:54,418 [MainThread  ] train batch 1198 / 1562 (iter 34000), current average result {'loss': tensor(1.3878, grad_fn=<DivBackward0>), 'jigsaw_acc': tensor(0.2503)}
2019-11-29 02:06:13,246 [MainThread  ] train batch 1448 / 1562 (iter 34250), current average result {'loss': tensor(1.3878, grad_fn=<DivBackward0>), 'jigsaw_acc': tensor(0.2503)}
2019-11-29 02:07:36,699 [MainThread  ] train batch 136 / 1562 (iter 34500), current average result {'loss': tensor(1.3878, grad_fn=<DivBackward0>), 'jigsaw_acc': tensor(0.2503)}
2019-11-29 02:08:55,796 [MainThread  ] train batch 386 / 1562 (iter 34750), current average result {'loss': tensor(1.3878, grad_fn=<DivBackward0>), 'jigsaw_acc': tensor(0.2503)}
2019-11-29 02:10:14,262 [MainThread  ] train batch 636 / 1562 (iter 35000), current average result {'loss': tensor(1.3878, grad_fn=<DivBackward0>), 'jigsaw_acc': tensor(0.2503)}
2019-11-29 02:11:32,494 [MainThread  ] train batch 886 / 1562 (iter 35250), current average result {'loss': tensor(1.3878, grad_fn=<DivBackward0>), 'jigsaw_acc': tensor(0.2503)}
2019-11-29 02:12:51,547 [MainThread  ] train batch 1136 / 1562 (iter 35500), current average result {'loss': tensor(1.3877, grad_fn=<DivBackward0>), 'jigsaw_acc': tensor(0.2503)}
2019-11-29 02:14:11,553 [MainThread  ] train batch 1386 / 1562 (iter 35750), current average result {'loss': tensor(1.3877, grad_fn=<DivBackward0>), 'jigsaw_acc': tensor(0.2503)}
2019-11-29 02:15:35,521 [MainThread  ] train batch 74 / 1562 (iter 36000), current average result {'loss': tensor(1.3877, grad_fn=<DivBackward0>), 'jigsaw_acc': tensor(0.2503)}
2019-11-29 02:16:55,805 [MainThread  ] train batch 324 / 1562 (iter 36250), current average result {'loss': tensor(1.3877, grad_fn=<DivBackward0>), 'jigsaw_acc': tensor(0.2503)}
2019-11-29 02:18:14,304 [MainThread  ] train batch 574 / 1562 (iter 36500), current average result {'loss': tensor(1.3877, grad_fn=<DivBackward0>), 'jigsaw_acc': tensor(0.2503)}
2019-11-29 02:19:33,621 [MainThread  ] train batch 824 / 1562 (iter 36750), current average result {'loss': tensor(1.3877, grad_fn=<DivBackward0>), 'jigsaw_acc': tensor(0.2503)}
2019-11-29 02:20:52,471 [MainThread  ] train batch 1074 / 1562 (iter 37000), current average result {'loss': tensor(1.3877, grad_fn=<DivBackward0>), 'jigsaw_acc': tensor(0.2503)}
2019-11-29 02:22:12,671 [MainThread  ] train batch 1324 / 1562 (iter 37250), current average result {'loss': tensor(1.3877, grad_fn=<DivBackward0>), 'jigsaw_acc': tensor(0.2503)}
2019-11-29 02:23:36,604 [MainThread  ] train batch 12 / 1562 (iter 37500), current average result {'loss': tensor(1.3877, grad_fn=<DivBackward0>), 'jigsaw_acc': tensor(0.2503)}
2019-11-29 02:24:55,433 [MainThread  ] train batch 262 / 1562 (iter 37750), current average result {'loss': tensor(1.3877, grad_fn=<DivBackward0>), 'jigsaw_acc': tensor(0.2503)}
2019-11-29 02:26:15,250 [MainThread  ] train batch 512 / 1562 (iter 38000), current average result {'loss': tensor(1.3877, grad_fn=<DivBackward0>), 'jigsaw_acc': tensor(0.2503)}
2019-11-29 02:27:35,268 [MainThread  ] train batch 762 / 1562 (iter 38250), current average result {'loss': tensor(1.3877, grad_fn=<DivBackward0>), 'jigsaw_acc': tensor(0.2503)}
2019-11-29 02:28:53,967 [MainThread  ] train batch 1012 / 1562 (iter 38500), current average result {'loss': tensor(1.3877, grad_fn=<DivBackward0>), 'jigsaw_acc': tensor(0.2503)}
2019-11-29 02:30:13,522 [MainThread  ] train batch 1262 / 1562 (iter 38750), current average result {'loss': tensor(1.3877, grad_fn=<DivBackward0>), 'jigsaw_acc': tensor(0.2503)}
2019-11-29 02:31:31,988 [MainThread  ] train batch 1512 / 1562 (iter 39000), current average result {'loss': tensor(1.3877, grad_fn=<DivBackward0>), 'jigsaw_acc': tensor(0.2503)}
2019-11-29 02:32:54,369 [MainThread  ] train batch 200 / 1562 (iter 39250), current average result {'loss': tensor(1.3876, grad_fn=<DivBackward0>), 'jigsaw_acc': tensor(0.2503)}
2019-11-29 02:34:12,433 [MainThread  ] train batch 450 / 1562 (iter 39500), current average result {'loss': tensor(1.3876, grad_fn=<DivBackward0>), 'jigsaw_acc': tensor(0.2502)}
2019-11-29 02:35:30,557 [MainThread  ] train batch 700 / 1562 (iter 39750), current average result {'loss': tensor(1.3876, grad_fn=<DivBackward0>), 'jigsaw_acc': tensor(0.2502)}
2019-11-29 02:36:48,951 [MainThread  ] train batch 950 / 1562 (iter 40000), current average result {'loss': tensor(1.3876, grad_fn=<DivBackward0>), 'jigsaw_acc': tensor(0.2502)}
2019-11-29 02:36:49,148 [MainThread  ] Save parameters for ./results/Selfie-pretrain-finetune/pretrain_cifar10_un_40000.ckpt
2019-11-29 02:38:08,313 [MainThread  ] train batch 1200 / 1562 (iter 40250), current average result {'loss': tensor(1.3876, grad_fn=<DivBackward0>), 'jigsaw_acc': tensor(0.2503)}
2019-11-29 02:39:28,174 [MainThread  ] train batch 1450 / 1562 (iter 40500), current average result {'loss': tensor(1.3876, grad_fn=<DivBackward0>), 'jigsaw_acc': tensor(0.2502)}
2019-11-29 02:40:51,282 [MainThread  ] train batch 138 / 1562 (iter 40750), current average result {'loss': tensor(1.3876, grad_fn=<DivBackward0>), 'jigsaw_acc': tensor(0.2502)}
2019-11-29 02:42:10,577 [MainThread  ] train batch 388 / 1562 (iter 41000), current average result {'loss': tensor(1.3876, grad_fn=<DivBackward0>), 'jigsaw_acc': tensor(0.2502)}
2019-11-29 02:43:30,200 [MainThread  ] train batch 638 / 1562 (iter 41250), current average result {'loss': tensor(1.3876, grad_fn=<DivBackward0>), 'jigsaw_acc': tensor(0.2502)}
2019-11-29 02:44:48,166 [MainThread  ] train batch 888 / 1562 (iter 41500), current average result {'loss': tensor(1.3876, grad_fn=<DivBackward0>), 'jigsaw_acc': tensor(0.2502)}
2019-11-29 02:46:06,866 [MainThread  ] train batch 1138 / 1562 (iter 41750), current average result {'loss': tensor(1.3876, grad_fn=<DivBackward0>), 'jigsaw_acc': tensor(0.2502)}
2019-11-29 02:47:25,523 [MainThread  ] train batch 1388 / 1562 (iter 42000), current average result {'loss': tensor(1.3876, grad_fn=<DivBackward0>), 'jigsaw_acc': tensor(0.2502)}
2019-11-29 02:48:48,886 [MainThread  ] train batch 76 / 1562 (iter 42250), current average result {'loss': tensor(1.3876, grad_fn=<DivBackward0>), 'jigsaw_acc': tensor(0.2502)}
2019-11-29 02:50:06,455 [MainThread  ] train batch 326 / 1562 (iter 42500), current average result {'loss': tensor(1.3876, grad_fn=<DivBackward0>), 'jigsaw_acc': tensor(0.2502)}
2019-11-29 02:51:26,360 [MainThread  ] train batch 576 / 1562 (iter 42750), current average result {'loss': tensor(1.3876, grad_fn=<DivBackward0>), 'jigsaw_acc': tensor(0.2502)}
2019-11-29 02:52:46,273 [MainThread  ] train batch 826 / 1562 (iter 43000), current average result {'loss': tensor(1.3876, grad_fn=<DivBackward0>), 'jigsaw_acc': tensor(0.2502)}
2019-11-29 02:54:05,227 [MainThread  ] train batch 1076 / 1562 (iter 43250), current average result {'loss': tensor(1.3876, grad_fn=<DivBackward0>), 'jigsaw_acc': tensor(0.2502)}
2019-11-29 02:55:22,845 [MainThread  ] train batch 1326 / 1562 (iter 43500), current average result {'loss': tensor(1.3876, grad_fn=<DivBackward0>), 'jigsaw_acc': tensor(0.2502)}
2019-11-29 02:56:46,422 [MainThread  ] train batch 14 / 1562 (iter 43750), current average result {'loss': tensor(1.3875, grad_fn=<DivBackward0>), 'jigsaw_acc': tensor(0.2502)}
2019-11-29 02:58:06,453 [MainThread  ] train batch 264 / 1562 (iter 44000), current average result {'loss': tensor(1.3875, grad_fn=<DivBackward0>), 'jigsaw_acc': tensor(0.2502)}
2019-11-29 02:59:25,328 [MainThread  ] train batch 514 / 1562 (iter 44250), current average result {'loss': tensor(1.3875, grad_fn=<DivBackward0>), 'jigsaw_acc': tensor(0.2502)}
2019-11-29 03:00:43,282 [MainThread  ] train batch 764 / 1562 (iter 44500), current average result {'loss': tensor(1.3875, grad_fn=<DivBackward0>), 'jigsaw_acc': tensor(0.2502)}
2019-11-29 03:02:04,167 [MainThread  ] train batch 1014 / 1562 (iter 44750), current average result {'loss': tensor(1.3875, grad_fn=<DivBackward0>), 'jigsaw_acc': tensor(0.2502)}
2019-11-29 03:03:23,493 [MainThread  ] train batch 1264 / 1562 (iter 45000), current average result {'loss': tensor(1.3875, grad_fn=<DivBackward0>), 'jigsaw_acc': tensor(0.2502)}
2019-11-29 03:04:41,988 [MainThread  ] train batch 1514 / 1562 (iter 45250), current average result {'loss': tensor(1.3875, grad_fn=<DivBackward0>), 'jigsaw_acc': tensor(0.2502)}
2019-11-29 03:06:05,378 [MainThread  ] train batch 202 / 1562 (iter 45500), current average result {'loss': tensor(1.3875, grad_fn=<DivBackward0>), 'jigsaw_acc': tensor(0.2502)}
2019-11-29 03:07:23,951 [MainThread  ] train batch 452 / 1562 (iter 45750), current average result {'loss': tensor(1.3875, grad_fn=<DivBackward0>), 'jigsaw_acc': tensor(0.2502)}
2019-11-29 03:08:42,455 [MainThread  ] train batch 702 / 1562 (iter 46000), current average result {'loss': tensor(1.3875, grad_fn=<DivBackward0>), 'jigsaw_acc': tensor(0.2502)}
2019-11-29 03:10:01,700 [MainThread  ] train batch 952 / 1562 (iter 46250), current average result {'loss': tensor(1.3875, grad_fn=<DivBackward0>), 'jigsaw_acc': tensor(0.2502)}
2019-11-29 03:11:21,525 [MainThread  ] train batch 1202 / 1562 (iter 46500), current average result {'loss': tensor(1.3875, grad_fn=<DivBackward0>), 'jigsaw_acc': tensor(0.2502)}
2019-11-29 03:12:40,473 [MainThread  ] train batch 1452 / 1562 (iter 46750), current average result {'loss': tensor(1.3875, grad_fn=<DivBackward0>), 'jigsaw_acc': tensor(0.2502)}
2019-11-29 03:14:04,094 [MainThread  ] train batch 140 / 1562 (iter 47000), current average result {'loss': tensor(1.3875, grad_fn=<DivBackward0>), 'jigsaw_acc': tensor(0.2502)}
2019-11-29 03:15:22,584 [MainThread  ] train batch 390 / 1562 (iter 47250), current average result {'loss': tensor(1.3875, grad_fn=<DivBackward0>), 'jigsaw_acc': tensor(0.2502)}
2019-11-29 03:16:41,151 [MainThread  ] train batch 640 / 1562 (iter 47500), current average result {'loss': tensor(1.3875, grad_fn=<DivBackward0>), 'jigsaw_acc': tensor(0.2502)}
2019-11-29 03:18:00,638 [MainThread  ] train batch 890 / 1562 (iter 47750), current average result {'loss': tensor(1.3875, grad_fn=<DivBackward0>), 'jigsaw_acc': tensor(0.2502)}
2019-11-29 03:19:19,154 [MainThread  ] train batch 1140 / 1562 (iter 48000), current average result {'loss': tensor(1.3874, grad_fn=<DivBackward0>), 'jigsaw_acc': tensor(0.2502)}
2019-11-29 03:20:39,458 [MainThread  ] train batch 1390 / 1562 (iter 48250), current average result {'loss': tensor(1.3874, grad_fn=<DivBackward0>), 'jigsaw_acc': tensor(0.2502)}
2019-11-29 03:22:05,024 [MainThread  ] train batch 78 / 1562 (iter 48500), current average result {'loss': tensor(1.3874, grad_fn=<DivBackward0>), 'jigsaw_acc': tensor(0.2502)}
2019-11-29 03:23:23,940 [MainThread  ] train batch 328 / 1562 (iter 48750), current average result {'loss': tensor(1.3874, grad_fn=<DivBackward0>), 'jigsaw_acc': tensor(0.2502)}
2019-11-29 03:24:42,831 [MainThread  ] train batch 578 / 1562 (iter 49000), current average result {'loss': tensor(1.3874, grad_fn=<DivBackward0>), 'jigsaw_acc': tensor(0.2502)}
2019-11-29 03:26:02,936 [MainThread  ] train batch 828 / 1562 (iter 49250), current average result {'loss': tensor(1.3873, grad_fn=<DivBackward0>), 'jigsaw_acc': tensor(0.2502)}
2019-11-29 03:27:23,194 [MainThread  ] train batch 1078 / 1562 (iter 49500), current average result {'loss': tensor(1.3873, grad_fn=<DivBackward0>), 'jigsaw_acc': tensor(0.2502)}
2019-11-29 03:28:42,488 [MainThread  ] train batch 1328 / 1562 (iter 49750), current average result {'loss': tensor(1.3873, grad_fn=<DivBackward0>), 'jigsaw_acc': tensor(0.2502)}
2019-11-29 03:30:06,087 [MainThread  ] train batch 16 / 1562 (iter 50000), current average result {'loss': tensor(1.3873, grad_fn=<DivBackward0>), 'jigsaw_acc': tensor(0.2502)}
2019-11-29 03:30:06,232 [MainThread  ] Save parameters for ./results/Selfie-pretrain-finetune/pretrain_cifar10_un_50000.ckpt
2019-11-29 03:31:24,439 [MainThread  ] train batch 266 / 1562 (iter 50250), current average result {'loss': tensor(1.3873, grad_fn=<DivBackward0>), 'jigsaw_acc': tensor(0.2502)}
2019-11-29 03:32:45,090 [MainThread  ] train batch 516 / 1562 (iter 50500), current average result {'loss': tensor(1.3873, grad_fn=<DivBackward0>), 'jigsaw_acc': tensor(0.2502)}
2019-11-29 03:34:04,401 [MainThread  ] train batch 766 / 1562 (iter 50750), current average result {'loss': tensor(1.3872, grad_fn=<DivBackward0>), 'jigsaw_acc': tensor(0.2502)}
2019-11-29 03:35:23,961 [MainThread  ] train batch 1016 / 1562 (iter 51000), current average result {'loss': tensor(1.3872, grad_fn=<DivBackward0>), 'jigsaw_acc': tensor(0.2502)}
2019-11-29 03:36:42,998 [MainThread  ] train batch 1266 / 1562 (iter 51250), current average result {'loss': tensor(1.3872, grad_fn=<DivBackward0>), 'jigsaw_acc': tensor(0.2502)}
2019-11-29 03:38:01,874 [MainThread  ] train batch 1516 / 1562 (iter 51500), current average result {'loss': tensor(1.3872, grad_fn=<DivBackward0>), 'jigsaw_acc': tensor(0.2502)}
2019-11-29 03:39:25,540 [MainThread  ] train batch 204 / 1562 (iter 51750), current average result {'loss': tensor(1.3872, grad_fn=<DivBackward0>), 'jigsaw_acc': tensor(0.2502)}
2019-11-29 03:40:45,103 [MainThread  ] train batch 454 / 1562 (iter 52000), current average result {'loss': tensor(1.3872, grad_fn=<DivBackward0>), 'jigsaw_acc': tensor(0.2502)}
2019-11-29 03:42:04,865 [MainThread  ] train batch 704 / 1562 (iter 52250), current average result {'loss': tensor(1.3871, grad_fn=<DivBackward0>), 'jigsaw_acc': tensor(0.2502)}
2019-11-29 03:43:23,348 [MainThread  ] train batch 954 / 1562 (iter 52500), current average result {'loss': tensor(1.3871, grad_fn=<DivBackward0>), 'jigsaw_acc': tensor(0.2502)}
2019-11-29 03:44:42,548 [MainThread  ] train batch 1204 / 1562 (iter 52750), current average result {'loss': tensor(1.3871, grad_fn=<DivBackward0>), 'jigsaw_acc': tensor(0.2502)}
2019-11-29 03:46:01,522 [MainThread  ] train batch 1454 / 1562 (iter 53000), current average result {'loss': tensor(1.3871, grad_fn=<DivBackward0>), 'jigsaw_acc': tensor(0.2502)}
2019-11-29 03:47:25,785 [MainThread  ] train batch 142 / 1562 (iter 53250), current average result {'loss': tensor(1.3871, grad_fn=<DivBackward0>), 'jigsaw_acc': tensor(0.2502)}
2019-11-29 03:48:44,027 [MainThread  ] train batch 392 / 1562 (iter 53500), current average result {'loss': tensor(1.3871, grad_fn=<DivBackward0>), 'jigsaw_acc': tensor(0.2502)}
2019-11-29 03:50:02,861 [MainThread  ] train batch 642 / 1562 (iter 53750), current average result {'loss': tensor(1.3870, grad_fn=<DivBackward0>), 'jigsaw_acc': tensor(0.2502)}
2019-11-29 03:51:20,978 [MainThread  ] train batch 892 / 1562 (iter 54000), current average result {'loss': tensor(1.3870, grad_fn=<DivBackward0>), 'jigsaw_acc': tensor(0.2502)}
2019-11-29 03:52:40,087 [MainThread  ] train batch 1142 / 1562 (iter 54250), current average result {'loss': tensor(1.3870, grad_fn=<DivBackward0>), 'jigsaw_acc': tensor(0.2502)}
2019-11-29 03:53:59,113 [MainThread  ] train batch 1392 / 1562 (iter 54500), current average result {'loss': tensor(1.3870, grad_fn=<DivBackward0>), 'jigsaw_acc': tensor(0.2502)}
2019-11-29 03:55:22,460 [MainThread  ] train batch 80 / 1562 (iter 54750), current average result {'loss': tensor(1.3870, grad_fn=<DivBackward0>), 'jigsaw_acc': tensor(0.2502)}
2019-11-29 03:56:40,992 [MainThread  ] train batch 330 / 1562 (iter 55000), current average result {'loss': tensor(1.3870, grad_fn=<DivBackward0>), 'jigsaw_acc': tensor(0.2502)}
2019-11-29 03:57:59,774 [MainThread  ] train batch 580 / 1562 (iter 55250), current average result {'loss': tensor(1.3869, grad_fn=<DivBackward0>), 'jigsaw_acc': tensor(0.2502)}
2019-11-29 03:59:18,532 [MainThread  ] train batch 830 / 1562 (iter 55500), current average result {'loss': tensor(1.3869, grad_fn=<DivBackward0>), 'jigsaw_acc': tensor(0.2502)}
2019-11-29 04:00:38,040 [MainThread  ] train batch 1080 / 1562 (iter 55750), current average result {'loss': tensor(1.3869, grad_fn=<DivBackward0>), 'jigsaw_acc': tensor(0.2502)}
2019-11-29 04:01:57,348 [MainThread  ] train batch 1330 / 1562 (iter 56000), current average result {'loss': tensor(1.3869, grad_fn=<DivBackward0>), 'jigsaw_acc': tensor(0.2502)}
2019-11-29 04:03:22,227 [MainThread  ] train batch 18 / 1562 (iter 56250), current average result {'loss': tensor(1.3869, grad_fn=<DivBackward0>), 'jigsaw_acc': tensor(0.2502)}
2019-11-29 04:04:41,755 [MainThread  ] train batch 268 / 1562 (iter 56500), current average result {'loss': tensor(1.3869, grad_fn=<DivBackward0>), 'jigsaw_acc': tensor(0.2502)}
2019-11-29 04:05:59,810 [MainThread  ] train batch 518 / 1562 (iter 56750), current average result {'loss': tensor(1.3869, grad_fn=<DivBackward0>), 'jigsaw_acc': tensor(0.2502)}
2019-11-29 04:07:18,628 [MainThread  ] train batch 768 / 1562 (iter 57000), current average result {'loss': tensor(1.3868, grad_fn=<DivBackward0>), 'jigsaw_acc': tensor(0.2502)}
2019-11-29 04:08:37,463 [MainThread  ] train batch 1018 / 1562 (iter 57250), current average result {'loss': tensor(1.3868, grad_fn=<DivBackward0>), 'jigsaw_acc': tensor(0.2502)}
2019-11-29 04:09:56,123 [MainThread  ] train batch 1268 / 1562 (iter 57500), current average result {'loss': tensor(1.3868, grad_fn=<DivBackward0>), 'jigsaw_acc': tensor(0.2502)}
2019-11-29 04:11:14,843 [MainThread  ] train batch 1518 / 1562 (iter 57750), current average result {'loss': tensor(1.3868, grad_fn=<DivBackward0>), 'jigsaw_acc': tensor(0.2502)}
2019-11-29 04:12:38,680 [MainThread  ] train batch 206 / 1562 (iter 58000), current average result {'loss': tensor(1.3868, grad_fn=<DivBackward0>), 'jigsaw_acc': tensor(0.2502)}
2019-11-29 04:13:58,786 [MainThread  ] train batch 456 / 1562 (iter 58250), current average result {'loss': tensor(1.3868, grad_fn=<DivBackward0>), 'jigsaw_acc': tensor(0.2502)}
2019-11-29 04:15:18,095 [MainThread  ] train batch 706 / 1562 (iter 58500), current average result {'loss': tensor(1.3868, grad_fn=<DivBackward0>), 'jigsaw_acc': tensor(0.2502)}
2019-11-29 04:16:36,729 [MainThread  ] train batch 956 / 1562 (iter 58750), current average result {'loss': tensor(1.3867, grad_fn=<DivBackward0>), 'jigsaw_acc': tensor(0.2502)}
2019-11-29 04:17:56,785 [MainThread  ] train batch 1206 / 1562 (iter 59000), current average result {'loss': tensor(1.3867, grad_fn=<DivBackward0>), 'jigsaw_acc': tensor(0.2502)}
2019-11-29 04:19:16,311 [MainThread  ] train batch 1456 / 1562 (iter 59250), current average result {'loss': tensor(1.3867, grad_fn=<DivBackward0>), 'jigsaw_acc': tensor(0.2502)}
2019-11-29 04:20:40,823 [MainThread  ] train batch 144 / 1562 (iter 59500), current average result {'loss': tensor(1.3867, grad_fn=<DivBackward0>), 'jigsaw_acc': tensor(0.2502)}
2019-11-29 04:21:59,522 [MainThread  ] train batch 394 / 1562 (iter 59750), current average result {'loss': tensor(1.3867, grad_fn=<DivBackward0>), 'jigsaw_acc': tensor(0.2502)}
2019-11-29 04:23:18,872 [MainThread  ] train batch 644 / 1562 (iter 60000), current average result {'loss': tensor(1.3867, grad_fn=<DivBackward0>), 'jigsaw_acc': tensor(0.2502)}
2019-11-29 04:23:19,016 [MainThread  ] Save parameters for ./results/Selfie-pretrain-finetune/pretrain_cifar10_un_60000.ckpt
2019-11-29 04:24:37,728 [MainThread  ] train batch 894 / 1562 (iter 60250), current average result {'loss': tensor(1.3867, grad_fn=<DivBackward0>), 'jigsaw_acc': tensor(0.2502)}
2019-11-29 04:25:56,267 [MainThread  ] train batch 1144 / 1562 (iter 60500), current average result {'loss': tensor(1.3867, grad_fn=<DivBackward0>), 'jigsaw_acc': tensor(0.2502)}
2019-11-29 04:27:15,985 [MainThread  ] train batch 1394 / 1562 (iter 60750), current average result {'loss': tensor(1.3866, grad_fn=<DivBackward0>), 'jigsaw_acc': tensor(0.2502)}
2019-11-29 04:28:41,798 [MainThread  ] train batch 82 / 1562 (iter 61000), current average result {'loss': tensor(1.3866, grad_fn=<DivBackward0>), 'jigsaw_acc': tensor(0.2502)}
2019-11-29 04:30:01,280 [MainThread  ] train batch 332 / 1562 (iter 61250), current average result {'loss': tensor(1.3866, grad_fn=<DivBackward0>), 'jigsaw_acc': tensor(0.2502)}
2019-11-29 04:31:20,708 [MainThread  ] train batch 582 / 1562 (iter 61500), current average result {'loss': tensor(1.3866, grad_fn=<DivBackward0>), 'jigsaw_acc': tensor(0.2502)}
2019-11-29 04:32:40,215 [MainThread  ] train batch 832 / 1562 (iter 61750), current average result {'loss': tensor(1.3866, grad_fn=<DivBackward0>), 'jigsaw_acc': tensor(0.2502)}
2019-11-29 04:33:59,202 [MainThread  ] train batch 1082 / 1562 (iter 62000), current average result {'loss': tensor(1.3866, grad_fn=<DivBackward0>), 'jigsaw_acc': tensor(0.2502)}
2019-11-29 04:35:18,672 [MainThread  ] train batch 1332 / 1562 (iter 62250), current average result {'loss': tensor(1.3866, grad_fn=<DivBackward0>), 'jigsaw_acc': tensor(0.2502)}
2019-11-29 04:36:44,189 [MainThread  ] train batch 20 / 1562 (iter 62500), current average result {'loss': tensor(1.3865, grad_fn=<DivBackward0>), 'jigsaw_acc': tensor(0.2502)}
2019-11-29 04:38:02,740 [MainThread  ] train batch 270 / 1562 (iter 62750), current average result {'loss': tensor(1.3865, grad_fn=<DivBackward0>), 'jigsaw_acc': tensor(0.2502)}
2019-11-29 04:39:21,330 [MainThread  ] train batch 520 / 1562 (iter 63000), current average result {'loss': tensor(1.3865, grad_fn=<DivBackward0>), 'jigsaw_acc': tensor(0.2502)}
2019-11-29 04:40:40,068 [MainThread  ] train batch 770 / 1562 (iter 63250), current average result {'loss': tensor(1.3865, grad_fn=<DivBackward0>), 'jigsaw_acc': tensor(0.2502)}
2019-11-29 04:41:58,735 [MainThread  ] train batch 1020 / 1562 (iter 63500), current average result {'loss': tensor(1.3865, grad_fn=<DivBackward0>), 'jigsaw_acc': tensor(0.2502)}
2019-11-29 04:43:17,751 [MainThread  ] train batch 1270 / 1562 (iter 63750), current average result {'loss': tensor(1.3865, grad_fn=<DivBackward0>), 'jigsaw_acc': tensor(0.2502)}
2019-11-29 04:44:37,541 [MainThread  ] train batch 1520 / 1562 (iter 64000), current average result {'loss': tensor(1.3865, grad_fn=<DivBackward0>), 'jigsaw_acc': tensor(0.2502)}
2019-11-29 04:46:03,158 [MainThread  ] train batch 208 / 1562 (iter 64250), current average result {'loss': tensor(1.3865, grad_fn=<DivBackward0>), 'jigsaw_acc': tensor(0.2502)}
2019-11-29 04:47:22,692 [MainThread  ] train batch 458 / 1562 (iter 64500), current average result {'loss': tensor(1.3864, grad_fn=<DivBackward0>), 'jigsaw_acc': tensor(0.2502)}
2019-11-29 04:48:41,355 [MainThread  ] train batch 708 / 1562 (iter 64750), current average result {'loss': tensor(1.3864, grad_fn=<DivBackward0>), 'jigsaw_acc': tensor(0.2502)}
2019-11-29 04:50:00,568 [MainThread  ] train batch 958 / 1562 (iter 65000), current average result {'loss': tensor(1.3864, grad_fn=<DivBackward0>), 'jigsaw_acc': tensor(0.2502)}
2019-11-29 04:51:19,742 [MainThread  ] train batch 1208 / 1562 (iter 65250), current average result {'loss': tensor(1.3864, grad_fn=<DivBackward0>), 'jigsaw_acc': tensor(0.2502)}
2019-11-29 04:52:38,773 [MainThread  ] train batch 1458 / 1562 (iter 65500), current average result {'loss': tensor(1.3864, grad_fn=<DivBackward0>), 'jigsaw_acc': tensor(0.2502)}
2019-11-29 04:54:03,979 [MainThread  ] train batch 146 / 1562 (iter 65750), current average result {'loss': tensor(1.3864, grad_fn=<DivBackward0>), 'jigsaw_acc': tensor(0.2502)}
2019-11-29 04:55:23,538 [MainThread  ] train batch 396 / 1562 (iter 66000), current average result {'loss': tensor(1.3864, grad_fn=<DivBackward0>), 'jigsaw_acc': tensor(0.2502)}
2019-11-29 04:56:42,696 [MainThread  ] train batch 646 / 1562 (iter 66250), current average result {'loss': tensor(1.3864, grad_fn=<DivBackward0>), 'jigsaw_acc': tensor(0.2502)}
2019-11-29 04:58:01,527 [MainThread  ] train batch 896 / 1562 (iter 66500), current average result {'loss': tensor(1.3864, grad_fn=<DivBackward0>), 'jigsaw_acc': tensor(0.2502)}
2019-11-29 04:59:21,198 [MainThread  ] train batch 1146 / 1562 (iter 66750), current average result {'loss': tensor(1.3863, grad_fn=<DivBackward0>), 'jigsaw_acc': tensor(0.2502)}
2019-11-29 05:00:39,980 [MainThread  ] train batch 1396 / 1562 (iter 67000), current average result {'loss': tensor(1.3863, grad_fn=<DivBackward0>), 'jigsaw_acc': tensor(0.2502)}
2019-11-29 05:02:05,477 [MainThread  ] train batch 84 / 1562 (iter 67250), current average result {'loss': tensor(1.3863, grad_fn=<DivBackward0>), 'jigsaw_acc': tensor(0.2502)}
2019-11-29 05:03:24,179 [MainThread  ] train batch 334 / 1562 (iter 67500), current average result {'loss': tensor(1.3863, grad_fn=<DivBackward0>), 'jigsaw_acc': tensor(0.2502)}
2019-11-29 05:04:41,997 [MainThread  ] train batch 584 / 1562 (iter 67750), current average result {'loss': tensor(1.3863, grad_fn=<DivBackward0>), 'jigsaw_acc': tensor(0.2502)}
2019-11-29 05:06:01,216 [MainThread  ] train batch 834 / 1562 (iter 68000), current average result {'loss': tensor(1.3863, grad_fn=<DivBackward0>), 'jigsaw_acc': tensor(0.2502)}
2019-11-29 05:07:19,752 [MainThread  ] train batch 1084 / 1562 (iter 68250), current average result {'loss': tensor(1.3863, grad_fn=<DivBackward0>), 'jigsaw_acc': tensor(0.2502)}
2019-11-29 05:08:39,218 [MainThread  ] train batch 1334 / 1562 (iter 68500), current average result {'loss': tensor(1.3863, grad_fn=<DivBackward0>), 'jigsaw_acc': tensor(0.2502)}
2019-11-29 05:10:04,360 [MainThread  ] train batch 22 / 1562 (iter 68750), current average result {'loss': tensor(1.3862, grad_fn=<DivBackward0>), 'jigsaw_acc': tensor(0.2502)}
2019-11-29 05:11:24,167 [MainThread  ] train batch 272 / 1562 (iter 69000), current average result {'loss': tensor(1.3862, grad_fn=<DivBackward0>), 'jigsaw_acc': tensor(0.2502)}
2019-11-29 05:12:43,375 [MainThread  ] train batch 522 / 1562 (iter 69250), current average result {'loss': tensor(1.3862, grad_fn=<DivBackward0>), 'jigsaw_acc': tensor(0.2502)}
2019-11-29 05:14:02,640 [MainThread  ] train batch 772 / 1562 (iter 69500), current average result {'loss': tensor(1.3862, grad_fn=<DivBackward0>), 'jigsaw_acc': tensor(0.2502)}
2019-11-29 05:15:21,341 [MainThread  ] train batch 1022 / 1562 (iter 69750), current average result {'loss': tensor(1.3862, grad_fn=<DivBackward0>), 'jigsaw_acc': tensor(0.2502)}
2019-11-29 05:16:41,526 [MainThread  ] train batch 1272 / 1562 (iter 70000), current average result {'loss': tensor(1.3862, grad_fn=<DivBackward0>), 'jigsaw_acc': tensor(0.2502)}
2019-11-29 05:16:41,672 [MainThread  ] Save parameters for ./results/Selfie-pretrain-finetune/pretrain_cifar10_un_70000.ckpt
2019-11-29 05:18:02,016 [MainThread  ] train batch 1522 / 1562 (iter 70250), current average result {'loss': tensor(1.3862, grad_fn=<DivBackward0>), 'jigsaw_acc': tensor(0.2502)}
2019-11-29 05:19:27,767 [MainThread  ] train batch 210 / 1562 (iter 70500), current average result {'loss': tensor(1.3862, grad_fn=<DivBackward0>), 'jigsaw_acc': tensor(0.2502)}
2019-11-29 05:20:47,391 [MainThread  ] train batch 460 / 1562 (iter 70750), current average result {'loss': tensor(1.3862, grad_fn=<DivBackward0>), 'jigsaw_acc': tensor(0.2502)}
2019-11-29 05:22:06,572 [MainThread  ] train batch 710 / 1562 (iter 71000), current average result {'loss': tensor(1.3861, grad_fn=<DivBackward0>), 'jigsaw_acc': tensor(0.2502)}
2019-11-29 05:23:26,158 [MainThread  ] train batch 960 / 1562 (iter 71250), current average result {'loss': tensor(1.3861, grad_fn=<DivBackward0>), 'jigsaw_acc': tensor(0.2502)}
2019-11-29 05:24:44,045 [MainThread  ] train batch 1210 / 1562 (iter 71500), current average result {'loss': tensor(1.3861, grad_fn=<DivBackward0>), 'jigsaw_acc': tensor(0.2502)}
2019-11-29 05:26:04,098 [MainThread  ] train batch 1460 / 1562 (iter 71750), current average result {'loss': tensor(1.3861, grad_fn=<DivBackward0>), 'jigsaw_acc': tensor(0.2502)}
2019-11-29 05:27:29,674 [MainThread  ] train batch 148 / 1562 (iter 72000), current average result {'loss': tensor(1.3861, grad_fn=<DivBackward0>), 'jigsaw_acc': tensor(0.2502)}
2019-11-29 05:28:50,159 [MainThread  ] train batch 398 / 1562 (iter 72250), current average result {'loss': tensor(1.3861, grad_fn=<DivBackward0>), 'jigsaw_acc': tensor(0.2502)}
2019-11-29 05:30:10,567 [MainThread  ] train batch 648 / 1562 (iter 72500), current average result {'loss': tensor(1.3861, grad_fn=<DivBackward0>), 'jigsaw_acc': tensor(0.2502)}
2019-11-29 05:31:30,687 [MainThread  ] train batch 898 / 1562 (iter 72750), current average result {'loss': tensor(1.3861, grad_fn=<DivBackward0>), 'jigsaw_acc': tensor(0.2502)}
2019-11-29 05:32:50,664 [MainThread  ] train batch 1148 / 1562 (iter 73000), current average result {'loss': tensor(1.3861, grad_fn=<DivBackward0>), 'jigsaw_acc': tensor(0.2502)}
2019-11-29 05:34:11,956 [MainThread  ] train batch 1398 / 1562 (iter 73250), current average result {'loss': tensor(1.3861, grad_fn=<DivBackward0>), 'jigsaw_acc': tensor(0.2502)}
2019-11-29 05:35:38,245 [MainThread  ] train batch 86 / 1562 (iter 73500), current average result {'loss': tensor(1.3860, grad_fn=<DivBackward0>), 'jigsaw_acc': tensor(0.2502)}
2019-11-29 05:36:57,103 [MainThread  ] train batch 336 / 1562 (iter 73750), current average result {'loss': tensor(1.3860, grad_fn=<DivBackward0>), 'jigsaw_acc': tensor(0.2502)}
2019-11-29 05:38:15,956 [MainThread  ] train batch 586 / 1562 (iter 74000), current average result {'loss': tensor(1.3860, grad_fn=<DivBackward0>), 'jigsaw_acc': tensor(0.2502)}
2019-11-29 05:39:34,615 [MainThread  ] train batch 836 / 1562 (iter 74250), current average result {'loss': tensor(1.3860, grad_fn=<DivBackward0>), 'jigsaw_acc': tensor(0.2502)}
2019-11-29 05:40:52,954 [MainThread  ] train batch 1086 / 1562 (iter 74500), current average result {'loss': tensor(1.3860, grad_fn=<DivBackward0>), 'jigsaw_acc': tensor(0.2502)}
2019-11-29 05:42:12,800 [MainThread  ] train batch 1336 / 1562 (iter 74750), current average result {'loss': tensor(1.3860, grad_fn=<DivBackward0>), 'jigsaw_acc': tensor(0.2502)}
2019-11-29 05:43:39,057 [MainThread  ] train batch 24 / 1562 (iter 75000), current average result {'loss': tensor(1.3860, grad_fn=<DivBackward0>), 'jigsaw_acc': tensor(0.2502)}
2019-11-29 05:44:57,931 [MainThread  ] train batch 274 / 1562 (iter 75250), current average result {'loss': tensor(1.3860, grad_fn=<DivBackward0>), 'jigsaw_acc': tensor(0.2502)}
2019-11-29 05:46:16,961 [MainThread  ] train batch 524 / 1562 (iter 75500), current average result {'loss': tensor(1.3860, grad_fn=<DivBackward0>), 'jigsaw_acc': tensor(0.2502)}
2019-11-29 05:47:37,528 [MainThread  ] train batch 774 / 1562 (iter 75750), current average result {'loss': tensor(1.3860, grad_fn=<DivBackward0>), 'jigsaw_acc': tensor(0.2502)}
2019-11-29 05:48:55,978 [MainThread  ] train batch 1024 / 1562 (iter 76000), current average result {'loss': tensor(1.3859, grad_fn=<DivBackward0>), 'jigsaw_acc': tensor(0.2502)}
2019-11-29 05:50:15,469 [MainThread  ] train batch 1274 / 1562 (iter 76250), current average result {'loss': tensor(1.3859, grad_fn=<DivBackward0>), 'jigsaw_acc': tensor(0.2502)}
2019-11-29 05:51:35,717 [MainThread  ] train batch 1524 / 1562 (iter 76500), current average result {'loss': tensor(1.3859, grad_fn=<DivBackward0>), 'jigsaw_acc': tensor(0.2502)}
2019-11-29 05:53:01,859 [MainThread  ] train batch 212 / 1562 (iter 76750), current average result {'loss': tensor(1.3859, grad_fn=<DivBackward0>), 'jigsaw_acc': tensor(0.2502)}
2019-11-29 05:54:21,636 [MainThread  ] train batch 462 / 1562 (iter 77000), current average result {'loss': tensor(1.3859, grad_fn=<DivBackward0>), 'jigsaw_acc': tensor(0.2502)}
2019-11-29 05:55:40,718 [MainThread  ] train batch 712 / 1562 (iter 77250), current average result {'loss': tensor(1.3859, grad_fn=<DivBackward0>), 'jigsaw_acc': tensor(0.2502)}
2019-11-29 05:56:59,969 [MainThread  ] train batch 962 / 1562 (iter 77500), current average result {'loss': tensor(1.3859, grad_fn=<DivBackward0>), 'jigsaw_acc': tensor(0.2502)}
2019-11-29 05:58:19,643 [MainThread  ] train batch 1212 / 1562 (iter 77750), current average result {'loss': tensor(1.3859, grad_fn=<DivBackward0>), 'jigsaw_acc': tensor(0.2502)}
2019-11-29 05:59:37,978 [MainThread  ] train batch 1462 / 1562 (iter 78000), current average result {'loss': tensor(1.3859, grad_fn=<DivBackward0>), 'jigsaw_acc': tensor(0.2502)}
2019-11-29 06:01:04,483 [MainThread  ] train batch 150 / 1562 (iter 78250), current average result {'loss': tensor(1.3859, grad_fn=<DivBackward0>), 'jigsaw_acc': tensor(0.2502)}
2019-11-29 06:02:23,863 [MainThread  ] train batch 400 / 1562 (iter 78500), current average result {'loss': tensor(1.3858, grad_fn=<DivBackward0>), 'jigsaw_acc': tensor(0.2502)}
2019-11-29 06:03:42,871 [MainThread  ] train batch 650 / 1562 (iter 78750), current average result {'loss': tensor(1.3858, grad_fn=<DivBackward0>), 'jigsaw_acc': tensor(0.2502)}
2019-11-29 06:05:02,393 [MainThread  ] train batch 900 / 1562 (iter 79000), current average result {'loss': tensor(1.3858, grad_fn=<DivBackward0>), 'jigsaw_acc': tensor(0.2502)}
2019-11-29 06:06:21,764 [MainThread  ] train batch 1150 / 1562 (iter 79250), current average result {'loss': tensor(1.3858, grad_fn=<DivBackward0>), 'jigsaw_acc': tensor(0.2502)}
2019-11-29 06:07:41,838 [MainThread  ] train batch 1400 / 1562 (iter 79500), current average result {'loss': tensor(1.3858, grad_fn=<DivBackward0>), 'jigsaw_acc': tensor(0.2502)}
2019-11-29 06:09:08,525 [MainThread  ] train batch 88 / 1562 (iter 79750), current average result {'loss': tensor(1.3858, grad_fn=<DivBackward0>), 'jigsaw_acc': tensor(0.2502)}
2019-11-29 06:10:29,082 [MainThread  ] train batch 338 / 1562 (iter 80000), current average result {'loss': tensor(1.3858, grad_fn=<DivBackward0>), 'jigsaw_acc': tensor(0.2502)}
2019-11-29 06:10:29,271 [MainThread  ] Save parameters for ./results/Selfie-pretrain-finetune/pretrain_cifar10_un_80000.ckpt
2019-11-29 06:11:49,305 [MainThread  ] train batch 588 / 1562 (iter 80250), current average result {'loss': tensor(1.3858, grad_fn=<DivBackward0>), 'jigsaw_acc': tensor(0.2502)}
2019-11-29 06:13:08,261 [MainThread  ] train batch 838 / 1562 (iter 80500), current average result {'loss': tensor(1.3858, grad_fn=<DivBackward0>), 'jigsaw_acc': tensor(0.2502)}
2019-11-29 06:14:27,695 [MainThread  ] train batch 1088 / 1562 (iter 80750), current average result {'loss': tensor(1.3858, grad_fn=<DivBackward0>), 'jigsaw_acc': tensor(0.2502)}
2019-11-29 06:15:47,470 [MainThread  ] train batch 1338 / 1562 (iter 81000), current average result {'loss': tensor(1.3858, grad_fn=<DivBackward0>), 'jigsaw_acc': tensor(0.2502)}
2019-11-29 06:17:14,348 [MainThread  ] train batch 26 / 1562 (iter 81250), current average result {'loss': tensor(1.3857, grad_fn=<DivBackward0>), 'jigsaw_acc': tensor(0.2502)}
2019-11-29 06:18:34,227 [MainThread  ] train batch 276 / 1562 (iter 81500), current average result {'loss': tensor(1.3857, grad_fn=<DivBackward0>), 'jigsaw_acc': tensor(0.2502)}
2019-11-29 06:19:54,119 [MainThread  ] train batch 526 / 1562 (iter 81750), current average result {'loss': tensor(1.3857, grad_fn=<DivBackward0>), 'jigsaw_acc': tensor(0.2502)}
2019-11-29 06:21:13,291 [MainThread  ] train batch 776 / 1562 (iter 82000), current average result {'loss': tensor(1.3857, grad_fn=<DivBackward0>), 'jigsaw_acc': tensor(0.2502)}
2019-11-29 06:22:32,148 [MainThread  ] train batch 1026 / 1562 (iter 82250), current average result {'loss': tensor(1.3857, grad_fn=<DivBackward0>), 'jigsaw_acc': tensor(0.2502)}
2019-11-29 06:23:51,870 [MainThread  ] train batch 1276 / 1562 (iter 82500), current average result {'loss': tensor(1.3857, grad_fn=<DivBackward0>), 'jigsaw_acc': tensor(0.2502)}
2019-11-29 06:25:11,511 [MainThread  ] train batch 1526 / 1562 (iter 82750), current average result {'loss': tensor(1.3857, grad_fn=<DivBackward0>), 'jigsaw_acc': tensor(0.2502)}
2019-11-29 06:26:37,383 [MainThread  ] train batch 214 / 1562 (iter 83000), current average result {'loss': tensor(1.3857, grad_fn=<DivBackward0>), 'jigsaw_acc': tensor(0.2502)}
2019-11-29 06:27:56,532 [MainThread  ] train batch 464 / 1562 (iter 83250), current average result {'loss': tensor(1.3857, grad_fn=<DivBackward0>), 'jigsaw_acc': tensor(0.2502)}
2019-11-29 06:29:16,447 [MainThread  ] train batch 714 / 1562 (iter 83500), current average result {'loss': tensor(1.3857, grad_fn=<DivBackward0>), 'jigsaw_acc': tensor(0.2502)}
2019-11-29 06:30:35,924 [MainThread  ] train batch 964 / 1562 (iter 83750), current average result {'loss': tensor(1.3857, grad_fn=<DivBackward0>), 'jigsaw_acc': tensor(0.2502)}
2019-11-29 06:31:54,844 [MainThread  ] train batch 1214 / 1562 (iter 84000), current average result {'loss': tensor(1.3857, grad_fn=<DivBackward0>), 'jigsaw_acc': tensor(0.2502)}
2019-11-29 06:33:15,543 [MainThread  ] train batch 1464 / 1562 (iter 84250), current average result {'loss': tensor(1.3856, grad_fn=<DivBackward0>), 'jigsaw_acc': tensor(0.2502)}
2019-11-29 06:34:41,772 [MainThread  ] train batch 152 / 1562 (iter 84500), current average result {'loss': tensor(1.3856, grad_fn=<DivBackward0>), 'jigsaw_acc': tensor(0.2502)}
2019-11-29 06:36:01,279 [MainThread  ] train batch 402 / 1562 (iter 84750), current average result {'loss': tensor(1.3856, grad_fn=<DivBackward0>), 'jigsaw_acc': tensor(0.2502)}
2019-11-29 06:37:20,942 [MainThread  ] train batch 652 / 1562 (iter 85000), current average result {'loss': tensor(1.3856, grad_fn=<DivBackward0>), 'jigsaw_acc': tensor(0.2502)}
2019-11-29 06:38:39,902 [MainThread  ] train batch 902 / 1562 (iter 85250), current average result {'loss': tensor(1.3856, grad_fn=<DivBackward0>), 'jigsaw_acc': tensor(0.2502)}
2019-11-29 06:39:58,797 [MainThread  ] train batch 1152 / 1562 (iter 85500), current average result {'loss': tensor(1.3856, grad_fn=<DivBackward0>), 'jigsaw_acc': tensor(0.2502)}
2019-11-29 06:41:17,998 [MainThread  ] train batch 1402 / 1562 (iter 85750), current average result {'loss': tensor(1.3856, grad_fn=<DivBackward0>), 'jigsaw_acc': tensor(0.2502)}
2019-11-29 06:42:44,489 [MainThread  ] train batch 90 / 1562 (iter 86000), current average result {'loss': tensor(1.3856, grad_fn=<DivBackward0>), 'jigsaw_acc': tensor(0.2502)}
2019-11-29 06:44:04,845 [MainThread  ] train batch 340 / 1562 (iter 86250), current average result {'loss': tensor(1.3856, grad_fn=<DivBackward0>), 'jigsaw_acc': tensor(0.2502)}
2019-11-29 06:45:23,741 [MainThread  ] train batch 590 / 1562 (iter 86500), current average result {'loss': tensor(1.3856, grad_fn=<DivBackward0>), 'jigsaw_acc': tensor(0.2502)}
2019-11-29 06:46:42,731 [MainThread  ] train batch 840 / 1562 (iter 86750), current average result {'loss': tensor(1.3856, grad_fn=<DivBackward0>), 'jigsaw_acc': tensor(0.2502)}
2019-11-29 06:48:02,403 [MainThread  ] train batch 1090 / 1562 (iter 87000), current average result {'loss': tensor(1.3856, grad_fn=<DivBackward0>), 'jigsaw_acc': tensor(0.2502)}
2019-11-29 06:49:21,211 [MainThread  ] train batch 1340 / 1562 (iter 87250), current average result {'loss': tensor(1.3856, grad_fn=<DivBackward0>), 'jigsaw_acc': tensor(0.2502)}
2019-11-29 06:50:47,910 [MainThread  ] train batch 28 / 1562 (iter 87500), current average result {'loss': tensor(1.3855, grad_fn=<DivBackward0>), 'jigsaw_acc': tensor(0.2502)}
2019-11-29 06:52:07,425 [MainThread  ] train batch 278 / 1562 (iter 87750), current average result {'loss': tensor(1.3855, grad_fn=<DivBackward0>), 'jigsaw_acc': tensor(0.2502)}
2019-11-29 06:53:27,292 [MainThread  ] train batch 528 / 1562 (iter 88000), current average result {'loss': tensor(1.3855, grad_fn=<DivBackward0>), 'jigsaw_acc': tensor(0.2502)}
2019-11-29 06:54:46,271 [MainThread  ] train batch 778 / 1562 (iter 88250), current average result {'loss': tensor(1.3855, grad_fn=<DivBackward0>), 'jigsaw_acc': tensor(0.2502)}
2019-11-29 06:56:07,026 [MainThread  ] train batch 1028 / 1562 (iter 88500), current average result {'loss': tensor(1.3855, grad_fn=<DivBackward0>), 'jigsaw_acc': tensor(0.2502)}
2019-11-29 06:57:25,728 [MainThread  ] train batch 1278 / 1562 (iter 88750), current average result {'loss': tensor(1.3855, grad_fn=<DivBackward0>), 'jigsaw_acc': tensor(0.2502)}
2019-11-29 06:58:44,491 [MainThread  ] train batch 1528 / 1562 (iter 89000), current average result {'loss': tensor(1.3855, grad_fn=<DivBackward0>), 'jigsaw_acc': tensor(0.2502)}
2019-11-29 07:00:11,478 [MainThread  ] train batch 216 / 1562 (iter 89250), current average result {'loss': tensor(1.3855, grad_fn=<DivBackward0>), 'jigsaw_acc': tensor(0.2502)}
2019-11-29 07:01:31,920 [MainThread  ] train batch 466 / 1562 (iter 89500), current average result {'loss': tensor(1.3855, grad_fn=<DivBackward0>), 'jigsaw_acc': tensor(0.2502)}
2019-11-29 07:02:53,425 [MainThread  ] train batch 716 / 1562 (iter 89750), current average result {'loss': tensor(1.3855, grad_fn=<DivBackward0>), 'jigsaw_acc': tensor(0.2502)}
2019-11-29 07:04:13,904 [MainThread  ] train batch 966 / 1562 (iter 90000), current average result {'loss': tensor(1.3855, grad_fn=<DivBackward0>), 'jigsaw_acc': tensor(0.2502)}
2019-11-29 07:04:14,044 [MainThread  ] Save parameters for ./results/Selfie-pretrain-finetune/pretrain_cifar10_un_90000.ckpt
2019-11-29 07:05:33,537 [MainThread  ] train batch 1216 / 1562 (iter 90250), current average result {'loss': tensor(1.3855, grad_fn=<DivBackward0>), 'jigsaw_acc': tensor(0.2502)}
2019-11-29 07:06:52,504 [MainThread  ] train batch 1466 / 1562 (iter 90500), current average result {'loss': tensor(1.3855, grad_fn=<DivBackward0>), 'jigsaw_acc': tensor(0.2502)}
2019-11-29 07:08:19,832 [MainThread  ] train batch 154 / 1562 (iter 90750), current average result {'loss': tensor(1.3854, grad_fn=<DivBackward0>), 'jigsaw_acc': tensor(0.2502)}
2019-11-29 07:09:39,422 [MainThread  ] train batch 404 / 1562 (iter 91000), current average result {'loss': tensor(1.3854, grad_fn=<DivBackward0>), 'jigsaw_acc': tensor(0.2502)}
2019-11-29 07:10:58,265 [MainThread  ] train batch 654 / 1562 (iter 91250), current average result {'loss': tensor(1.3854, grad_fn=<DivBackward0>), 'jigsaw_acc': tensor(0.2502)}
2019-11-29 07:12:17,976 [MainThread  ] train batch 904 / 1562 (iter 91500), current average result {'loss': tensor(1.3854, grad_fn=<DivBackward0>), 'jigsaw_acc': tensor(0.2502)}
2019-11-29 07:13:37,332 [MainThread  ] train batch 1154 / 1562 (iter 91750), current average result {'loss': tensor(1.3854, grad_fn=<DivBackward0>), 'jigsaw_acc': tensor(0.2502)}
2019-11-29 07:14:57,276 [MainThread  ] train batch 1404 / 1562 (iter 92000), current average result {'loss': tensor(1.3854, grad_fn=<DivBackward0>), 'jigsaw_acc': tensor(0.2502)}
2019-11-29 07:16:25,010 [MainThread  ] train batch 92 / 1562 (iter 92250), current average result {'loss': tensor(1.3854, grad_fn=<DivBackward0>), 'jigsaw_acc': tensor(0.2502)}
2019-11-29 07:17:45,101 [MainThread  ] train batch 342 / 1562 (iter 92500), current average result {'loss': tensor(1.3854, grad_fn=<DivBackward0>), 'jigsaw_acc': tensor(0.2502)}
2019-11-29 07:19:04,157 [MainThread  ] train batch 592 / 1562 (iter 92750), current average result {'loss': tensor(1.3854, grad_fn=<DivBackward0>), 'jigsaw_acc': tensor(0.2502)}
2019-11-29 07:20:23,112 [MainThread  ] train batch 842 / 1562 (iter 93000), current average result {'loss': tensor(1.3854, grad_fn=<DivBackward0>), 'jigsaw_acc': tensor(0.2502)}
2019-11-29 07:21:42,634 [MainThread  ] train batch 1092 / 1562 (iter 93250), current average result {'loss': tensor(1.3854, grad_fn=<DivBackward0>), 'jigsaw_acc': tensor(0.2501)}
2019-11-29 07:23:00,893 [MainThread  ] train batch 1342 / 1562 (iter 93500), current average result {'loss': tensor(1.3854, grad_fn=<DivBackward0>), 'jigsaw_acc': tensor(0.2502)}
2019-11-29 07:24:28,270 [MainThread  ] train batch 30 / 1562 (iter 93750), current average result {'loss': tensor(1.3854, grad_fn=<DivBackward0>), 'jigsaw_acc': tensor(0.2502)}
2019-11-29 07:25:47,594 [MainThread  ] train batch 280 / 1562 (iter 94000), current average result {'loss': tensor(1.3854, grad_fn=<DivBackward0>), 'jigsaw_acc': tensor(0.2502)}
2019-11-29 07:27:07,239 [MainThread  ] train batch 530 / 1562 (iter 94250), current average result {'loss': tensor(1.3854, grad_fn=<DivBackward0>), 'jigsaw_acc': tensor(0.2501)}
2019-11-29 07:28:25,734 [MainThread  ] train batch 780 / 1562 (iter 94500), current average result {'loss': tensor(1.3853, grad_fn=<DivBackward0>), 'jigsaw_acc': tensor(0.2501)}
2019-11-29 07:29:44,851 [MainThread  ] train batch 1030 / 1562 (iter 94750), current average result {'loss': tensor(1.3853, grad_fn=<DivBackward0>), 'jigsaw_acc': tensor(0.2501)}
2019-11-29 07:31:04,455 [MainThread  ] train batch 1280 / 1562 (iter 95000), current average result {'loss': tensor(1.3854, grad_fn=<DivBackward0>), 'jigsaw_acc': tensor(0.2501)}
2019-11-29 07:32:23,742 [MainThread  ] train batch 1530 / 1562 (iter 95250), current average result {'loss': tensor(1.3854, grad_fn=<DivBackward0>), 'jigsaw_acc': tensor(0.2501)}
2019-11-29 07:33:50,375 [MainThread  ] train batch 218 / 1562 (iter 95500), current average result {'loss': tensor(1.3854, grad_fn=<DivBackward0>), 'jigsaw_acc': tensor(0.2501)}
2019-11-29 07:35:09,750 [MainThread  ] train batch 468 / 1562 (iter 95750), current average result {'loss': tensor(1.3854, grad_fn=<DivBackward0>), 'jigsaw_acc': tensor(0.2501)}
2019-11-29 07:36:28,649 [MainThread  ] train batch 718 / 1562 (iter 96000), current average result {'loss': tensor(1.3854, grad_fn=<DivBackward0>), 'jigsaw_acc': tensor(0.2502)}
2019-11-29 07:37:47,823 [MainThread  ] train batch 968 / 1562 (iter 96250), current average result {'loss': tensor(1.3854, grad_fn=<DivBackward0>), 'jigsaw_acc': tensor(0.2502)}
2019-11-29 07:39:07,741 [MainThread  ] train batch 1218 / 1562 (iter 96500), current average result {'loss': tensor(1.3854, grad_fn=<DivBackward0>), 'jigsaw_acc': tensor(0.2502)}
2019-11-29 07:40:27,490 [MainThread  ] train batch 1468 / 1562 (iter 96750), current average result {'loss': tensor(1.3855, grad_fn=<DivBackward0>), 'jigsaw_acc': tensor(0.2501)}
2019-11-29 07:41:54,463 [MainThread  ] train batch 156 / 1562 (iter 97000), current average result {'loss': tensor(1.3855, grad_fn=<DivBackward0>), 'jigsaw_acc': tensor(0.2501)}
2019-11-29 07:43:13,534 [MainThread  ] train batch 406 / 1562 (iter 97250), current average result {'loss': tensor(1.3855, grad_fn=<DivBackward0>), 'jigsaw_acc': tensor(0.2501)}
2019-11-29 07:44:33,625 [MainThread  ] train batch 656 / 1562 (iter 97500), current average result {'loss': tensor(1.3855, grad_fn=<DivBackward0>), 'jigsaw_acc': tensor(0.2501)}
2019-11-29 07:45:53,323 [MainThread  ] train batch 906 / 1562 (iter 97750), current average result {'loss': tensor(1.3855, grad_fn=<DivBackward0>), 'jigsaw_acc': tensor(0.2501)}
2019-11-29 07:47:13,250 [MainThread  ] train batch 1156 / 1562 (iter 98000), current average result {'loss': tensor(1.3855, grad_fn=<DivBackward0>), 'jigsaw_acc': tensor(0.2501)}
2019-11-29 07:48:34,041 [MainThread  ] train batch 1406 / 1562 (iter 98250), current average result {'loss': tensor(1.3855, grad_fn=<DivBackward0>), 'jigsaw_acc': tensor(0.2501)}
2019-11-29 07:50:02,913 [MainThread  ] train batch 94 / 1562 (iter 98500), current average result {'loss': tensor(1.3856, grad_fn=<DivBackward0>), 'jigsaw_acc': tensor(0.2501)}
2019-11-29 07:51:23,228 [MainThread  ] train batch 344 / 1562 (iter 98750), current average result {'loss': tensor(1.3856, grad_fn=<DivBackward0>), 'jigsaw_acc': tensor(0.2501)}
2019-11-29 07:52:43,344 [MainThread  ] train batch 594 / 1562 (iter 99000), current average result {'loss': tensor(1.3856, grad_fn=<DivBackward0>), 'jigsaw_acc': tensor(0.2502)}
2019-11-29 07:54:02,158 [MainThread  ] train batch 844 / 1562 (iter 99250), current average result {'loss': tensor(1.3856, grad_fn=<DivBackward0>), 'jigsaw_acc': tensor(0.2502)}
2019-11-29 07:55:22,386 [MainThread  ] train batch 1094 / 1562 (iter 99500), current average result {'loss': tensor(1.3856, grad_fn=<DivBackward0>), 'jigsaw_acc': tensor(0.2502)}
2019-11-29 07:56:41,655 [MainThread  ] train batch 1344 / 1562 (iter 99750), current average result {'loss': tensor(1.3856, grad_fn=<DivBackward0>), 'jigsaw_acc': tensor(0.2502)}
2019-11-29 07:58:08,835 [MainThread  ] train batch 32 / 1562 (iter 100000), current average result {'loss': tensor(1.3856, grad_fn=<DivBackward0>), 'jigsaw_acc': tensor(0.2502)}
2019-11-29 07:58:08,973 [MainThread  ] Save parameters for ./results/Selfie-pretrain-finetune/pretrain_cifar10_un_100000.ckpt
2019-11-29 07:58:10,492 [MainThread  ] Training complete
