2019-11-25 17:30:12,967 [MainThread  ] Experiment Selfie-1
2019-11-25 17:30:12,968 [MainThread  ] Receive config Namespace(batch_size=64, cache_neg=0, clip=0.5, data_dir='./data', device='cuda', dup_pos=0, exp_dir='./results/Selfie-1', exp_name='Selfie-1', finetune_ckpt_interval=0, finetune_tasks=['cifar10_lp5'], finetune_total_iters=10000, finetune_val_interval=2000, finetune_weight_decay=0.01, finetuning_learning_rate=0.0001, load_ckpt='', model='selfie', num_aug=8, num_patches=16, num_queries=4, num_workers=16, pretrain_ckpt_interval=0, pretrain_learning_rate=0.0003, pretrain_task=['cifar10_un'], pretrain_total_iters=100000, pretrain_weight_decay=0.01, report_interval=250, results_dir='./results', transfer_paradigm='frozen', warmup_iters=1000)
2019-11-25 17:30:12,968 [MainThread  ] Start creating tasks
2019-11-25 17:30:12,968 [MainThread  ] Start loading data
2019-11-25 17:30:12,968 [MainThread  ] Loading cifar10_un data
2019-11-25 17:30:49,512 [MainThread  ] Loading cifar10_lp5 data
2019-11-25 17:30:51,701 [MainThread  ] Start creating models
2019-11-25 17:31:03,653 [MainThread  ] Setup trainer for cifar10_un
2019-11-25 17:31:03,654 [MainThread  ] Start training cifar10_un
2019-11-25 17:34:28,006 [MainThread  ] Experiment Selfie-1
2019-11-25 17:34:28,007 [MainThread  ] Receive config Namespace(batch_size=64, cache_neg=0, clip=0.5, data_dir='./data', device='cuda', dup_pos=0, exp_dir='./results/Selfie-1', exp_name='Selfie-1', finetune_ckpt_interval=0, finetune_tasks=['cifar10_lp5'], finetune_total_iters=10000, finetune_val_interval=2000, finetune_weight_decay=0.01, finetuning_learning_rate=0.0001, load_ckpt='', model='selfie', num_aug=8, num_patches=16, num_queries=4, num_workers=16, pretrain_ckpt_interval=0, pretrain_learning_rate=0.0003, pretrain_task=['cifar10_un'], pretrain_total_iters=100000, pretrain_weight_decay=0.01, report_interval=250, results_dir='./results', transfer_paradigm='frozen', warmup_iters=1000)
2019-11-25 17:34:28,007 [MainThread  ] Start creating tasks
2019-11-25 17:34:28,007 [MainThread  ] Start loading data
2019-11-25 17:34:28,007 [MainThread  ] Loading cifar10_un data
2019-11-25 17:34:36,420 [MainThread  ] Loading cifar10_lp5 data
2019-11-25 17:34:38,636 [MainThread  ] Start creating models
2019-11-25 17:34:42,079 [MainThread  ] Setup trainer for cifar10_un
2019-11-25 17:34:42,080 [MainThread  ] Start training cifar10_un
2019-11-25 17:36:49,685 [MainThread  ] Experiment Selfie-1
2019-11-25 17:36:49,685 [MainThread  ] Receive config Namespace(batch_size=64, cache_neg=0, clip=0.5, data_dir='./data', device='cuda:0', dup_pos=0, exp_dir='./results/Selfie-1', exp_name='Selfie-1', finetune_ckpt_interval=0, finetune_tasks=['cifar10_lp5'], finetune_total_iters=10000, finetune_val_interval=2000, finetune_weight_decay=0.01, finetuning_learning_rate=0.0001, load_ckpt='', model='selfie', num_aug=8, num_patches=16, num_queries=4, num_workers=16, pretrain_ckpt_interval=0, pretrain_learning_rate=0.0003, pretrain_task=['cifar10_un'], pretrain_total_iters=100000, pretrain_weight_decay=0.01, report_interval=250, results_dir='./results', transfer_paradigm='frozen', warmup_iters=1000)
2019-11-25 17:36:49,685 [MainThread  ] Start creating tasks
2019-11-25 17:36:49,685 [MainThread  ] Start loading data
2019-11-25 17:36:49,685 [MainThread  ] Loading cifar10_un data
2019-11-25 17:36:57,324 [MainThread  ] Loading cifar10_lp5 data
2019-11-25 17:36:59,542 [MainThread  ] Start creating models
2019-11-25 17:37:02,986 [MainThread  ] Setup trainer for cifar10_un
2019-11-25 17:37:02,986 [MainThread  ] Start training cifar10_un
2019-11-25 17:40:33,887 [MainThread  ] Experiment Selfie-1
2019-11-25 17:40:33,888 [MainThread  ] Receive config Namespace(batch_size=64, cache_neg=0, clip=0.5, data_dir='./data', device='cuda:0', dup_pos=0, exp_dir='./results/Selfie-1', exp_name='Selfie-1', finetune_ckpt_interval=0, finetune_tasks=['cifar10_lp5'], finetune_total_iters=10000, finetune_val_interval=2000, finetune_weight_decay=0.01, finetuning_learning_rate=0.0001, load_ckpt='', model='selfie', num_aug=8, num_patches=16, num_queries=4, num_workers=16, pretrain_ckpt_interval=0, pretrain_learning_rate=0.0003, pretrain_task=['cifar10_un'], pretrain_total_iters=100000, pretrain_weight_decay=0.01, report_interval=250, results_dir='./results', transfer_paradigm='frozen', warmup_iters=1000)
2019-11-25 17:40:33,888 [MainThread  ] Start creating tasks
2019-11-25 17:40:33,888 [MainThread  ] Start loading data
2019-11-25 17:40:33,888 [MainThread  ] Loading cifar10_un data
2019-11-25 17:40:41,124 [MainThread  ] Loading cifar10_lp5 data
2019-11-25 17:40:43,345 [MainThread  ] Start creating models
2019-11-25 17:40:46,805 [MainThread  ] Setup trainer for cifar10_un
2019-11-25 17:40:46,806 [MainThread  ] Start training cifar10_un
2019-11-25 17:43:27,425 [MainThread  ] Experiment Selfie-1
2019-11-25 17:43:27,425 [MainThread  ] Receive config Namespace(batch_size=64, cache_neg=0, clip=0.5, data_dir='./data', device='cpu', dup_pos=0, exp_dir='./results/Selfie-1', exp_name='Selfie-1', finetune_ckpt_interval=0, finetune_tasks=['cifar10_lp5'], finetune_total_iters=10000, finetune_val_interval=2000, finetune_weight_decay=0.01, finetuning_learning_rate=0.0001, load_ckpt='', model='selfie', num_aug=8, num_patches=16, num_queries=4, num_workers=16, pretrain_ckpt_interval=0, pretrain_learning_rate=0.0003, pretrain_task=['cifar10_un'], pretrain_total_iters=100000, pretrain_weight_decay=0.01, report_interval=250, results_dir='./results', transfer_paradigm='frozen', warmup_iters=1000)
2019-11-25 17:43:27,425 [MainThread  ] Start creating tasks
2019-11-25 17:43:27,425 [MainThread  ] Start loading data
2019-11-25 17:43:27,425 [MainThread  ] Loading cifar10_un data
2019-11-25 17:43:34,815 [MainThread  ] Loading cifar10_lp5 data
2019-11-25 17:43:37,087 [MainThread  ] Start creating models
2019-11-25 17:43:37,520 [MainThread  ] Setup trainer for cifar10_un
2019-11-25 17:43:37,520 [MainThread  ] Start training cifar10_un
2019-11-25 18:00:29,427 [MainThread  ] Experiment Selfie-1
2019-11-25 18:00:29,436 [MainThread  ] Receive config Namespace(batch_size=64, cache_neg=0, clip=0.5, data_dir='./data', device='cpu', dup_pos=0, exp_dir='./results/Selfie-1', exp_name='Selfie-1', finetune_ckpt_interval=0, finetune_tasks=['cifar10_lp5'], finetune_total_iters=10000, finetune_val_interval=2000, finetune_weight_decay=0.01, finetuning_learning_rate=0.0001, load_ckpt='', model='selfie', num_aug=8, num_patches=16, num_queries=4, num_workers=16, pretrain_ckpt_interval=0, pretrain_learning_rate=0.0003, pretrain_task=['cifar10_un'], pretrain_total_iters=100000, pretrain_weight_decay=0.01, report_interval=250, results_dir='./results', transfer_paradigm='frozen', warmup_iters=1000)
2019-11-25 18:00:29,436 [MainThread  ] Start creating tasks
2019-11-25 18:00:29,436 [MainThread  ] Start loading data
2019-11-25 18:00:29,437 [MainThread  ] Loading cifar10_un data
2019-11-25 18:00:35,439 [MainThread  ] Experiment Selfie-1
2019-11-25 18:00:35,439 [MainThread  ] Receive config Namespace(batch_size=64, cache_neg=0, clip=0.5, data_dir='./data', device='cuda:0', dup_pos=0, exp_dir='./results/Selfie-1', exp_name='Selfie-1', finetune_ckpt_interval=0, finetune_tasks=['cifar10_lp5'], finetune_total_iters=10000, finetune_val_interval=2000, finetune_weight_decay=0.01, finetuning_learning_rate=0.0001, load_ckpt='', model='selfie', num_aug=8, num_patches=16, num_queries=4, num_workers=16, pretrain_ckpt_interval=0, pretrain_learning_rate=0.0003, pretrain_task=['cifar10_un'], pretrain_total_iters=100000, pretrain_weight_decay=0.01, report_interval=250, results_dir='./results', transfer_paradigm='frozen', warmup_iters=1000)
2019-11-25 18:00:35,440 [MainThread  ] Start creating tasks
2019-11-25 18:00:35,440 [MainThread  ] Start loading data
2019-11-25 18:00:35,440 [MainThread  ] Loading cifar10_un data
2019-11-25 18:00:42,621 [MainThread  ] Loading cifar10_lp5 data
2019-11-25 18:00:44,813 [MainThread  ] Start creating models
2019-11-25 18:00:48,307 [MainThread  ] Setup trainer for cifar10_un
2019-11-25 18:00:48,307 [MainThread  ] Start training cifar10_un
2019-11-25 18:02:15,675 [MainThread  ] Experiment Selfie-1
2019-11-25 18:02:15,676 [MainThread  ] Receive config Namespace(batch_size=64, cache_neg=0, clip=0.5, data_dir='./data', device='cuda:0', dup_pos=0, exp_dir='./results/Selfie-1', exp_name='Selfie-1', finetune_ckpt_interval=0, finetune_tasks=['cifar10_lp5'], finetune_total_iters=10000, finetune_val_interval=2000, finetune_weight_decay=0.01, finetuning_learning_rate=0.0001, load_ckpt='', model='selfie', num_aug=8, num_patches=16, num_queries=4, num_workers=16, pretrain_ckpt_interval=0, pretrain_learning_rate=0.0003, pretrain_task=['cifar10_un'], pretrain_total_iters=100000, pretrain_weight_decay=0.01, report_interval=250, results_dir='./results', transfer_paradigm='frozen', warmup_iters=1000)
2019-11-25 18:02:15,677 [MainThread  ] Start creating tasks
2019-11-25 18:02:15,677 [MainThread  ] Start loading data
2019-11-25 18:02:15,677 [MainThread  ] Loading cifar10_un data
2019-11-25 18:02:22,951 [MainThread  ] Loading cifar10_lp5 data
2019-11-25 18:02:25,156 [MainThread  ] Start creating models
2019-11-25 18:02:28,614 [MainThread  ] Setup trainer for cifar10_un
2019-11-25 18:02:28,615 [MainThread  ] Start training cifar10_un
2019-11-25 18:03:41,412 [MainThread  ] train batch 250 / 1562 (iter 250), current average result {'jigsaw_acc': tensor(0.2539, device='cuda:0'), 'loss': tensor(14.4044, device='cuda:0', grad_fn=<DivBackward0>)}
2019-11-25 18:04:52,648 [MainThread  ] train batch 500 / 1562 (iter 500), current average result {'jigsaw_acc': tensor(0.2520, device='cuda:0'), 'loss': tensor(10.5946, device='cuda:0', grad_fn=<DivBackward0>)}
2019-11-25 18:06:03,903 [MainThread  ] train batch 750 / 1562 (iter 750), current average result {'jigsaw_acc': tensor(0.2520, device='cuda:0'), 'loss': tensor(8.1535, device='cuda:0', grad_fn=<DivBackward0>)}
2019-11-25 18:07:15,238 [MainThread  ] train batch 1000 / 1562 (iter 1000), current average result {'jigsaw_acc': tensor(0.2514, device='cuda:0'), 'loss': tensor(6.6560, device='cuda:0', grad_fn=<DivBackward0>)}
2019-11-25 18:08:26,534 [MainThread  ] train batch 1250 / 1562 (iter 1250), current average result {'jigsaw_acc': tensor(0.2513, device='cuda:0'), 'loss': tensor(5.7020, device='cuda:0', grad_fn=<DivBackward0>)}
2019-11-25 18:09:37,520 [MainThread  ] train batch 1500 / 1562 (iter 1500), current average result {'jigsaw_acc': tensor(0.2515, device='cuda:0'), 'loss': tensor(5.0701, device='cuda:0', grad_fn=<DivBackward0>)}
2019-11-25 18:10:50,054 [MainThread  ] train batch 188 / 1562 (iter 1750), current average result {'jigsaw_acc': tensor(0.2512, device='cuda:0'), 'loss': tensor(4.6058, device='cuda:0', grad_fn=<DivBackward0>)}
2019-11-25 18:12:00,913 [MainThread  ] train batch 438 / 1562 (iter 2000), current average result {'jigsaw_acc': tensor(0.2512, device='cuda:0'), 'loss': tensor(4.2463, device='cuda:0', grad_fn=<DivBackward0>)}
2019-11-25 18:13:11,987 [MainThread  ] train batch 688 / 1562 (iter 2250), current average result {'jigsaw_acc': tensor(0.2511, device='cuda:0'), 'loss': tensor(3.9697, device='cuda:0', grad_fn=<DivBackward0>)}
2019-11-25 18:17:18,006 [MainThread  ] Experiment Selfie-1
2019-11-25 18:17:18,006 [MainThread  ] Receive config Namespace(batch_size=64, cache_neg=0, clip=0.5, data_dir='./data', device='cuda:0', dup_pos=0, exp_dir='./results/Selfie-1', exp_name='Selfie-1', finetune_ckpt_interval=0, finetune_tasks=['cifar10_lp5'], finetune_total_iters=10000, finetune_val_interval=2000, finetune_weight_decay=0.01, finetuning_learning_rate=0.0001, load_ckpt='', model='Allp', num_aug=8, num_patches=16, num_queries=4, num_workers=16, pretrain_ckpt_interval=0, pretrain_learning_rate=0.0003, pretrain_task=['cifar10_un'], pretrain_total_iters=100000, pretrain_weight_decay=0.01, report_interval=250, results_dir='./results', transfer_paradigm='frozen', warmup_iters=1000)
2019-11-25 18:17:18,006 [MainThread  ] Start creating tasks
2019-11-25 18:17:18,006 [MainThread  ] Start loading data
2019-11-25 18:17:18,007 [MainThread  ] Loading cifar10_un data
2019-11-25 18:17:25,519 [MainThread  ] Loading cifar10_lp5 data
2019-11-25 18:17:27,728 [MainThread  ] Start creating models
2019-11-25 18:17:31,212 [MainThread  ] Setup trainer for cifar10_un
2019-11-25 18:17:31,213 [MainThread  ] Start training cifar10_un
2019-11-25 18:17:57,140 [MainThread  ] Experiment Selfie-1
2019-11-25 18:17:57,141 [MainThread  ] Receive config Namespace(batch_size=64, cache_neg=0, clip=0.5, data_dir='./data', device='cuda:0', dup_pos=0, exp_dir='./results/Selfie-1', exp_name='Selfie-1', finetune_ckpt_interval=0, finetune_tasks=['cifar10_lp5'], finetune_total_iters=10000, finetune_val_interval=2000, finetune_weight_decay=0.01, finetuning_learning_rate=0.0001, load_ckpt='', model='selfie', num_aug=8, num_patches=16, num_queries=4, num_workers=16, pretrain_ckpt_interval=0, pretrain_learning_rate=0.0003, pretrain_task=['cifar10_un'], pretrain_total_iters=100000, pretrain_weight_decay=0.01, report_interval=250, results_dir='./results', transfer_paradigm='frozen', warmup_iters=1000)
2019-11-25 18:17:57,142 [MainThread  ] Start creating tasks
2019-11-25 18:17:57,142 [MainThread  ] Start loading data
2019-11-25 18:17:57,142 [MainThread  ] Loading cifar10_un data
2019-11-25 18:18:05,585 [MainThread  ] Loading cifar10_lp5 data
2019-11-25 18:18:07,847 [MainThread  ] Start creating models
2019-11-25 18:18:18,859 [MainThread  ] Setup trainer for cifar10_un
2019-11-25 18:18:18,860 [MainThread  ] Start training cifar10_un
2019-11-25 18:19:31,926 [MainThread  ] train batch 250 / 1562 (iter 250), current average result {'jigsaw_acc': tensor(0.2537, device='cuda:0'), 'loss': tensor(14.8476, device='cuda:0', grad_fn=<DivBackward0>)}
2019-11-25 18:20:04,423 [MainThread  ] Experiment Selfie-1
2019-11-25 18:20:04,424 [MainThread  ] Receive config Namespace(batch_size=64, cache_neg=0, clip=0.5, data_dir='./data', device='cuda:0', dup_pos=0, exp_dir='./results/Selfie-1', exp_name='Selfie-1', finetune_ckpt_interval=0, finetune_tasks=['cifar10_lp5'], finetune_total_iters=10000, finetune_val_interval=2000, finetune_weight_decay=0.01, finetuning_learning_rate=0.0001, load_ckpt='', model='Allp', num_aug=8, num_patches=16, num_queries=4, num_workers=16, pretrain_ckpt_interval=0, pretrain_learning_rate=0.0003, pretrain_task=['cifar10_un'], pretrain_total_iters=100000, pretrain_weight_decay=0.01, report_interval=250, results_dir='./results', transfer_paradigm='frozen', warmup_iters=1000)
2019-11-25 18:20:04,424 [MainThread  ] Start creating tasks
2019-11-25 18:20:04,424 [MainThread  ] Start loading data
2019-11-25 18:20:04,425 [MainThread  ] Loading cifar10_un data
2019-11-25 18:20:11,845 [MainThread  ] Loading cifar10_lp5 data
2019-11-25 18:20:14,043 [MainThread  ] Start creating models
2019-11-25 18:20:17,463 [MainThread  ] Setup trainer for cifar10_un
2019-11-25 18:20:17,463 [MainThread  ] Start training cifar10_un
2019-11-25 18:20:43,598 [MainThread  ] train batch 500 / 1562 (iter 500), current average result {'jigsaw_acc': tensor(0.2529, device='cuda:0'), 'loss': tensor(10.7875, device='cuda:0', grad_fn=<DivBackward0>)}
2019-11-25 18:21:00,141 [MainThread  ] Experiment Selfie-1
2019-11-25 18:21:00,142 [MainThread  ] Receive config Namespace(batch_size=64, cache_neg=0, clip=0.5, data_dir='./data', device='cuda:0', dup_pos=0, exp_dir='./results/Selfie-1', exp_name='Selfie-1', finetune_ckpt_interval=0, finetune_tasks=['cifar10_lp5'], finetune_total_iters=10000, finetune_val_interval=2000, finetune_weight_decay=0.01, finetuning_learning_rate=0.0001, load_ckpt='', model='Allp', num_aug=8, num_patches=16, num_queries=4, num_workers=16, pretrain_ckpt_interval=0, pretrain_learning_rate=0.0003, pretrain_task=['cifar10_un'], pretrain_total_iters=100000, pretrain_weight_decay=0.01, report_interval=250, results_dir='./results', transfer_paradigm='frozen', warmup_iters=1000)
2019-11-25 18:21:00,142 [MainThread  ] Start creating tasks
2019-11-25 18:21:00,142 [MainThread  ] Start loading data
2019-11-25 18:21:00,142 [MainThread  ] Loading cifar10_un data
2019-11-25 18:21:07,469 [MainThread  ] Loading cifar10_lp5 data
2019-11-25 18:21:09,686 [MainThread  ] Start creating models
2019-11-25 18:21:13,142 [MainThread  ] Setup trainer for cifar10_un
2019-11-25 18:21:13,142 [MainThread  ] Start training cifar10_un
2019-11-25 18:21:39,711 [MainThread  ] Experiment Selfie-1
2019-11-25 18:21:39,712 [MainThread  ] Receive config Namespace(batch_size=64, cache_neg=0, clip=0.5, data_dir='./data', device='cuda:0', dup_pos=0, exp_dir='./results/Selfie-1', exp_name='Selfie-1', finetune_ckpt_interval=0, finetune_tasks=['cifar10_lp5'], finetune_total_iters=10000, finetune_val_interval=2000, finetune_weight_decay=0.01, finetuning_learning_rate=0.0001, load_ckpt='', model='Allp', num_aug=8, num_patches=16, num_queries=4, num_workers=16, pretrain_ckpt_interval=0, pretrain_learning_rate=0.0003, pretrain_task=['cifar10_un'], pretrain_total_iters=100000, pretrain_weight_decay=0.01, report_interval=250, results_dir='./results', transfer_paradigm='frozen', warmup_iters=1000)
2019-11-25 18:21:39,712 [MainThread  ] Start creating tasks
2019-11-25 18:21:39,712 [MainThread  ] Start loading data
2019-11-25 18:21:39,712 [MainThread  ] Loading cifar10_un data
2019-11-25 18:21:46,978 [MainThread  ] Loading cifar10_lp5 data
2019-11-25 18:21:49,180 [MainThread  ] Start creating models
2019-11-25 18:21:52,643 [MainThread  ] Setup trainer for cifar10_un
2019-11-25 18:21:52,644 [MainThread  ] Start training cifar10_un
2019-11-25 18:21:55,463 [MainThread  ] train batch 750 / 1562 (iter 750), current average result {'jigsaw_acc': tensor(0.2521, device='cuda:0'), 'loss': tensor(8.2621, device='cuda:0', grad_fn=<DivBackward0>)}
2019-11-25 18:23:07,216 [MainThread  ] train batch 1000 / 1562 (iter 1000), current average result {'jigsaw_acc': tensor(0.2518, device='cuda:0'), 'loss': tensor(6.7404, device='cuda:0', grad_fn=<DivBackward0>)}
2019-11-25 18:24:18,921 [MainThread  ] train batch 1250 / 1562 (iter 1250), current average result {'jigsaw_acc': tensor(0.2512, device='cuda:0'), 'loss': tensor(5.7906, device='cuda:0', grad_fn=<DivBackward0>)}
2019-11-25 18:24:19,577 [MainThread  ] Experiment Selfie-1
2019-11-25 18:24:19,580 [MainThread  ] Receive config Namespace(batch_size=64, cache_neg=0, clip=0.5, data_dir='./data', device='cuda:0', dup_pos=0, exp_dir='./results/Selfie-1', exp_name='Selfie-1', finetune_ckpt_interval=0, finetune_tasks=['cifar10_lp5'], finetune_total_iters=10000, finetune_val_interval=2000, finetune_weight_decay=0.01, finetuning_learning_rate=0.0001, load_ckpt='', model='Allp', num_aug=8, num_patches=16, num_queries=4, num_workers=16, pretrain_ckpt_interval=0, pretrain_learning_rate=0.0003, pretrain_task=['cifar10_un'], pretrain_total_iters=100000, pretrain_weight_decay=0.01, report_interval=250, results_dir='./results', transfer_paradigm='frozen', warmup_iters=1000)
2019-11-25 18:24:19,580 [MainThread  ] Start creating tasks
2019-11-25 18:24:19,580 [MainThread  ] Start loading data
2019-11-25 18:24:19,580 [MainThread  ] Loading cifar10_un data
2019-11-25 18:24:26,940 [MainThread  ] Loading cifar10_lp5 data
2019-11-25 18:24:29,139 [MainThread  ] Start creating models
2019-11-25 18:24:32,675 [MainThread  ] Setup trainer for cifar10_un
2019-11-25 18:24:32,675 [MainThread  ] Start training cifar10_un
2019-11-25 18:25:04,824 [MainThread  ] Experiment Selfie-1
2019-11-25 18:25:04,825 [MainThread  ] Receive config Namespace(batch_size=64, cache_neg=0, clip=0.5, data_dir='./data', device='cuda:0', dup_pos=0, exp_dir='./results/Selfie-1', exp_name='Selfie-1', finetune_ckpt_interval=0, finetune_tasks=['cifar10_lp5'], finetune_total_iters=10000, finetune_val_interval=2000, finetune_weight_decay=0.01, finetuning_learning_rate=0.0001, load_ckpt='', model='Allp', num_aug=8, num_patches=16, num_queries=4, num_workers=16, pretrain_ckpt_interval=0, pretrain_learning_rate=0.0003, pretrain_task=['cifar10_un'], pretrain_total_iters=100000, pretrain_weight_decay=0.01, report_interval=250, results_dir='./results', transfer_paradigm='frozen', warmup_iters=1000)
2019-11-25 18:25:04,825 [MainThread  ] Start creating tasks
2019-11-25 18:25:04,825 [MainThread  ] Start loading data
2019-11-25 18:25:04,825 [MainThread  ] Loading cifar10_un data
2019-11-25 18:25:12,177 [MainThread  ] Loading cifar10_lp5 data
2019-11-25 18:25:14,423 [MainThread  ] Start creating models
2019-11-25 18:25:17,873 [MainThread  ] Setup trainer for cifar10_un
2019-11-25 18:25:17,874 [MainThread  ] Start training cifar10_un
2019-11-25 18:25:30,268 [MainThread  ] train batch 1500 / 1562 (iter 1500), current average result {'jigsaw_acc': tensor(0.2507, device='cuda:0'), 'loss': tensor(5.1390, device='cuda:0', grad_fn=<DivBackward0>)}
2019-11-25 18:25:58,498 [MainThread  ] Experiment Selfie-1
2019-11-25 18:25:58,499 [MainThread  ] Receive config Namespace(batch_size=64, cache_neg=0, clip=0.5, data_dir='./data', device='cuda:0', dup_pos=0, exp_dir='./results/Selfie-1', exp_name='Selfie-1', finetune_ckpt_interval=0, finetune_tasks=['cifar10_lp5'], finetune_total_iters=10000, finetune_val_interval=2000, finetune_weight_decay=0.01, finetuning_learning_rate=0.0001, load_ckpt='', model='Allp', num_aug=8, num_patches=16, num_queries=4, num_workers=16, pretrain_ckpt_interval=0, pretrain_learning_rate=0.0003, pretrain_task=['cifar10_un'], pretrain_total_iters=100000, pretrain_weight_decay=0.01, report_interval=250, results_dir='./results', transfer_paradigm='frozen', warmup_iters=1000)
2019-11-25 18:25:58,499 [MainThread  ] Start creating tasks
2019-11-25 18:25:58,499 [MainThread  ] Start loading data
2019-11-25 18:25:58,499 [MainThread  ] Loading cifar10_un data
2019-11-25 18:26:05,759 [MainThread  ] Loading cifar10_lp5 data
2019-11-25 18:26:07,973 [MainThread  ] Start creating models
2019-11-25 18:26:11,433 [MainThread  ] Setup trainer for cifar10_un
2019-11-25 18:26:11,434 [MainThread  ] Start training cifar10_un
2019-11-25 18:26:43,163 [MainThread  ] train batch 188 / 1562 (iter 1750), current average result {'jigsaw_acc': tensor(0.2504, device='cuda:0'), 'loss': tensor(4.6732, device='cuda:0', grad_fn=<DivBackward0>)}
2019-11-25 18:26:52,614 [MainThread  ] Experiment Selfie-1
2019-11-25 18:26:52,615 [MainThread  ] Receive config Namespace(batch_size=64, cache_neg=0, clip=0.5, data_dir='./data', device='cuda:0', dup_pos=0, exp_dir='./results/Selfie-1', exp_name='Selfie-1', finetune_ckpt_interval=0, finetune_tasks=['cifar10_lp5'], finetune_total_iters=10000, finetune_val_interval=2000, finetune_weight_decay=0.01, finetuning_learning_rate=0.0001, load_ckpt='', model='Allp', num_aug=8, num_patches=16, num_queries=4, num_workers=16, pretrain_ckpt_interval=0, pretrain_learning_rate=0.0003, pretrain_task=['cifar10_un'], pretrain_total_iters=100000, pretrain_weight_decay=0.01, report_interval=250, results_dir='./results', transfer_paradigm='frozen', warmup_iters=1000)
2019-11-25 18:26:52,615 [MainThread  ] Start creating tasks
2019-11-25 18:26:52,616 [MainThread  ] Start loading data
2019-11-25 18:26:52,616 [MainThread  ] Loading cifar10_un data
2019-11-25 18:26:59,860 [MainThread  ] Loading cifar10_lp5 data
2019-11-25 18:27:02,066 [MainThread  ] Start creating models
2019-11-25 18:27:05,545 [MainThread  ] Setup trainer for cifar10_un
2019-11-25 18:27:05,545 [MainThread  ] Start training cifar10_un
2019-11-25 18:27:54,478 [MainThread  ] train batch 438 / 1562 (iter 2000), current average result {'jigsaw_acc': tensor(0.2502, device='cuda:0'), 'loss': tensor(4.3185, device='cuda:0', grad_fn=<DivBackward0>)}
2019-11-25 18:28:54,422 [MainThread  ] Experiment Selfie-1
2019-11-25 18:28:54,423 [MainThread  ] Receive config Namespace(batch_size=64, cache_neg=0, clip=0.5, data_dir='./data', device='cuda:0', dup_pos=0, exp_dir='./results/Selfie-1', exp_name='Selfie-1', finetune_ckpt_interval=0, finetune_tasks=['cifar10_lp5'], finetune_total_iters=10000, finetune_val_interval=2000, finetune_weight_decay=0.01, finetuning_learning_rate=0.0001, load_ckpt='', model='Allp', num_aug=8, num_patches=16, num_queries=4, num_workers=16, pretrain_ckpt_interval=0, pretrain_learning_rate=0.0003, pretrain_task=['cifar10_un'], pretrain_total_iters=100000, pretrain_weight_decay=0.01, report_interval=250, results_dir='./results', transfer_paradigm='frozen', warmup_iters=1000)
2019-11-25 18:28:54,423 [MainThread  ] Start creating tasks
2019-11-25 18:28:54,423 [MainThread  ] Start loading data
2019-11-25 18:28:54,423 [MainThread  ] Loading cifar10_un data
2019-11-25 18:29:01,729 [MainThread  ] Loading cifar10_lp5 data
2019-11-25 18:29:03,975 [MainThread  ] Start creating models
2019-11-25 18:29:05,727 [MainThread  ] train batch 688 / 1562 (iter 2250), current average result {'jigsaw_acc': tensor(0.2501, device='cuda:0'), 'loss': tensor(4.0387, device='cuda:0', grad_fn=<DivBackward0>)}
2019-11-25 18:29:07,447 [MainThread  ] Setup trainer for cifar10_un
2019-11-25 18:29:07,448 [MainThread  ] Start training cifar10_un
2019-11-25 18:30:16,920 [MainThread  ] train batch 938 / 1562 (iter 2500), current average result {'jigsaw_acc': tensor(0.2502, device='cuda:0'), 'loss': tensor(3.8022, device='cuda:0', grad_fn=<DivBackward0>)}
2019-11-25 18:31:12,983 [MainThread  ] Experiment Selfie-1
2019-11-25 18:31:12,983 [MainThread  ] Receive config Namespace(batch_size=64, cache_neg=0, clip=0.5, data_dir='./data', device='cuda:0', dup_pos=0, exp_dir='./results/Selfie-1', exp_name='Selfie-1', finetune_ckpt_interval=0, finetune_tasks=['cifar10_lp5'], finetune_total_iters=10000, finetune_val_interval=2000, finetune_weight_decay=0.01, finetuning_learning_rate=0.0001, load_ckpt='', model='Allp', num_aug=8, num_patches=16, num_queries=4, num_workers=16, pretrain_ckpt_interval=0, pretrain_learning_rate=0.0003, pretrain_task=['cifar10_un'], pretrain_total_iters=100000, pretrain_weight_decay=0.01, report_interval=250, results_dir='./results', transfer_paradigm='frozen', warmup_iters=1000)
2019-11-25 18:31:12,984 [MainThread  ] Start creating tasks
2019-11-25 18:31:12,984 [MainThread  ] Start loading data
2019-11-25 18:31:12,984 [MainThread  ] Loading cifar10_un data
2019-11-25 18:31:20,219 [MainThread  ] Loading cifar10_lp5 data
2019-11-25 18:31:22,427 [MainThread  ] Start creating models
2019-11-25 18:31:25,870 [MainThread  ] Setup trainer for cifar10_un
2019-11-25 18:31:25,871 [MainThread  ] Start training cifar10_un
2019-11-25 18:31:27,975 [MainThread  ] train batch 1188 / 1562 (iter 2750), current average result {'jigsaw_acc': tensor(0.2502, device='cuda:0'), 'loss': tensor(3.6027, device='cuda:0', grad_fn=<DivBackward0>)}
2019-11-25 18:32:39,237 [MainThread  ] train batch 1438 / 1562 (iter 3000), current average result {'jigsaw_acc': tensor(0.2502, device='cuda:0'), 'loss': tensor(3.4382, device='cuda:0', grad_fn=<DivBackward0>)}
2019-11-25 18:33:25,372 [MainThread  ] Experiment Selfie-1
2019-11-25 18:33:25,373 [MainThread  ] Receive config Namespace(batch_size=64, cache_neg=0, clip=0.5, data_dir='./data', device='cuda:0', dup_pos=0, exp_dir='./results/Selfie-1', exp_name='Selfie-1', finetune_ckpt_interval=0, finetune_tasks=['cifar10_lp5'], finetune_total_iters=10000, finetune_val_interval=2000, finetune_weight_decay=0.01, finetuning_learning_rate=0.0001, load_ckpt='', model='Allp', num_aug=8, num_patches=16, num_queries=4, num_workers=16, pretrain_ckpt_interval=0, pretrain_learning_rate=0.0003, pretrain_task=['cifar10_un'], pretrain_total_iters=100000, pretrain_weight_decay=0.01, report_interval=250, results_dir='./results', transfer_paradigm='frozen', warmup_iters=1000)
2019-11-25 18:33:25,373 [MainThread  ] Start creating tasks
2019-11-25 18:33:25,373 [MainThread  ] Start loading data
2019-11-25 18:33:25,374 [MainThread  ] Loading cifar10_un data
2019-11-25 18:33:32,691 [MainThread  ] Loading cifar10_lp5 data
2019-11-25 18:33:34,896 [MainThread  ] Start creating models
2019-11-25 18:33:38,360 [MainThread  ] Setup trainer for cifar10_un
2019-11-25 18:33:38,360 [MainThread  ] Start training cifar10_un
2019-11-25 18:33:52,005 [MainThread  ] train batch 126 / 1562 (iter 3250), current average result {'jigsaw_acc': tensor(0.2501, device='cuda:0'), 'loss': tensor(3.3011, device='cuda:0', grad_fn=<DivBackward0>)}
2019-11-25 18:34:27,578 [MainThread  ] Experiment Selfie-1
2019-11-25 18:34:27,579 [MainThread  ] Receive config Namespace(batch_size=64, cache_neg=0, clip=0.5, data_dir='./data', device='cuda:0', dup_pos=0, exp_dir='./results/Selfie-1', exp_name='Selfie-1', finetune_ckpt_interval=0, finetune_tasks=['cifar10_lp5'], finetune_total_iters=10000, finetune_val_interval=2000, finetune_weight_decay=0.01, finetuning_learning_rate=0.0001, load_ckpt='', model='Allp', num_aug=8, num_patches=16, num_queries=4, num_workers=16, pretrain_ckpt_interval=0, pretrain_learning_rate=0.0003, pretrain_task=['cifar10_un'], pretrain_total_iters=100000, pretrain_weight_decay=0.01, report_interval=250, results_dir='./results', transfer_paradigm='frozen', warmup_iters=1000)
2019-11-25 18:34:27,579 [MainThread  ] Start creating tasks
2019-11-25 18:34:27,579 [MainThread  ] Start loading data
2019-11-25 18:34:27,579 [MainThread  ] Loading cifar10_un data
2019-11-25 18:34:34,874 [MainThread  ] Loading cifar10_lp5 data
2019-11-25 18:34:37,087 [MainThread  ] Start creating models
2019-11-25 18:34:40,553 [MainThread  ] Setup trainer for cifar10_un
2019-11-25 18:34:40,553 [MainThread  ] Start training cifar10_un
2019-11-25 18:35:03,598 [MainThread  ] train batch 376 / 1562 (iter 3500), current average result {'jigsaw_acc': tensor(0.2502, device='cuda:0'), 'loss': tensor(3.1827, device='cuda:0', grad_fn=<DivBackward0>)}
2019-11-25 18:36:14,886 [MainThread  ] train batch 626 / 1562 (iter 3750), current average result {'jigsaw_acc': tensor(0.2501, device='cuda:0'), 'loss': tensor(3.0736, device='cuda:0', grad_fn=<DivBackward0>)}
2019-11-25 18:37:26,302 [MainThread  ] train batch 876 / 1562 (iter 4000), current average result {'jigsaw_acc': tensor(0.2500, device='cuda:0'), 'loss': tensor(2.9809, device='cuda:0', grad_fn=<DivBackward0>)}
2019-11-25 18:38:37,820 [MainThread  ] train batch 1126 / 1562 (iter 4250), current average result {'jigsaw_acc': tensor(0.2500, device='cuda:0'), 'loss': tensor(2.9024, device='cuda:0', grad_fn=<DivBackward0>)}
2019-11-25 18:39:49,160 [MainThread  ] train batch 1376 / 1562 (iter 4500), current average result {'jigsaw_acc': tensor(0.2500, device='cuda:0'), 'loss': tensor(2.8268, device='cuda:0', grad_fn=<DivBackward0>)}
2019-11-25 18:41:02,397 [MainThread  ] train batch 64 / 1562 (iter 4750), current average result {'jigsaw_acc': tensor(0.2501, device='cuda:0'), 'loss': tensor(2.7566, device='cuda:0', grad_fn=<DivBackward0>)}
2019-11-25 18:42:13,675 [MainThread  ] train batch 314 / 1562 (iter 5000), current average result {'jigsaw_acc': tensor(0.2501, device='cuda:0'), 'loss': tensor(2.6937, device='cuda:0', grad_fn=<DivBackward0>)}
2019-11-25 18:43:10,269 [MainThread  ] Experiment Selfie-1
2019-11-25 18:43:10,270 [MainThread  ] Receive config Namespace(batch_size=64, cache_neg=0, clip=0.5, data_dir='./data', device='cuda:0', dup_pos=0, exp_dir='./results/Selfie-1', exp_name='Selfie-1', finetune_ckpt_interval=0, finetune_tasks=['cifar10_lp5'], finetune_total_iters=10000, finetune_val_interval=2000, finetune_weight_decay=0.01, finetuning_learning_rate=0.0001, load_ckpt='', model='Allp', num_aug=8, num_patches=16, num_queries=4, num_workers=16, pretrain_ckpt_interval=0, pretrain_learning_rate=0.0003, pretrain_task=['cifar10_un'], pretrain_total_iters=100000, pretrain_weight_decay=0.01, report_interval=250, results_dir='./results', transfer_paradigm='frozen', warmup_iters=1000)
2019-11-25 18:43:10,270 [MainThread  ] Start creating tasks
2019-11-25 18:43:10,270 [MainThread  ] Start loading data
2019-11-25 18:43:10,270 [MainThread  ] Loading cifar10_un data
2019-11-25 18:43:17,510 [MainThread  ] Loading cifar10_lp5 data
2019-11-25 18:43:19,717 [MainThread  ] Start creating models
2019-11-25 18:43:23,186 [MainThread  ] Setup trainer for cifar10_un
2019-11-25 18:43:23,186 [MainThread  ] Start training cifar10_un
2019-11-25 18:43:25,165 [MainThread  ] train batch 564 / 1562 (iter 5250), current average result {'jigsaw_acc': tensor(0.2501, device='cuda:0'), 'loss': tensor(2.6387, device='cuda:0', grad_fn=<DivBackward0>)}
2019-11-25 18:44:36,649 [MainThread  ] train batch 814 / 1562 (iter 5500), current average result {'jigsaw_acc': tensor(0.2502, device='cuda:0'), 'loss': tensor(2.5893, device='cuda:0', grad_fn=<DivBackward0>)}
2019-11-25 18:45:15,492 [MainThread  ] Experiment Selfie-1
2019-11-25 18:45:15,493 [MainThread  ] Receive config Namespace(batch_size=64, cache_neg=0, clip=0.5, data_dir='./data', device='cuda:0', dup_pos=0, exp_dir='./results/Selfie-1', exp_name='Selfie-1', finetune_ckpt_interval=0, finetune_tasks=['cifar10_lp5'], finetune_total_iters=10000, finetune_val_interval=2000, finetune_weight_decay=0.01, finetuning_learning_rate=0.0001, load_ckpt='', model='Allp', num_aug=8, num_patches=16, num_queries=4, num_workers=16, pretrain_ckpt_interval=0, pretrain_learning_rate=0.0003, pretrain_task=['cifar10_un'], pretrain_total_iters=100000, pretrain_weight_decay=0.01, report_interval=250, results_dir='./results', transfer_paradigm='frozen', warmup_iters=1000)
2019-11-25 18:45:15,494 [MainThread  ] Start creating tasks
2019-11-25 18:45:15,494 [MainThread  ] Start loading data
2019-11-25 18:45:15,494 [MainThread  ] Loading cifar10_un data
2019-11-25 18:45:22,926 [MainThread  ] Loading cifar10_lp5 data
2019-11-25 18:45:25,132 [MainThread  ] Start creating models
2019-11-25 18:45:28,590 [MainThread  ] Setup trainer for cifar10_un
2019-11-25 18:45:28,591 [MainThread  ] Start training cifar10_un
2019-11-25 18:45:48,206 [MainThread  ] train batch 1064 / 1562 (iter 5750), current average result {'jigsaw_acc': tensor(0.2502, device='cuda:0'), 'loss': tensor(2.5420, device='cuda:0', grad_fn=<DivBackward0>)}
2019-11-25 18:46:36,283 [MainThread  ] Experiment Selfie-1
2019-11-25 18:46:36,283 [MainThread  ] Receive config Namespace(batch_size=64, cache_neg=0, clip=0.5, data_dir='./data', device='cuda:0', dup_pos=0, exp_dir='./results/Selfie-1', exp_name='Selfie-1', finetune_ckpt_interval=0, finetune_tasks=['cifar10_lp5'], finetune_total_iters=10000, finetune_val_interval=2000, finetune_weight_decay=0.01, finetuning_learning_rate=0.0001, load_ckpt='', model='Allp', num_aug=8, num_patches=16, num_queries=4, num_workers=16, pretrain_ckpt_interval=0, pretrain_learning_rate=0.0003, pretrain_task=['cifar10_un'], pretrain_total_iters=100000, pretrain_weight_decay=0.01, report_interval=250, results_dir='./results', transfer_paradigm='frozen', warmup_iters=1000)
2019-11-25 18:46:36,283 [MainThread  ] Start creating tasks
2019-11-25 18:46:36,284 [MainThread  ] Start loading data
2019-11-25 18:46:36,284 [MainThread  ] Loading cifar10_un data
2019-11-25 18:46:43,800 [MainThread  ] Loading cifar10_lp5 data
2019-11-25 18:46:46,012 [MainThread  ] Start creating models
2019-11-25 18:46:49,487 [MainThread  ] Setup trainer for cifar10_un
2019-11-25 18:46:49,487 [MainThread  ] Start training cifar10_un
2019-11-25 18:46:59,791 [MainThread  ] train batch 1314 / 1562 (iter 6000), current average result {'jigsaw_acc': tensor(0.2502, device='cuda:0'), 'loss': tensor(2.5002, device='cuda:0', grad_fn=<DivBackward0>)}
2019-11-25 18:47:22,785 [MainThread  ] Experiment Selfie-1
2019-11-25 18:47:22,786 [MainThread  ] Receive config Namespace(batch_size=64, cache_neg=0, clip=0.5, data_dir='./data', device='cuda:0', dup_pos=0, exp_dir='./results/Selfie-1', exp_name='Selfie-1', finetune_ckpt_interval=0, finetune_tasks=['cifar10_lp5'], finetune_total_iters=10000, finetune_val_interval=2000, finetune_weight_decay=0.01, finetuning_learning_rate=0.0001, load_ckpt='', model='Allp', num_aug=8, num_patches=16, num_queries=4, num_workers=16, pretrain_ckpt_interval=0, pretrain_learning_rate=0.0003, pretrain_task=['cifar10_un'], pretrain_total_iters=100000, pretrain_weight_decay=0.01, report_interval=250, results_dir='./results', transfer_paradigm='frozen', warmup_iters=1000)
2019-11-25 18:47:22,786 [MainThread  ] Start creating tasks
2019-11-25 18:47:22,786 [MainThread  ] Start loading data
2019-11-25 18:47:22,786 [MainThread  ] Loading cifar10_un data
2019-11-25 18:47:30,091 [MainThread  ] Loading cifar10_lp5 data
2019-11-25 18:47:32,310 [MainThread  ] Start creating models
2019-11-25 18:47:35,771 [MainThread  ] Setup trainer for cifar10_un
2019-11-25 18:47:35,771 [MainThread  ] Start training cifar10_un
2019-11-25 18:48:13,198 [MainThread  ] train batch 2 / 1562 (iter 6250), current average result {'jigsaw_acc': tensor(0.2502, device='cuda:0'), 'loss': tensor(2.4602, device='cuda:0', grad_fn=<DivBackward0>)}
2019-11-25 18:49:24,715 [MainThread  ] train batch 252 / 1562 (iter 6500), current average result {'jigsaw_acc': tensor(0.2502, device='cuda:0'), 'loss': tensor(2.4225, device='cuda:0', grad_fn=<DivBackward0>)}
2019-11-25 18:49:29,569 [MainThread  ] Experiment Selfie-1
2019-11-25 18:49:29,570 [MainThread  ] Receive config Namespace(batch_size=64, cache_neg=0, clip=0.5, data_dir='./data', device='cuda:0', dup_pos=0, exp_dir='./results/Selfie-1', exp_name='Selfie-1', finetune_ckpt_interval=0, finetune_tasks=['cifar10_lp5'], finetune_total_iters=10000, finetune_val_interval=2000, finetune_weight_decay=0.01, finetuning_learning_rate=0.0001, load_ckpt='', model='Allp', num_aug=8, num_patches=16, num_queries=4, num_workers=16, pretrain_ckpt_interval=0, pretrain_learning_rate=0.0003, pretrain_task=['cifar10_un'], pretrain_total_iters=100000, pretrain_weight_decay=0.01, report_interval=250, results_dir='./results', transfer_paradigm='frozen', warmup_iters=1000)
2019-11-25 18:49:29,570 [MainThread  ] Start creating tasks
2019-11-25 18:49:29,570 [MainThread  ] Start loading data
2019-11-25 18:49:29,570 [MainThread  ] Loading cifar10_un data
2019-11-25 18:49:36,936 [MainThread  ] Loading cifar10_lp5 data
2019-11-25 18:49:39,146 [MainThread  ] Start creating models
2019-11-25 18:49:42,634 [MainThread  ] Setup trainer for cifar10_un
2019-11-25 18:49:42,634 [MainThread  ] Start training cifar10_un
2019-11-25 18:50:06,995 [MainThread  ] Experiment Selfie-1
2019-11-25 18:50:06,995 [MainThread  ] Receive config Namespace(batch_size=64, cache_neg=0, clip=0.5, data_dir='./data', device='cuda:0', dup_pos=0, exp_dir='./results/Selfie-1', exp_name='Selfie-1', finetune_ckpt_interval=0, finetune_tasks=['cifar10_lp5'], finetune_total_iters=10000, finetune_val_interval=2000, finetune_weight_decay=0.01, finetuning_learning_rate=0.0001, load_ckpt='', model='Allp', num_aug=8, num_patches=16, num_queries=4, num_workers=16, pretrain_ckpt_interval=0, pretrain_learning_rate=0.0003, pretrain_task=['cifar10_un'], pretrain_total_iters=100000, pretrain_weight_decay=0.01, report_interval=250, results_dir='./results', transfer_paradigm='frozen', warmup_iters=1000)
2019-11-25 18:50:06,995 [MainThread  ] Start creating tasks
2019-11-25 18:50:06,996 [MainThread  ] Start loading data
2019-11-25 18:50:06,996 [MainThread  ] Loading cifar10_un data
2019-11-25 18:50:25,693 [MainThread  ] Experiment Selfie-1
2019-11-25 18:50:25,693 [MainThread  ] Receive config Namespace(batch_size=64, cache_neg=0, clip=0.5, data_dir='./data', device='cuda:0', dup_pos=0, exp_dir='./results/Selfie-1', exp_name='Selfie-1', finetune_ckpt_interval=0, finetune_tasks=['cifar10_lp5'], finetune_total_iters=10000, finetune_val_interval=2000, finetune_weight_decay=0.01, finetuning_learning_rate=0.0001, load_ckpt='', model='Allp', num_aug=8, num_patches=16, num_queries=4, num_workers=16, pretrain_ckpt_interval=0, pretrain_learning_rate=0.0003, pretrain_task=['cifar10_un'], pretrain_total_iters=100000, pretrain_weight_decay=0.01, report_interval=250, results_dir='./results', transfer_paradigm='frozen', warmup_iters=1000)
2019-11-25 18:50:25,693 [MainThread  ] Start creating tasks
2019-11-25 18:50:25,693 [MainThread  ] Start loading data
2019-11-25 18:50:25,694 [MainThread  ] Loading cifar10_un data
2019-11-25 18:50:32,933 [MainThread  ] Loading cifar10_lp5 data
2019-11-25 18:50:35,137 [MainThread  ] Start creating models
2019-11-25 18:50:36,204 [MainThread  ] train batch 502 / 1562 (iter 6750), current average result {'jigsaw_acc': tensor(0.2502, device='cuda:0'), 'loss': tensor(2.3881, device='cuda:0', grad_fn=<DivBackward0>)}
2019-11-25 18:50:38,586 [MainThread  ] Setup trainer for cifar10_un
2019-11-25 18:50:38,587 [MainThread  ] Start training cifar10_un
2019-11-25 18:51:47,787 [MainThread  ] train batch 752 / 1562 (iter 7000), current average result {'jigsaw_acc': tensor(0.2501, device='cuda:0'), 'loss': tensor(2.3563, device='cuda:0', grad_fn=<DivBackward0>)}
2019-11-25 18:52:59,254 [MainThread  ] train batch 1002 / 1562 (iter 7250), current average result {'jigsaw_acc': tensor(0.2501, device='cuda:0'), 'loss': tensor(2.3254, device='cuda:0', grad_fn=<DivBackward0>)}
2019-11-25 18:54:10,953 [MainThread  ] train batch 1252 / 1562 (iter 7500), current average result {'jigsaw_acc': tensor(0.2502, device='cuda:0'), 'loss': tensor(2.2983, device='cuda:0', grad_fn=<DivBackward0>)}
2019-11-25 18:54:37,819 [MainThread  ] Experiment Selfie-1
2019-11-25 18:54:37,820 [MainThread  ] Receive config Namespace(batch_size=64, cache_neg=0, clip=0.5, data_dir='./data', device='cuda:0', dup_pos=0, exp_dir='./results/Selfie-1', exp_name='Selfie-1', finetune_ckpt_interval=0, finetune_tasks=['cifar10_lp5'], finetune_total_iters=10000, finetune_val_interval=2000, finetune_weight_decay=0.01, finetuning_learning_rate=0.0001, load_ckpt='', model='Allp', num_aug=8, num_patches=16, num_queries=4, num_workers=16, pretrain_ckpt_interval=0, pretrain_learning_rate=0.0003, pretrain_task=['cifar10_un'], pretrain_total_iters=100000, pretrain_weight_decay=0.01, report_interval=250, results_dir='./results', transfer_paradigm='frozen', warmup_iters=1000)
2019-11-25 18:54:37,820 [MainThread  ] Start creating tasks
2019-11-25 18:54:37,820 [MainThread  ] Start loading data
2019-11-25 18:54:37,820 [MainThread  ] Loading cifar10_un data
2019-11-25 18:54:45,158 [MainThread  ] Loading cifar10_lp5 data
2019-11-25 18:54:47,429 [MainThread  ] Start creating models
2019-11-25 18:54:50,903 [MainThread  ] Setup trainer for cifar10_un
2019-11-25 18:54:50,904 [MainThread  ] Start training cifar10_un
2019-11-25 18:55:22,652 [MainThread  ] train batch 1502 / 1562 (iter 7750), current average result {'jigsaw_acc': tensor(0.2503, device='cuda:0'), 'loss': tensor(2.2718, device='cuda:0', grad_fn=<DivBackward0>)}
2019-11-25 18:56:36,448 [MainThread  ] train batch 190 / 1562 (iter 8000), current average result {'jigsaw_acc': tensor(0.2502, device='cuda:0'), 'loss': tensor(2.2466, device='cuda:0', grad_fn=<DivBackward0>)}
2019-11-25 18:57:48,087 [MainThread  ] train batch 440 / 1562 (iter 8250), current average result {'jigsaw_acc': tensor(0.2502, device='cuda:0'), 'loss': tensor(2.2231, device='cuda:0', grad_fn=<DivBackward0>)}
2019-11-25 18:58:59,842 [MainThread  ] train batch 690 / 1562 (iter 8500), current average result {'jigsaw_acc': tensor(0.2502, device='cuda:0'), 'loss': tensor(2.2010, device='cuda:0', grad_fn=<DivBackward0>)}
2019-11-25 19:00:11,636 [MainThread  ] train batch 940 / 1562 (iter 8750), current average result {'jigsaw_acc': tensor(0.2501, device='cuda:0'), 'loss': tensor(2.1806, device='cuda:0', grad_fn=<DivBackward0>)}
2019-11-25 19:01:23,202 [MainThread  ] train batch 1190 / 1562 (iter 9000), current average result {'jigsaw_acc': tensor(0.2500, device='cuda:0'), 'loss': tensor(2.1606, device='cuda:0', grad_fn=<DivBackward0>)}
2019-11-25 19:02:34,777 [MainThread  ] train batch 1440 / 1562 (iter 9250), current average result {'jigsaw_acc': tensor(0.2500, device='cuda:0'), 'loss': tensor(2.1416, device='cuda:0', grad_fn=<DivBackward0>)}
2019-11-25 19:03:48,752 [MainThread  ] train batch 128 / 1562 (iter 9500), current average result {'jigsaw_acc': tensor(0.2500, device='cuda:0'), 'loss': tensor(2.1233, device='cuda:0', grad_fn=<DivBackward0>)}
2019-11-25 19:05:01,001 [MainThread  ] train batch 378 / 1562 (iter 9750), current average result {'jigsaw_acc': tensor(0.2499, device='cuda:0'), 'loss': tensor(2.1091, device='cuda:0', grad_fn=<DivBackward0>)}
2019-11-25 19:05:41,713 [MainThread  ] Experiment Selfie-1
2019-11-25 19:05:41,714 [MainThread  ] Receive config Namespace(batch_size=64, cache_neg=0, clip=0.5, data_dir='./data', device='cuda:0', dup_pos=0, exp_dir='./results/Selfie-1', exp_name='Selfie-1', finetune_ckpt_interval=0, finetune_tasks=['cifar10_lp5'], finetune_total_iters=10000, finetune_val_interval=2000, finetune_weight_decay=0.01, finetuning_learning_rate=0.0001, load_ckpt='', model='Allp', num_aug=8, num_patches=16, num_queries=4, num_workers=16, pretrain_ckpt_interval=0, pretrain_learning_rate=0.0003, pretrain_task=['cifar10_un'], pretrain_total_iters=100000, pretrain_weight_decay=0.01, report_interval=250, results_dir='./results', transfer_paradigm='frozen', warmup_iters=1000)
2019-11-25 19:05:41,715 [MainThread  ] Start creating tasks
2019-11-25 19:05:41,715 [MainThread  ] Start loading data
2019-11-25 19:05:41,715 [MainThread  ] Loading cifar10_un data
2019-11-25 19:05:48,982 [MainThread  ] Loading cifar10_lp5 data
2019-11-25 19:05:51,185 [MainThread  ] Start creating models
2019-11-25 19:05:54,643 [MainThread  ] Setup trainer for cifar10_un
2019-11-25 19:05:54,644 [MainThread  ] Start training cifar10_un
2019-11-25 19:06:13,274 [MainThread  ] train batch 628 / 1562 (iter 10000), current average result {'jigsaw_acc': tensor(0.2500, device='cuda:0'), 'loss': tensor(2.0948, device='cuda:0', grad_fn=<DivBackward0>)}
2019-11-25 19:07:25,329 [MainThread  ] train batch 878 / 1562 (iter 10250), current average result {'jigsaw_acc': tensor(0.2500, device='cuda:0'), 'loss': tensor(2.0801, device='cuda:0', grad_fn=<DivBackward0>)}
2019-11-25 19:08:37,282 [MainThread  ] train batch 1128 / 1562 (iter 10500), current average result {'jigsaw_acc': tensor(0.2501, device='cuda:0'), 'loss': tensor(2.0654, device='cuda:0', grad_fn=<DivBackward0>)}
2019-11-25 19:09:49,420 [MainThread  ] train batch 1378 / 1562 (iter 10750), current average result {'jigsaw_acc': tensor(0.2501, device='cuda:0'), 'loss': tensor(2.0515, device='cuda:0', grad_fn=<DivBackward0>)}
2019-11-25 19:11:03,848 [MainThread  ] train batch 66 / 1562 (iter 11000), current average result {'jigsaw_acc': tensor(0.2501, device='cuda:0'), 'loss': tensor(2.0382, device='cuda:0', grad_fn=<DivBackward0>)}
2019-11-25 19:12:15,703 [MainThread  ] train batch 316 / 1562 (iter 11250), current average result {'jigsaw_acc': tensor(0.2500, device='cuda:0'), 'loss': tensor(2.0250, device='cuda:0', grad_fn=<DivBackward0>)}
2019-11-25 19:12:53,950 [MainThread  ] train batch 250 / 1562 (iter 250), current average result {'jigsaw_acc': tensor(0.0139, device='cuda:0'), 'loss': tensor(27.2472, device='cuda:0', grad_fn=<DivBackward0>)}
2019-11-25 19:13:27,554 [MainThread  ] train batch 566 / 1562 (iter 11500), current average result {'jigsaw_acc': tensor(0.2500, device='cuda:0'), 'loss': tensor(2.0125, device='cuda:0', grad_fn=<DivBackward0>)}
2019-11-25 19:14:39,296 [MainThread  ] train batch 816 / 1562 (iter 11750), current average result {'jigsaw_acc': tensor(0.2500, device='cuda:0'), 'loss': tensor(2.0004, device='cuda:0', grad_fn=<DivBackward0>)}
2019-11-25 19:15:50,965 [MainThread  ] train batch 1066 / 1562 (iter 12000), current average result {'jigsaw_acc': tensor(0.2500, device='cuda:0'), 'loss': tensor(1.9888, device='cuda:0', grad_fn=<DivBackward0>)}
2019-11-25 19:17:02,954 [MainThread  ] train batch 1316 / 1562 (iter 12250), current average result {'jigsaw_acc': tensor(0.2499, device='cuda:0'), 'loss': tensor(1.9777, device='cuda:0', grad_fn=<DivBackward0>)}
2019-11-25 19:18:17,400 [MainThread  ] train batch 4 / 1562 (iter 12500), current average result {'jigsaw_acc': tensor(0.2499, device='cuda:0'), 'loss': tensor(1.9668, device='cuda:0', grad_fn=<DivBackward0>)}
2019-11-25 19:19:29,298 [MainThread  ] train batch 254 / 1562 (iter 12750), current average result {'jigsaw_acc': tensor(0.2499, device='cuda:0'), 'loss': tensor(1.9563, device='cuda:0', grad_fn=<DivBackward0>)}
2019-11-25 19:20:41,255 [MainThread  ] train batch 504 / 1562 (iter 13000), current average result {'jigsaw_acc': tensor(0.2499, device='cuda:0'), 'loss': tensor(1.9466, device='cuda:0', grad_fn=<DivBackward0>)}
2019-11-25 19:21:53,213 [MainThread  ] train batch 754 / 1562 (iter 13250), current average result {'jigsaw_acc': tensor(0.2500, device='cuda:0'), 'loss': tensor(1.9371, device='cuda:0', grad_fn=<DivBackward0>)}
2019-11-25 19:23:05,566 [MainThread  ] train batch 1004 / 1562 (iter 13500), current average result {'jigsaw_acc': tensor(0.2500, device='cuda:0'), 'loss': tensor(1.9291, device='cuda:0', grad_fn=<DivBackward0>)}
2019-11-25 19:24:17,879 [MainThread  ] train batch 1254 / 1562 (iter 13750), current average result {'jigsaw_acc': tensor(0.2500, device='cuda:0'), 'loss': tensor(1.9204, device='cuda:0', grad_fn=<DivBackward0>)}
2019-11-25 19:25:30,065 [MainThread  ] train batch 1504 / 1562 (iter 14000), current average result {'jigsaw_acc': tensor(0.2500, device='cuda:0'), 'loss': tensor(1.9122, device='cuda:0', grad_fn=<DivBackward0>)}
2019-11-25 19:26:44,595 [MainThread  ] train batch 192 / 1562 (iter 14250), current average result {'jigsaw_acc': tensor(0.2499, device='cuda:0'), 'loss': tensor(1.9038, device='cuda:0', grad_fn=<DivBackward0>)}
2019-11-25 19:27:56,671 [MainThread  ] train batch 442 / 1562 (iter 14500), current average result {'jigsaw_acc': tensor(0.2500, device='cuda:0'), 'loss': tensor(1.8959, device='cuda:0', grad_fn=<DivBackward0>)}
2019-11-25 19:29:08,611 [MainThread  ] train batch 692 / 1562 (iter 14750), current average result {'jigsaw_acc': tensor(0.2500, device='cuda:0'), 'loss': tensor(1.8883, device='cuda:0', grad_fn=<DivBackward0>)}
2019-11-25 19:30:20,611 [MainThread  ] train batch 942 / 1562 (iter 15000), current average result {'jigsaw_acc': tensor(0.2500, device='cuda:0'), 'loss': tensor(1.8807, device='cuda:0', grad_fn=<DivBackward0>)}
2019-11-25 19:31:32,621 [MainThread  ] train batch 1192 / 1562 (iter 15250), current average result {'jigsaw_acc': tensor(0.2500, device='cuda:0'), 'loss': tensor(1.8733, device='cuda:0', grad_fn=<DivBackward0>)}
2019-11-25 19:32:44,963 [MainThread  ] train batch 1442 / 1562 (iter 15500), current average result {'jigsaw_acc': tensor(0.2500, device='cuda:0'), 'loss': tensor(1.8666, device='cuda:0', grad_fn=<DivBackward0>)}
2019-11-25 19:34:00,032 [MainThread  ] train batch 130 / 1562 (iter 15750), current average result {'jigsaw_acc': tensor(0.2500, device='cuda:0'), 'loss': tensor(1.8595, device='cuda:0', grad_fn=<DivBackward0>)}
2019-11-25 19:35:12,257 [MainThread  ] train batch 380 / 1562 (iter 16000), current average result {'jigsaw_acc': tensor(0.2500, device='cuda:0'), 'loss': tensor(1.8530, device='cuda:0', grad_fn=<DivBackward0>)}
2019-11-25 19:36:24,407 [MainThread  ] train batch 630 / 1562 (iter 16250), current average result {'jigsaw_acc': tensor(0.2500, device='cuda:0'), 'loss': tensor(1.8465, device='cuda:0', grad_fn=<DivBackward0>)}
2019-11-25 19:37:36,537 [MainThread  ] train batch 880 / 1562 (iter 16500), current average result {'jigsaw_acc': tensor(0.2500, device='cuda:0'), 'loss': tensor(1.8403, device='cuda:0', grad_fn=<DivBackward0>)}
2019-11-25 19:38:48,574 [MainThread  ] train batch 1130 / 1562 (iter 16750), current average result {'jigsaw_acc': tensor(0.2501, device='cuda:0'), 'loss': tensor(1.8342, device='cuda:0', grad_fn=<DivBackward0>)}
2019-11-25 19:40:00,724 [MainThread  ] train batch 1380 / 1562 (iter 17000), current average result {'jigsaw_acc': tensor(0.2502, device='cuda:0'), 'loss': tensor(1.8285, device='cuda:0', grad_fn=<DivBackward0>)}
2019-11-25 19:41:15,820 [MainThread  ] train batch 68 / 1562 (iter 17250), current average result {'jigsaw_acc': tensor(0.2502, device='cuda:0'), 'loss': tensor(1.8226, device='cuda:0', grad_fn=<DivBackward0>)}
2019-11-25 19:42:28,063 [MainThread  ] train batch 318 / 1562 (iter 17500), current average result {'jigsaw_acc': tensor(0.2503, device='cuda:0'), 'loss': tensor(1.8168, device='cuda:0', grad_fn=<DivBackward0>)}
2019-11-25 19:43:40,425 [MainThread  ] train batch 568 / 1562 (iter 17750), current average result {'jigsaw_acc': tensor(0.2503, device='cuda:0'), 'loss': tensor(1.8114, device='cuda:0', grad_fn=<DivBackward0>)}
2019-11-25 19:44:52,680 [MainThread  ] train batch 818 / 1562 (iter 18000), current average result {'jigsaw_acc': tensor(0.2503, device='cuda:0'), 'loss': tensor(1.8059, device='cuda:0', grad_fn=<DivBackward0>)}
2019-11-25 19:46:05,034 [MainThread  ] train batch 1068 / 1562 (iter 18250), current average result {'jigsaw_acc': tensor(0.2503, device='cuda:0'), 'loss': tensor(1.8010, device='cuda:0', grad_fn=<DivBackward0>)}
2019-11-25 19:47:17,289 [MainThread  ] train batch 1318 / 1562 (iter 18500), current average result {'jigsaw_acc': tensor(0.2503, device='cuda:0'), 'loss': tensor(1.7960, device='cuda:0', grad_fn=<DivBackward0>)}
2019-11-25 19:48:32,625 [MainThread  ] train batch 6 / 1562 (iter 18750), current average result {'jigsaw_acc': tensor(0.2503, device='cuda:0'), 'loss': tensor(1.7911, device='cuda:0', grad_fn=<DivBackward0>)}
2019-11-25 19:49:45,140 [MainThread  ] train batch 256 / 1562 (iter 19000), current average result {'jigsaw_acc': tensor(0.2503, device='cuda:0'), 'loss': tensor(1.7864, device='cuda:0', grad_fn=<DivBackward0>)}
2019-11-25 19:50:57,335 [MainThread  ] train batch 506 / 1562 (iter 19250), current average result {'jigsaw_acc': tensor(0.2503, device='cuda:0'), 'loss': tensor(1.7816, device='cuda:0', grad_fn=<DivBackward0>)}
2019-11-25 19:52:09,554 [MainThread  ] train batch 756 / 1562 (iter 19500), current average result {'jigsaw_acc': tensor(0.2503, device='cuda:0'), 'loss': tensor(1.7770, device='cuda:0', grad_fn=<DivBackward0>)}
2019-11-25 19:53:21,822 [MainThread  ] train batch 1006 / 1562 (iter 19750), current average result {'jigsaw_acc': tensor(0.2503, device='cuda:0'), 'loss': tensor(1.7725, device='cuda:0', grad_fn=<DivBackward0>)}
2019-11-25 19:54:34,158 [MainThread  ] train batch 1256 / 1562 (iter 20000), current average result {'jigsaw_acc': tensor(0.2503, device='cuda:0'), 'loss': tensor(1.7681, device='cuda:0', grad_fn=<DivBackward0>)}
2019-11-25 19:55:46,303 [MainThread  ] train batch 1506 / 1562 (iter 20250), current average result {'jigsaw_acc': tensor(0.2504, device='cuda:0'), 'loss': tensor(1.7638, device='cuda:0', grad_fn=<DivBackward0>)}
2019-11-25 19:57:01,775 [MainThread  ] train batch 194 / 1562 (iter 20500), current average result {'jigsaw_acc': tensor(0.2504, device='cuda:0'), 'loss': tensor(1.7596, device='cuda:0', grad_fn=<DivBackward0>)}
2019-11-25 19:58:14,226 [MainThread  ] train batch 444 / 1562 (iter 20750), current average result {'jigsaw_acc': tensor(0.2504, device='cuda:0'), 'loss': tensor(1.7556, device='cuda:0', grad_fn=<DivBackward0>)}
2019-11-25 19:59:26,473 [MainThread  ] train batch 694 / 1562 (iter 21000), current average result {'jigsaw_acc': tensor(0.2504, device='cuda:0'), 'loss': tensor(1.7515, device='cuda:0', grad_fn=<DivBackward0>)}
2019-11-25 20:00:38,707 [MainThread  ] train batch 944 / 1562 (iter 21250), current average result {'jigsaw_acc': tensor(0.2504, device='cuda:0'), 'loss': tensor(1.7475, device='cuda:0', grad_fn=<DivBackward0>)}
2019-11-25 20:01:50,883 [MainThread  ] train batch 1194 / 1562 (iter 21500), current average result {'jigsaw_acc': tensor(0.2504, device='cuda:0'), 'loss': tensor(1.7437, device='cuda:0', grad_fn=<DivBackward0>)}
2019-11-25 20:03:03,186 [MainThread  ] train batch 1444 / 1562 (iter 21750), current average result {'jigsaw_acc': tensor(0.2504, device='cuda:0'), 'loss': tensor(1.7401, device='cuda:0', grad_fn=<DivBackward0>)}
2019-11-25 20:04:18,456 [MainThread  ] train batch 132 / 1562 (iter 22000), current average result {'jigsaw_acc': tensor(0.2503, device='cuda:0'), 'loss': tensor(1.7364, device='cuda:0', grad_fn=<DivBackward0>)}
2019-11-25 20:05:30,667 [MainThread  ] train batch 382 / 1562 (iter 22250), current average result {'jigsaw_acc': tensor(0.2503, device='cuda:0'), 'loss': tensor(1.7328, device='cuda:0', grad_fn=<DivBackward0>)}
2019-11-25 20:06:42,862 [MainThread  ] train batch 632 / 1562 (iter 22500), current average result {'jigsaw_acc': tensor(0.2503, device='cuda:0'), 'loss': tensor(1.7292, device='cuda:0', grad_fn=<DivBackward0>)}
2019-11-25 20:07:55,060 [MainThread  ] train batch 882 / 1562 (iter 22750), current average result {'jigsaw_acc': tensor(0.2502, device='cuda:0'), 'loss': tensor(1.7257, device='cuda:0', grad_fn=<DivBackward0>)}
2019-11-25 20:09:07,414 [MainThread  ] train batch 1132 / 1562 (iter 23000), current average result {'jigsaw_acc': tensor(0.2501, device='cuda:0'), 'loss': tensor(1.7223, device='cuda:0', grad_fn=<DivBackward0>)}
2019-11-25 20:10:19,793 [MainThread  ] train batch 1382 / 1562 (iter 23250), current average result {'jigsaw_acc': tensor(0.2501, device='cuda:0'), 'loss': tensor(1.7189, device='cuda:0', grad_fn=<DivBackward0>)}
2019-11-25 20:11:35,585 [MainThread  ] train batch 70 / 1562 (iter 23500), current average result {'jigsaw_acc': tensor(0.2501, device='cuda:0'), 'loss': tensor(1.7157, device='cuda:0', grad_fn=<DivBackward0>)}
2019-11-25 20:12:47,715 [MainThread  ] train batch 320 / 1562 (iter 23750), current average result {'jigsaw_acc': tensor(0.2501, device='cuda:0'), 'loss': tensor(1.7124, device='cuda:0', grad_fn=<DivBackward0>)}
2019-11-25 20:14:00,088 [MainThread  ] train batch 570 / 1562 (iter 24000), current average result {'jigsaw_acc': tensor(0.2501, device='cuda:0'), 'loss': tensor(1.7093, device='cuda:0', grad_fn=<DivBackward0>)}
2019-11-25 20:15:12,373 [MainThread  ] train batch 820 / 1562 (iter 24250), current average result {'jigsaw_acc': tensor(0.2501, device='cuda:0'), 'loss': tensor(1.7062, device='cuda:0', grad_fn=<DivBackward0>)}
2019-11-25 20:16:24,583 [MainThread  ] train batch 1070 / 1562 (iter 24500), current average result {'jigsaw_acc': tensor(0.2501, device='cuda:0'), 'loss': tensor(1.7031, device='cuda:0', grad_fn=<DivBackward0>)}
2019-11-25 20:17:36,745 [MainThread  ] train batch 1320 / 1562 (iter 24750), current average result {'jigsaw_acc': tensor(0.2501, device='cuda:0'), 'loss': tensor(1.7001, device='cuda:0', grad_fn=<DivBackward0>)}
2019-11-25 20:18:52,629 [MainThread  ] train batch 8 / 1562 (iter 25000), current average result {'jigsaw_acc': tensor(0.2502, device='cuda:0'), 'loss': tensor(1.6972, device='cuda:0', grad_fn=<DivBackward0>)}
2019-11-25 20:20:04,942 [MainThread  ] train batch 258 / 1562 (iter 25250), current average result {'jigsaw_acc': tensor(0.2502, device='cuda:0'), 'loss': tensor(1.6943, device='cuda:0', grad_fn=<DivBackward0>)}
2019-11-25 20:21:17,257 [MainThread  ] train batch 508 / 1562 (iter 25500), current average result {'jigsaw_acc': tensor(0.2502, device='cuda:0'), 'loss': tensor(1.6915, device='cuda:0', grad_fn=<DivBackward0>)}
2019-11-25 20:22:29,430 [MainThread  ] train batch 758 / 1562 (iter 25750), current average result {'jigsaw_acc': tensor(0.2502, device='cuda:0'), 'loss': tensor(1.6887, device='cuda:0', grad_fn=<DivBackward0>)}
2019-11-25 20:23:41,729 [MainThread  ] train batch 1008 / 1562 (iter 26000), current average result {'jigsaw_acc': tensor(0.2502, device='cuda:0'), 'loss': tensor(1.6861, device='cuda:0', grad_fn=<DivBackward0>)}
2019-11-25 20:24:54,199 [MainThread  ] train batch 1258 / 1562 (iter 26250), current average result {'jigsaw_acc': tensor(0.2502, device='cuda:0'), 'loss': tensor(1.6838, device='cuda:0', grad_fn=<DivBackward0>)}
2019-11-25 20:26:06,750 [MainThread  ] train batch 1508 / 1562 (iter 26500), current average result {'jigsaw_acc': tensor(0.2502, device='cuda:0'), 'loss': tensor(1.6813, device='cuda:0', grad_fn=<DivBackward0>)}
2019-11-25 20:27:22,744 [MainThread  ] train batch 196 / 1562 (iter 26750), current average result {'jigsaw_acc': tensor(0.2502, device='cuda:0'), 'loss': tensor(1.6787, device='cuda:0', grad_fn=<DivBackward0>)}
2019-11-25 20:28:35,199 [MainThread  ] train batch 446 / 1562 (iter 27000), current average result {'jigsaw_acc': tensor(0.2502, device='cuda:0'), 'loss': tensor(1.6763, device='cuda:0', grad_fn=<DivBackward0>)}
2019-11-25 20:29:47,690 [MainThread  ] train batch 696 / 1562 (iter 27250), current average result {'jigsaw_acc': tensor(0.2502, device='cuda:0'), 'loss': tensor(1.6739, device='cuda:0', grad_fn=<DivBackward0>)}
2019-11-25 20:31:00,152 [MainThread  ] train batch 946 / 1562 (iter 27500), current average result {'jigsaw_acc': tensor(0.2502, device='cuda:0'), 'loss': tensor(1.6715, device='cuda:0', grad_fn=<DivBackward0>)}
2019-11-25 20:32:12,561 [MainThread  ] train batch 1196 / 1562 (iter 27750), current average result {'jigsaw_acc': tensor(0.2502, device='cuda:0'), 'loss': tensor(1.6691, device='cuda:0', grad_fn=<DivBackward0>)}
2019-11-25 20:33:25,079 [MainThread  ] train batch 1446 / 1562 (iter 28000), current average result {'jigsaw_acc': tensor(0.2502, device='cuda:0'), 'loss': tensor(1.6667, device='cuda:0', grad_fn=<DivBackward0>)}
2019-11-25 20:34:41,241 [MainThread  ] train batch 134 / 1562 (iter 28250), current average result {'jigsaw_acc': tensor(0.2502, device='cuda:0'), 'loss': tensor(1.6645, device='cuda:0', grad_fn=<DivBackward0>)}
2019-11-25 20:35:53,681 [MainThread  ] train batch 384 / 1562 (iter 28500), current average result {'jigsaw_acc': tensor(0.2502, device='cuda:0'), 'loss': tensor(1.6621, device='cuda:0', grad_fn=<DivBackward0>)}
2019-11-25 20:37:06,018 [MainThread  ] train batch 634 / 1562 (iter 28750), current average result {'jigsaw_acc': tensor(0.2502, device='cuda:0'), 'loss': tensor(1.6599, device='cuda:0', grad_fn=<DivBackward0>)}
2019-11-25 20:38:18,618 [MainThread  ] train batch 884 / 1562 (iter 29000), current average result {'jigsaw_acc': tensor(0.2502, device='cuda:0'), 'loss': tensor(1.6577, device='cuda:0', grad_fn=<DivBackward0>)}
2019-11-25 20:39:31,218 [MainThread  ] train batch 1134 / 1562 (iter 29250), current average result {'jigsaw_acc': tensor(0.2502, device='cuda:0'), 'loss': tensor(1.6556, device='cuda:0', grad_fn=<DivBackward0>)}
2019-11-25 20:40:43,756 [MainThread  ] train batch 1384 / 1562 (iter 29500), current average result {'jigsaw_acc': tensor(0.2502, device='cuda:0'), 'loss': tensor(1.6534, device='cuda:0', grad_fn=<DivBackward0>)}
2019-11-25 20:41:59,984 [MainThread  ] train batch 72 / 1562 (iter 29750), current average result {'jigsaw_acc': tensor(0.2501, device='cuda:0'), 'loss': tensor(1.6513, device='cuda:0', grad_fn=<DivBackward0>)}
2019-11-25 20:43:12,567 [MainThread  ] train batch 322 / 1562 (iter 30000), current average result {'jigsaw_acc': tensor(0.2501, device='cuda:0'), 'loss': tensor(1.6492, device='cuda:0', grad_fn=<DivBackward0>)}
2019-11-25 20:44:25,094 [MainThread  ] train batch 572 / 1562 (iter 30250), current average result {'jigsaw_acc': tensor(0.2502, device='cuda:0'), 'loss': tensor(1.6471, device='cuda:0', grad_fn=<DivBackward0>)}
2019-11-25 20:45:37,671 [MainThread  ] train batch 822 / 1562 (iter 30500), current average result {'jigsaw_acc': tensor(0.2502, device='cuda:0'), 'loss': tensor(1.6451, device='cuda:0', grad_fn=<DivBackward0>)}
2019-11-25 20:46:50,482 [MainThread  ] train batch 1072 / 1562 (iter 30750), current average result {'jigsaw_acc': tensor(0.2502, device='cuda:0'), 'loss': tensor(1.6431, device='cuda:0', grad_fn=<DivBackward0>)}
2019-11-25 20:48:03,054 [MainThread  ] train batch 1322 / 1562 (iter 31000), current average result {'jigsaw_acc': tensor(0.2502, device='cuda:0'), 'loss': tensor(1.6412, device='cuda:0', grad_fn=<DivBackward0>)}
2019-11-25 20:49:19,480 [MainThread  ] train batch 10 / 1562 (iter 31250), current average result {'jigsaw_acc': tensor(0.2502, device='cuda:0'), 'loss': tensor(1.6393, device='cuda:0', grad_fn=<DivBackward0>)}
2019-11-25 20:50:32,170 [MainThread  ] train batch 260 / 1562 (iter 31500), current average result {'jigsaw_acc': tensor(0.2501, device='cuda:0'), 'loss': tensor(1.6374, device='cuda:0', grad_fn=<DivBackward0>)}
2019-11-25 20:51:44,965 [MainThread  ] train batch 510 / 1562 (iter 31750), current average result {'jigsaw_acc': tensor(0.2501, device='cuda:0'), 'loss': tensor(1.6356, device='cuda:0', grad_fn=<DivBackward0>)}
2019-11-25 20:52:57,546 [MainThread  ] train batch 760 / 1562 (iter 32000), current average result {'jigsaw_acc': tensor(0.2501, device='cuda:0'), 'loss': tensor(1.6338, device='cuda:0', grad_fn=<DivBackward0>)}
2019-11-25 20:54:10,028 [MainThread  ] train batch 1010 / 1562 (iter 32250), current average result {'jigsaw_acc': tensor(0.2501, device='cuda:0'), 'loss': tensor(1.6320, device='cuda:0', grad_fn=<DivBackward0>)}
2019-11-25 20:55:22,465 [MainThread  ] train batch 1260 / 1562 (iter 32500), current average result {'jigsaw_acc': tensor(0.2501, device='cuda:0'), 'loss': tensor(1.6302, device='cuda:0', grad_fn=<DivBackward0>)}
2019-11-25 20:56:34,793 [MainThread  ] train batch 1510 / 1562 (iter 32750), current average result {'jigsaw_acc': tensor(0.2501, device='cuda:0'), 'loss': tensor(1.6284, device='cuda:0', grad_fn=<DivBackward0>)}
2019-11-25 20:57:51,191 [MainThread  ] train batch 198 / 1562 (iter 33000), current average result {'jigsaw_acc': tensor(0.2502, device='cuda:0'), 'loss': tensor(1.6267, device='cuda:0', grad_fn=<DivBackward0>)}
2019-11-25 20:59:03,593 [MainThread  ] train batch 448 / 1562 (iter 33250), current average result {'jigsaw_acc': tensor(0.2502, device='cuda:0'), 'loss': tensor(1.6250, device='cuda:0', grad_fn=<DivBackward0>)}
2019-11-25 21:00:15,898 [MainThread  ] train batch 698 / 1562 (iter 33500), current average result {'jigsaw_acc': tensor(0.2502, device='cuda:0'), 'loss': tensor(1.6234, device='cuda:0', grad_fn=<DivBackward0>)}
2019-11-25 21:01:28,480 [MainThread  ] train batch 948 / 1562 (iter 33750), current average result {'jigsaw_acc': tensor(0.2502, device='cuda:0'), 'loss': tensor(1.6217, device='cuda:0', grad_fn=<DivBackward0>)}
2019-11-25 21:02:41,256 [MainThread  ] train batch 1198 / 1562 (iter 34000), current average result {'jigsaw_acc': tensor(0.2503, device='cuda:0'), 'loss': tensor(1.6200, device='cuda:0', grad_fn=<DivBackward0>)}
2019-11-25 21:03:53,973 [MainThread  ] train batch 1448 / 1562 (iter 34250), current average result {'jigsaw_acc': tensor(0.2503, device='cuda:0'), 'loss': tensor(1.6184, device='cuda:0', grad_fn=<DivBackward0>)}
2019-11-25 21:05:10,902 [MainThread  ] train batch 136 / 1562 (iter 34500), current average result {'jigsaw_acc': tensor(0.2503, device='cuda:0'), 'loss': tensor(1.6168, device='cuda:0', grad_fn=<DivBackward0>)}
2019-11-25 21:06:23,365 [MainThread  ] train batch 386 / 1562 (iter 34750), current average result {'jigsaw_acc': tensor(0.2504, device='cuda:0'), 'loss': tensor(1.6153, device='cuda:0', grad_fn=<DivBackward0>)}
2019-11-25 21:07:35,637 [MainThread  ] train batch 636 / 1562 (iter 35000), current average result {'jigsaw_acc': tensor(0.2504, device='cuda:0'), 'loss': tensor(1.6137, device='cuda:0', grad_fn=<DivBackward0>)}
2019-11-25 21:08:48,079 [MainThread  ] train batch 886 / 1562 (iter 35250), current average result {'jigsaw_acc': tensor(0.2505, device='cuda:0'), 'loss': tensor(1.6122, device='cuda:0', grad_fn=<DivBackward0>)}
2019-11-25 21:10:00,558 [MainThread  ] train batch 1136 / 1562 (iter 35500), current average result {'jigsaw_acc': tensor(0.2505, device='cuda:0'), 'loss': tensor(1.6107, device='cuda:0', grad_fn=<DivBackward0>)}
2019-11-25 21:11:13,083 [MainThread  ] train batch 1386 / 1562 (iter 35750), current average result {'jigsaw_acc': tensor(0.2506, device='cuda:0'), 'loss': tensor(1.6092, device='cuda:0', grad_fn=<DivBackward0>)}
2019-11-25 21:12:30,234 [MainThread  ] train batch 74 / 1562 (iter 36000), current average result {'jigsaw_acc': tensor(0.2506, device='cuda:0'), 'loss': tensor(1.6078, device='cuda:0', grad_fn=<DivBackward0>)}
2019-11-25 21:13:42,719 [MainThread  ] train batch 324 / 1562 (iter 36250), current average result {'jigsaw_acc': tensor(0.2506, device='cuda:0'), 'loss': tensor(1.6063, device='cuda:0', grad_fn=<DivBackward0>)}
2019-11-25 21:14:55,480 [MainThread  ] train batch 574 / 1562 (iter 36500), current average result {'jigsaw_acc': tensor(0.2506, device='cuda:0'), 'loss': tensor(1.6049, device='cuda:0', grad_fn=<DivBackward0>)}
2019-11-25 21:16:08,094 [MainThread  ] train batch 824 / 1562 (iter 36750), current average result {'jigsaw_acc': tensor(0.2506, device='cuda:0'), 'loss': tensor(1.6035, device='cuda:0', grad_fn=<DivBackward0>)}
2019-11-25 21:17:21,101 [MainThread  ] train batch 1074 / 1562 (iter 37000), current average result {'jigsaw_acc': tensor(0.2506, device='cuda:0'), 'loss': tensor(1.6022, device='cuda:0', grad_fn=<DivBackward0>)}
2019-11-25 21:57:35,055 [MainThread  ] Experiment Selfie-1
2019-11-25 21:57:35,108 [MainThread  ] Receive config Namespace(batch_size=64, cache_neg=0, clip=0.5, data_dir='./data', device='cuda:0', dup_pos=0, exp_dir='./results/Selfie-1', exp_name='Selfie-1', finetune_ckpt_interval=0, finetune_tasks=['cifar10_lp5'], finetune_total_iters=10000, finetune_val_interval=2000, finetune_weight_decay=0.01, finetuning_learning_rate=0.0001, load_ckpt='', model='selfie', num_aug=8, num_patches=16, num_queries=4, num_workers=16, pretrain_ckpt_interval=0, pretrain_learning_rate=0.0003, pretrain_task=['cifar10_un'], pretrain_total_iters=100000, pretrain_weight_decay=0.01, report_interval=250, results_dir='./results', transfer_paradigm='frozen', warmup_iters=1000)
2019-11-25 21:57:35,108 [MainThread  ] Start creating tasks
2019-11-25 21:57:35,108 [MainThread  ] Start loading data
2019-11-25 21:57:35,108 [MainThread  ] Loading cifar10_un data
2019-11-25 21:57:43,626 [MainThread  ] Loading cifar10_lp5 data
2019-11-25 21:57:45,847 [MainThread  ] Start creating models
2019-11-25 21:57:57,909 [MainThread  ] Setup trainer for cifar10_un
2019-11-25 21:57:57,910 [MainThread  ] Start training cifar10_un
2019-11-25 21:59:14,708 [MainThread  ] train batch 250 / 1562 (iter 250), current average result {'jigsaw_acc': tensor(0.2675, device='cuda:0'), 'loss': tensor(1.3863, device='cuda:0', grad_fn=<DivBackward0>)}
2019-11-25 22:00:26,436 [MainThread  ] train batch 500 / 1562 (iter 500), current average result {'jigsaw_acc': tensor(0.2863, device='cuda:0'), 'loss': tensor(1.3861, device='cuda:0', grad_fn=<DivBackward0>)}
2019-11-25 22:03:25,833 [MainThread  ] Experiment Selfie-1
2019-11-25 22:03:25,834 [MainThread  ] Receive config Namespace(batch_size=64, cache_neg=0, clip=0.5, data_dir='./data', device='cuda:0', dup_pos=0, exp_dir='./results/Selfie-1', exp_name='Selfie-1', finetune_ckpt_interval=0, finetune_tasks=['cifar10_lp5'], finetune_total_iters=10000, finetune_val_interval=2000, finetune_weight_decay=0.01, finetuning_learning_rate=0.0001, load_ckpt='', model='selfie', num_aug=8, num_patches=16, num_queries=4, num_workers=16, pretrain_ckpt_interval=0, pretrain_learning_rate=0.0003, pretrain_task=['cifar10_un'], pretrain_total_iters=100000, pretrain_weight_decay=0.01, report_interval=250, results_dir='./results', transfer_paradigm='frozen', warmup_iters=1000)
2019-11-25 22:03:25,834 [MainThread  ] Start creating tasks
2019-11-25 22:03:25,834 [MainThread  ] Start loading data
2019-11-25 22:03:25,834 [MainThread  ] Loading cifar10_un data
2019-11-25 22:03:33,104 [MainThread  ] Loading cifar10_lp5 data
2019-11-25 22:03:35,403 [MainThread  ] Start creating models
2019-11-25 22:03:38,900 [MainThread  ] Setup trainer for cifar10_un
2019-11-25 22:03:38,901 [MainThread  ] Start training cifar10_un
2019-11-25 22:04:54,635 [MainThread  ] train batch 250 / 1562 (iter 250), current average result {'jigsaw_acc': tensor(0.2692, device='cuda:0'), 'loss': tensor(1.3863, device='cuda:0', grad_fn=<DivBackward0>)}
2019-11-25 22:06:05,434 [MainThread  ] train batch 500 / 1562 (iter 500), current average result {'jigsaw_acc': tensor(0.2863, device='cuda:0'), 'loss': tensor(1.3861, device='cuda:0', grad_fn=<DivBackward0>)}
2019-11-25 22:07:16,204 [MainThread  ] train batch 750 / 1562 (iter 750), current average result {'jigsaw_acc': tensor(0.2938, device='cuda:0'), 'loss': tensor(1.3860, device='cuda:0', grad_fn=<DivBackward0>)}
2019-11-25 22:08:26,952 [MainThread  ] train batch 1000 / 1562 (iter 1000), current average result {'jigsaw_acc': tensor(0.2976, device='cuda:0'), 'loss': tensor(1.3858, device='cuda:0', grad_fn=<DivBackward0>)}
2019-11-25 22:09:37,687 [MainThread  ] train batch 1250 / 1562 (iter 1250), current average result {'jigsaw_acc': tensor(0.2992, device='cuda:0'), 'loss': tensor(1.3857, device='cuda:0', grad_fn=<DivBackward0>)}
2019-11-25 22:10:48,498 [MainThread  ] train batch 1500 / 1562 (iter 1500), current average result {'jigsaw_acc': tensor(0.3002, device='cuda:0'), 'loss': tensor(1.3856, device='cuda:0', grad_fn=<DivBackward0>)}
2019-11-25 22:12:04,027 [MainThread  ] train batch 188 / 1562 (iter 1750), current average result {'jigsaw_acc': tensor(0.3014, device='cuda:0'), 'loss': tensor(1.3855, device='cuda:0', grad_fn=<DivBackward0>)}
2019-11-25 22:13:14,713 [MainThread  ] train batch 438 / 1562 (iter 2000), current average result {'jigsaw_acc': tensor(0.3025, device='cuda:0'), 'loss': tensor(1.3854, device='cuda:0', grad_fn=<DivBackward0>)}
2019-11-25 22:14:25,475 [MainThread  ] train batch 688 / 1562 (iter 2250), current average result {'jigsaw_acc': tensor(0.3036, device='cuda:0'), 'loss': tensor(1.3852, device='cuda:0', grad_fn=<DivBackward0>)}
2019-11-25 22:15:36,367 [MainThread  ] train batch 938 / 1562 (iter 2500), current average result {'jigsaw_acc': tensor(0.3046, device='cuda:0'), 'loss': tensor(1.3851, device='cuda:0', grad_fn=<DivBackward0>)}
2019-11-25 22:16:47,263 [MainThread  ] train batch 1188 / 1562 (iter 2750), current average result {'jigsaw_acc': tensor(0.3055, device='cuda:0'), 'loss': tensor(1.3850, device='cuda:0', grad_fn=<DivBackward0>)}
2019-11-25 22:17:58,166 [MainThread  ] train batch 1438 / 1562 (iter 3000), current average result {'jigsaw_acc': tensor(0.3064, device='cuda:0'), 'loss': tensor(1.3848, device='cuda:0', grad_fn=<DivBackward0>)}
2019-11-25 22:19:14,550 [MainThread  ] train batch 126 / 1562 (iter 3250), current average result {'jigsaw_acc': tensor(0.3072, device='cuda:0'), 'loss': tensor(1.3847, device='cuda:0', grad_fn=<DivBackward0>)}
2019-11-25 22:20:25,505 [MainThread  ] train batch 376 / 1562 (iter 3500), current average result {'jigsaw_acc': tensor(0.3077, device='cuda:0'), 'loss': tensor(1.3845, device='cuda:0', grad_fn=<DivBackward0>)}
2019-11-25 22:21:36,554 [MainThread  ] train batch 626 / 1562 (iter 3750), current average result {'jigsaw_acc': tensor(0.3082, device='cuda:0'), 'loss': tensor(1.3844, device='cuda:0', grad_fn=<DivBackward0>)}
2019-11-25 22:22:47,536 [MainThread  ] train batch 876 / 1562 (iter 4000), current average result {'jigsaw_acc': tensor(0.3088, device='cuda:0'), 'loss': tensor(1.3842, device='cuda:0', grad_fn=<DivBackward0>)}
2019-11-25 22:23:58,527 [MainThread  ] train batch 1126 / 1562 (iter 4250), current average result {'jigsaw_acc': tensor(0.3092, device='cuda:0'), 'loss': tensor(1.3840, device='cuda:0', grad_fn=<DivBackward0>)}
2019-11-25 22:25:09,480 [MainThread  ] train batch 1376 / 1562 (iter 4500), current average result {'jigsaw_acc': tensor(0.3096, device='cuda:0'), 'loss': tensor(1.3838, device='cuda:0', grad_fn=<DivBackward0>)}
2019-11-25 22:26:26,052 [MainThread  ] train batch 64 / 1562 (iter 4750), current average result {'jigsaw_acc': tensor(0.3098, device='cuda:0'), 'loss': tensor(1.3837, device='cuda:0', grad_fn=<DivBackward0>)}
2019-11-25 22:27:37,161 [MainThread  ] train batch 314 / 1562 (iter 5000), current average result {'jigsaw_acc': tensor(0.3101, device='cuda:0'), 'loss': tensor(1.3835, device='cuda:0', grad_fn=<DivBackward0>)}
2019-11-25 22:28:48,305 [MainThread  ] train batch 564 / 1562 (iter 5250), current average result {'jigsaw_acc': tensor(0.3106, device='cuda:0'), 'loss': tensor(1.3833, device='cuda:0', grad_fn=<DivBackward0>)}
